#
# There is insufficient memory for the Java Runtime Environment to continue.
# Native memory allocation (malloc) failed to allocate 138672 bytes for Chunk::new
# Possible reasons:
#   The system is out of physical RAM or swap space
#   The process is running with CompressedOops enabled, and the Java Heap may be blocking the growth of the native heap
# Possible solutions:
#   Reduce memory load on the system
#   Increase physical memory or swap space
#   Check if swap backing store is full
#   Decrease Java heap size (-Xmx/-Xms)
#   Decrease number of Java threads
#   Decrease Java thread stack sizes (-Xss)
#   Set larger code cache with -XX:ReservedCodeCacheSize=
#   JVM is running with Unscaled Compressed Oops mode in which the Java heap is
#     placed in the first 4GB address space. The Java Heap base address is the
#     maximum limit for the native heap growth. Please use -XX:HeapBaseMinAddress
#     to set the Java Heap base and to place the Java Heap above 4GB virtual address.
# This output file may be truncated or incomplete.
#
#  Out of Memory Error (arena.cpp:191), pid=23888, tid=15436
#
# JRE version: OpenJDK Runtime Environment JBR-17.0.9+7-1087.11-jcef (17.0.9+7) (build 17.0.9+7-b1087.11)
# Java VM: OpenJDK 64-Bit Server VM JBR-17.0.9+7-1087.11-jcef (17.0.9+7-b1087.11, mixed mode, tiered, compressed oops, compressed class ptrs, g1 gc, windows-amd64)
# No core dump will be written. Minidumps are not enabled by default on client versions of Windows
#

---------------  S U M M A R Y ------------

Command Line: -Djava.rmi.server.hostname=127.0.0.1 -Duser.timezone=UTC -Xmx2048m -Xms128m -Dhttp.proxyHost=localhost -Dhttp.proxyPort=80 -Dhttps.proxyHost=localhost -Dhttps.proxyPort=80 -Dhttp.nonProxyHosts=localhost|127.0.0.1 -Dhttps.nonProxyHosts=localhost|127.0.0.1 -Djdbc.classpath=C:\Program Files\JetBrains\IntelliJ IDEA 2023.3.3\plugins\DatabaseTools\lib\jdbc-console.jar;C:\Users\damil\AppData\Roaming\JetBrains\IntelliJIdea2023.3\jdbc-drivers\Oracle\21.5.0.0\com\oracle\database\jdbc\ojdbc11\21.5.0.0\ojdbc11-21.5.0.0.jar;C:\Users\damil\AppData\Roaming\JetBrains\IntelliJIdea2023.3\jdbc-drivers\Oracle\21.5.0.0\com\oracle\database\xml\xdb\21.5.0.0\xdb-21.5.0.0.jar;C:\Users\damil\AppData\Roaming\JetBrains\IntelliJIdea2023.3\jdbc-drivers\Oracle\21.5.0.0\com\oracle\database\xml\xmlparserv2\21.5.0.0\xmlparserv2-21.5.0.0.jar;C:\Users\damil\AppData\Roaming\JetBrains\IntelliJIdea2023.3\jdbc-drivers\Oracle\21.5.0.0\com\oracle\database\nls\orai18n\21.5.0.0\orai18n-21.5.0.0.jar;C:\Users\damil\AppData\Roaming\JetBrains\IntelliJIdea2023.3\jdbc-drivers\Oracle\21.5.0.0\com\oracle\database\jdbc\ucp\21.5.0.0\ucp-21.5.0.0.jar;C:\Users\damil\AppData\Roaming\JetBrains\IntelliJIdea2023.3\jdbc-drivers\Oracle\21.5.0.0\com\oracle\database\jdbc\rsi\21.5.0.0\rsi-21.5.0.0.jar;C:\Users\damil\AppData\Roaming\JetBrains\IntelliJIdea2023.3\jdbc-drivers\Oracle\21.5.0.0\com\oracle\database\security\osdt_core\21.5.0.0\osdt_core-21.5.0.0.jar;C:\Users\damil\AppData\Roaming\JetBrains\IntelliJIdea2023.3\jdbc-drivers\Oracle\21.5.0.0\com\oracle\database\security\osdt_cert\21.5.0.0\osdt_cert-21.5.0.0.jar;C:\Users\damil\AppData\Roaming\JetBrains\IntelliJIdea2023.3\jdbc-drivers\Oracle\21.5.0.0\com\oracle\database\security\oraclepki\21.5.0.0\oraclepki-21.5.0.0.jar --add-exports=java.desktop/sun.awt=ALL-UNNAMED --add-exports=java.desktop/java.awt.peer=ALL-UNNAMED --add-opens=java.desktop/java.awt=ALL-UNNAMED --add-opens=jdk.unsupported/sun.misc=ALL-UNNAMED --add-opens=java.base/java.nio=ALL-UNNAMED --add-opens=java.base/java.util=ALL-UNNAMED -Dfile.encoding=UTF-8 com.intellij.database.remote.RemoteJdbcServer oracle.jdbc.OracleDriver

Host: 11th Gen Intel(R) Core(TM) i7-1195G7 @ 2.90GHz, 8 cores, 7G,  Windows 11 , 64 bit Build 22621 (10.0.22621.3085)
Time: Wed Feb 21 02:29:13 2024 W. Central Africa Standard Time elapsed time: 128.811263 seconds (0d 0h 2m 8s)

---------------  T H R E A D  ---------------

Current thread (0x00000186e72b8f00):  JavaThread "C2 CompilerThread0" daemon [_thread_in_native, id=15436, stack(0x0000006128400000,0x0000006128500000)]


Current CompileTask:
C2: 128811 3004       4       sun.rmi.server.Util::getRemoteInterfaces (100 bytes)

Stack: [0x0000006128400000,0x0000006128500000]
Native frames: (J=compiled Java code, j=interpreted, Vv=VM code, C=native code)
V  [jvm.dll+0x688349]
V  [jvm.dll+0x841bfa]
V  [jvm.dll+0x84383e]
V  [jvm.dll+0x843ea3]
V  [jvm.dll+0x24bdef]
V  [jvm.dll+0xac44c]
V  [jvm.dll+0xaca9c]
V  [jvm.dll+0x11fee7]
V  [jvm.dll+0x614572]
V  [jvm.dll+0x6189af]
V  [jvm.dll+0x21d8d8]
V  [jvm.dll+0x21ce81]
V  [jvm.dll+0x1a66dd]
V  [jvm.dll+0x22cd28]
V  [jvm.dll+0x22ae60]
V  [jvm.dll+0x7f6087]
V  [jvm.dll+0x7f043a]
V  [jvm.dll+0x6871c5]
C  [ucrtbase.dll+0x29363]
C  [KERNEL32.DLL+0x1257d]
C  [ntdll.dll+0x5aa58]


---------------  P R O C E S S  ---------------

Threads class SMR info:
_java_thread_list=0x00000186e78ca080, length=24, elements={
0x00000186cd021070, 0x00000186e714b5c0, 0x00000186e714d190, 0x00000186e72b22a0,
0x00000186e72b2c70, 0x00000186e72b5840, 0x00000186e72b8210, 0x00000186e72b8f00,
0x00000186e72bd410, 0x00000186e72c5e20, 0x00000186e74459a0, 0x00000186e7445e80,
0x00000186e79c7cd0, 0x00000186e7989f70, 0x00000186e798a450, 0x00000186e79c81b0,
0x00000186e79f6de0, 0x00000186e7c5bf80, 0x00000186e7c5c490, 0x00000186e7c5c9a0,
0x00000186e7c5d3c0, 0x00000186e7c5dde0, 0x00000186e7c5ceb0, 0x00000186e7c5d8d0
}

Java Threads: ( => current thread )
  0x00000186cd021070 JavaThread "main" [_thread_blocked, id=11400, stack(0x0000006127700000,0x0000006127800000)]
  0x00000186e714b5c0 JavaThread "Reference Handler" daemon [_thread_blocked, id=4828, stack(0x0000006127e00000,0x0000006127f00000)]
  0x00000186e714d190 JavaThread "Finalizer" daemon [_thread_blocked, id=20344, stack(0x0000006127f00000,0x0000006128000000)]
  0x00000186e72b22a0 JavaThread "Signal Dispatcher" daemon [_thread_blocked, id=24268, stack(0x0000006128000000,0x0000006128100000)]
  0x00000186e72b2c70 JavaThread "Attach Listener" daemon [_thread_blocked, id=14896, stack(0x0000006128100000,0x0000006128200000)]
  0x00000186e72b5840 JavaThread "Service Thread" daemon [_thread_blocked, id=26940, stack(0x0000006128200000,0x0000006128300000)]
  0x00000186e72b8210 JavaThread "Monitor Deflation Thread" daemon [_thread_blocked, id=29940, stack(0x0000006128300000,0x0000006128400000)]
=>0x00000186e72b8f00 JavaThread "C2 CompilerThread0" daemon [_thread_in_native, id=15436, stack(0x0000006128400000,0x0000006128500000)]
  0x00000186e72bd410 JavaThread "C1 CompilerThread0" daemon [_thread_blocked, id=41548, stack(0x0000006128500000,0x0000006128600000)]
  0x00000186e72c5e20 JavaThread "Sweeper thread" daemon [_thread_blocked, id=24152, stack(0x0000006128600000,0x0000006128700000)]
  0x00000186e74459a0 JavaThread "Common-Cleaner" daemon [_thread_blocked, id=38724, stack(0x0000006128700000,0x0000006128800000)]
  0x00000186e7445e80 JavaThread "Notification Thread" daemon [_thread_blocked, id=25596, stack(0x0000006128800000,0x0000006128900000)]
  0x00000186e79c7cd0 JavaThread "RMI TCP Accept-4034" daemon [_thread_in_native, id=39488, stack(0x0000006128a00000,0x0000006128b00000)]
  0x00000186e7989f70 JavaThread "RMI TCP Accept-0" daemon [_thread_in_native, id=23600, stack(0x0000006128b00000,0x0000006128c00000)]
  0x00000186e798a450 JavaThread "RMI Reaper" [_thread_blocked, id=6952, stack(0x0000006128c00000,0x0000006128d00000)]
  0x00000186e79c81b0 JavaThread "RMI GC Daemon" daemon [_thread_blocked, id=38756, stack(0x0000006128d00000,0x0000006128e00000)]
  0x00000186e79f6de0 JavaThread "RMI TCP Connection(2)-127.0.0.1" daemon [_thread_in_native, id=23536, stack(0x0000006128e00000,0x0000006128f00000)]
  0x00000186e7c5bf80 JavaThread "RMI Scheduler(0)" daemon [_thread_blocked, id=3480, stack(0x0000006129000000,0x0000006129100000)]
  0x00000186e7c5c490 JavaThread "RMI TCP Connection(8)-127.0.0.1" daemon [_thread_in_native, id=23044, stack(0x0000006129100000,0x0000006129200000)]
  0x00000186e7c5c9a0 JavaThread "RMI TCP Connection(4)-127.0.0.1" daemon [_thread_in_native, id=8556, stack(0x0000006129200000,0x0000006129300000)]
  0x00000186e7c5d3c0 JavaThread "RMI RenewClean-[127.0.0.1:59634]" daemon [_thread_blocked, id=23260, stack(0x0000006129300000,0x0000006129400000)]
  0x00000186e7c5dde0 JavaThread "oracle.jdbc.driver.BlockSource.ThreadedCachingBlockSource.BlockReleaser" daemon [_thread_blocked, id=14688, stack(0x0000006129400000,0x0000006129500000)]
  0x00000186e7c5ceb0 JavaThread "InterruptTimer" daemon [_thread_blocked, id=27144, stack(0x0000006129500000,0x0000006129600000)]
  0x00000186e7c5d8d0 JavaThread "OJDBC-WORKER-THREAD-2" daemon [_thread_blocked, id=3944, stack(0x0000006127400000,0x0000006127500000)]

Other Threads:
  0x00000186e714a080 VMThread "VM Thread" [stack: 0x0000006127d00000,0x0000006127e00000] [id=24592]
  0x00000186e7446910 WatcherThread [stack: 0x0000006128900000,0x0000006128a00000] [id=27664]
  0x00000186cd07c2a0 GCTaskThread "GC Thread#0" [stack: 0x0000006127800000,0x0000006127900000] [id=25024]
  0x00000186e7e7fdf0 GCTaskThread "GC Thread#1" [stack: 0x0000006129600000,0x0000006129700000] [id=40672]
  0x00000186ec4fe920 GCTaskThread "GC Thread#2" [stack: 0x0000006129700000,0x0000006129800000] [id=37792]
  0x00000186ec4febe0 GCTaskThread "GC Thread#3" [stack: 0x0000006129800000,0x0000006129900000] [id=20952]
  0x00000186ecb28130 GCTaskThread "GC Thread#4" [stack: 0x0000006129900000,0x0000006129a00000] [id=35620]
  0x00000186ecaf0cc0 GCTaskThread "GC Thread#5" [stack: 0x0000006129a00000,0x0000006129b00000] [id=18968]
  0x00000186ec5676a0 GCTaskThread "GC Thread#6" [stack: 0x0000006129b00000,0x0000006129c00000] [id=29952]
  0x00000186ec5a0e20 GCTaskThread "GC Thread#7" [stack: 0x0000006129c00000,0x0000006129d00000] [id=28688]
  0x00000186cd08d1f0 ConcurrentGCThread "G1 Main Marker" [stack: 0x0000006127900000,0x0000006127a00000] [id=2752]
  0x00000186cd08e3b0 ConcurrentGCThread "G1 Conc#0" [stack: 0x0000006127a00000,0x0000006127b00000] [id=18756]
  0x00000186ec5a18f0 ConcurrentGCThread "G1 Conc#1" [stack: 0x0000006129e00000,0x0000006129f00000] [id=7540]
  0x00000186e6f9c520 ConcurrentGCThread "G1 Refine#0" [stack: 0x0000006127b00000,0x0000006127c00000] [id=41108]
  0x00000186ec4ffad0 ConcurrentGCThread "G1 Refine#1" [stack: 0x0000006129d00000,0x0000006129e00000] [id=33144]
  0x00000186cd0cd3c0 ConcurrentGCThread "G1 Service" [stack: 0x0000006127c00000,0x0000006127d00000] [id=23396]

Threads with active compile tasks:
C2 CompilerThread0   128857 3004       4       sun.rmi.server.Util::getRemoteInterfaces (100 bytes)

VM state: not at safepoint (normal execution)

VM Mutex/Monitor currently owned by a thread: None

Heap address: 0x0000000080000000, size: 2048 MB, Compressed Oops mode: 32-bit

CDS archive(s) not mapped
Compressed class space mapped at: 0x0000000100000000-0x0000000140000000, reserved size: 1073741824
Narrow klass base: 0x0000000000000000, Narrow klass shift: 3, Narrow klass range: 0x140000000

GC Precious Log:
 CPUs: 8 total, 8 available
 Memory: 7937M
 Large Page Support: Disabled
 NUMA Support: Disabled
 Compressed Oops: Enabled (32-bit)
 Heap Region Size: 1M
 Heap Min Capacity: 128M
 Heap Initial Capacity: 128M
 Heap Max Capacity: 2G
 Pre-touch: Disabled
 Parallel Workers: 8
 Concurrent Workers: 2
 Concurrent Refinement Workers: 8
 Periodic GC: Disabled

Heap:
 garbage-first heap   total 131072K, used 36416K [0x0000000080000000, 0x0000000100000000)
  region size 1024K, 29 young (29696K), 4 survivors (4096K)
 Metaspace       used 27950K, committed 28288K, reserved 1114112K
  class space    used 3024K, committed 3200K, reserved 1048576K

Heap Regions: E=young(eden), S=young(survivor), O=old, HS=humongous(starts), HC=humongous(continues), CS=collection set, F=free, OA=open archive, CA=closed archive, TAMS=top-at-mark-start (previous, next)
|   0|0x0000000080000000, 0x0000000080100000, 0x0000000080100000|100%|HS|  |TAMS 0x0000000080100000, 0x0000000080000000| Complete 
|   1|0x0000000080100000, 0x0000000080200000, 0x0000000080200000|100%|HC|  |TAMS 0x0000000080200000, 0x0000000080100000| Complete 
|   2|0x0000000080200000, 0x0000000080300000, 0x0000000080300000|100%|HC|  |TAMS 0x0000000080300000, 0x0000000080200000| Complete 
|   3|0x0000000080300000, 0x0000000080400000, 0x0000000080400000|100%| O|  |TAMS 0x0000000080400000, 0x0000000080300000| Untracked 
|   4|0x0000000080400000, 0x0000000080500000, 0x0000000080500000|100%| O|  |TAMS 0x00000000804a8000, 0x0000000080400000| Untracked 
|   5|0x0000000080500000, 0x0000000080600000, 0x0000000080600000|100%| O|  |TAMS 0x0000000080500000, 0x0000000080500000| Untracked 
|   6|0x0000000080600000, 0x0000000080700000, 0x0000000080700000|100%| O|  |TAMS 0x0000000080600000, 0x0000000080600000| Untracked 
|   7|0x0000000080700000, 0x0000000080800000, 0x0000000080800000|100%| O|  |TAMS 0x0000000080700000, 0x0000000080700000| Untracked 
|   8|0x0000000080800000, 0x0000000080831600, 0x0000000080900000| 19%| O|  |TAMS 0x0000000080800000, 0x0000000080800000| Untracked 
|   9|0x0000000080900000, 0x0000000080900000, 0x0000000080a00000|  0%| F|  |TAMS 0x0000000080900000, 0x0000000080900000| Untracked 
|  10|0x0000000080a00000, 0x0000000080a00000, 0x0000000080b00000|  0%| F|  |TAMS 0x0000000080a00000, 0x0000000080a00000| Untracked 
|  11|0x0000000080b00000, 0x0000000080b00000, 0x0000000080c00000|  0%| F|  |TAMS 0x0000000080b00000, 0x0000000080b00000| Untracked 
|  12|0x0000000080c00000, 0x0000000080c00000, 0x0000000080d00000|  0%| F|  |TAMS 0x0000000080c00000, 0x0000000080c00000| Untracked 
|  13|0x0000000080d00000, 0x0000000080d00000, 0x0000000080e00000|  0%| F|  |TAMS 0x0000000080d00000, 0x0000000080d00000| Untracked 
|  14|0x0000000080e00000, 0x0000000080e00000, 0x0000000080f00000|  0%| F|  |TAMS 0x0000000080e00000, 0x0000000080e00000| Untracked 
|  15|0x0000000080f00000, 0x0000000080f00000, 0x0000000081000000|  0%| F|  |TAMS 0x0000000080f00000, 0x0000000080f00000| Untracked 
|  16|0x0000000081000000, 0x0000000081000000, 0x0000000081100000|  0%| F|  |TAMS 0x0000000081000000, 0x0000000081000000| Untracked 
|  17|0x0000000081100000, 0x0000000081100000, 0x0000000081200000|  0%| F|  |TAMS 0x0000000081100000, 0x0000000081100000| Untracked 
|  18|0x0000000081200000, 0x0000000081200000, 0x0000000081300000|  0%| F|  |TAMS 0x0000000081200000, 0x0000000081200000| Untracked 
|  19|0x0000000081300000, 0x0000000081300000, 0x0000000081400000|  0%| F|  |TAMS 0x0000000081300000, 0x0000000081300000| Untracked 
|  20|0x0000000081400000, 0x0000000081400000, 0x0000000081500000|  0%| F|  |TAMS 0x0000000081400000, 0x0000000081400000| Untracked 
|  21|0x0000000081500000, 0x0000000081500000, 0x0000000081600000|  0%| F|  |TAMS 0x0000000081500000, 0x0000000081500000| Untracked 
|  22|0x0000000081600000, 0x0000000081600000, 0x0000000081700000|  0%| F|  |TAMS 0x0000000081600000, 0x0000000081600000| Untracked 
|  23|0x0000000081700000, 0x0000000081700000, 0x0000000081800000|  0%| F|  |TAMS 0x0000000081700000, 0x0000000081700000| Untracked 
|  24|0x0000000081800000, 0x0000000081800000, 0x0000000081900000|  0%| F|  |TAMS 0x0000000081800000, 0x0000000081800000| Untracked 
|  25|0x0000000081900000, 0x0000000081900000, 0x0000000081a00000|  0%| F|  |TAMS 0x0000000081900000, 0x0000000081900000| Untracked 
|  26|0x0000000081a00000, 0x0000000081a00000, 0x0000000081b00000|  0%| F|  |TAMS 0x0000000081a00000, 0x0000000081a00000| Untracked 
|  27|0x0000000081b00000, 0x0000000081b00000, 0x0000000081c00000|  0%| F|  |TAMS 0x0000000081b00000, 0x0000000081b00000| Untracked 
|  28|0x0000000081c00000, 0x0000000081c00000, 0x0000000081d00000|  0%| F|  |TAMS 0x0000000081c00000, 0x0000000081c00000| Untracked 
|  29|0x0000000081d00000, 0x0000000081d00000, 0x0000000081e00000|  0%| F|  |TAMS 0x0000000081d00000, 0x0000000081d00000| Untracked 
|  30|0x0000000081e00000, 0x0000000081e00000, 0x0000000081f00000|  0%| F|  |TAMS 0x0000000081e00000, 0x0000000081e00000| Untracked 
|  31|0x0000000081f00000, 0x0000000081f00000, 0x0000000082000000|  0%| F|  |TAMS 0x0000000081f00000, 0x0000000081f00000| Untracked 
|  32|0x0000000082000000, 0x0000000082000000, 0x0000000082100000|  0%| F|  |TAMS 0x0000000082000000, 0x0000000082000000| Untracked 
|  33|0x0000000082100000, 0x0000000082100000, 0x0000000082200000|  0%| F|  |TAMS 0x0000000082100000, 0x0000000082100000| Untracked 
|  34|0x0000000082200000, 0x0000000082200000, 0x0000000082300000|  0%| F|  |TAMS 0x0000000082200000, 0x0000000082200000| Untracked 
|  35|0x0000000082300000, 0x0000000082300000, 0x0000000082400000|  0%| F|  |TAMS 0x0000000082300000, 0x0000000082300000| Untracked 
|  36|0x0000000082400000, 0x0000000082400000, 0x0000000082500000|  0%| F|  |TAMS 0x0000000082400000, 0x0000000082400000| Untracked 
|  37|0x0000000082500000, 0x0000000082500000, 0x0000000082600000|  0%| F|  |TAMS 0x0000000082500000, 0x0000000082500000| Untracked 
|  38|0x0000000082600000, 0x0000000082600000, 0x0000000082700000|  0%| F|  |TAMS 0x0000000082600000, 0x0000000082600000| Untracked 
|  39|0x0000000082700000, 0x0000000082700000, 0x0000000082800000|  0%| F|  |TAMS 0x0000000082700000, 0x0000000082700000| Untracked 
|  40|0x0000000082800000, 0x0000000082800000, 0x0000000082900000|  0%| F|  |TAMS 0x0000000082800000, 0x0000000082800000| Untracked 
|  41|0x0000000082900000, 0x0000000082900000, 0x0000000082a00000|  0%| F|  |TAMS 0x0000000082900000, 0x0000000082900000| Untracked 
|  42|0x0000000082a00000, 0x0000000082a00000, 0x0000000082b00000|  0%| F|  |TAMS 0x0000000082a00000, 0x0000000082a00000| Untracked 
|  43|0x0000000082b00000, 0x0000000082b00000, 0x0000000082c00000|  0%| F|  |TAMS 0x0000000082b00000, 0x0000000082b00000| Untracked 
|  44|0x0000000082c00000, 0x0000000082c00000, 0x0000000082d00000|  0%| F|  |TAMS 0x0000000082c00000, 0x0000000082c00000| Untracked 
|  45|0x0000000082d00000, 0x0000000082d00000, 0x0000000082e00000|  0%| F|  |TAMS 0x0000000082d00000, 0x0000000082d00000| Untracked 
|  46|0x0000000082e00000, 0x0000000082e00000, 0x0000000082f00000|  0%| F|  |TAMS 0x0000000082e00000, 0x0000000082e00000| Untracked 
|  47|0x0000000082f00000, 0x0000000082f00000, 0x0000000083000000|  0%| F|  |TAMS 0x0000000082f00000, 0x0000000082f00000| Untracked 
|  48|0x0000000083000000, 0x0000000083000000, 0x0000000083100000|  0%| F|  |TAMS 0x0000000083000000, 0x0000000083000000| Untracked 
|  49|0x0000000083100000, 0x0000000083100000, 0x0000000083200000|  0%| F|  |TAMS 0x0000000083100000, 0x0000000083100000| Untracked 
|  50|0x0000000083200000, 0x0000000083200000, 0x0000000083300000|  0%| F|  |TAMS 0x0000000083200000, 0x0000000083200000| Untracked 
|  51|0x0000000083300000, 0x0000000083300000, 0x0000000083400000|  0%| F|  |TAMS 0x0000000083300000, 0x0000000083300000| Untracked 
|  52|0x0000000083400000, 0x0000000083400000, 0x0000000083500000|  0%| F|  |TAMS 0x0000000083400000, 0x0000000083400000| Untracked 
|  53|0x0000000083500000, 0x0000000083500000, 0x0000000083600000|  0%| F|  |TAMS 0x0000000083500000, 0x0000000083500000| Untracked 
|  54|0x0000000083600000, 0x0000000083600000, 0x0000000083700000|  0%| F|  |TAMS 0x0000000083600000, 0x0000000083600000| Untracked 
|  55|0x0000000083700000, 0x0000000083700000, 0x0000000083800000|  0%| F|  |TAMS 0x0000000083700000, 0x0000000083700000| Untracked 
|  56|0x0000000083800000, 0x0000000083800000, 0x0000000083900000|  0%| F|  |TAMS 0x0000000083800000, 0x0000000083800000| Untracked 
|  57|0x0000000083900000, 0x0000000083900000, 0x0000000083a00000|  0%| F|  |TAMS 0x0000000083900000, 0x0000000083900000| Untracked 
|  58|0x0000000083a00000, 0x0000000083a00000, 0x0000000083b00000|  0%| F|  |TAMS 0x0000000083a00000, 0x0000000083a00000| Untracked 
|  59|0x0000000083b00000, 0x0000000083b00000, 0x0000000083c00000|  0%| F|  |TAMS 0x0000000083b00000, 0x0000000083b00000| Untracked 
|  60|0x0000000083c00000, 0x0000000083c00000, 0x0000000083d00000|  0%| F|  |TAMS 0x0000000083c00000, 0x0000000083c00000| Untracked 
|  61|0x0000000083d00000, 0x0000000083d00000, 0x0000000083e00000|  0%| F|  |TAMS 0x0000000083d00000, 0x0000000083d00000| Untracked 
|  62|0x0000000083e00000, 0x0000000083e00000, 0x0000000083f00000|  0%| F|  |TAMS 0x0000000083e00000, 0x0000000083e00000| Untracked 
|  63|0x0000000083f00000, 0x0000000083f00000, 0x0000000084000000|  0%| F|  |TAMS 0x0000000083f00000, 0x0000000083f00000| Untracked 
|  64|0x0000000084000000, 0x0000000084000000, 0x0000000084100000|  0%| F|  |TAMS 0x0000000084000000, 0x0000000084000000| Untracked 
|  65|0x0000000084100000, 0x0000000084100000, 0x0000000084200000|  0%| F|  |TAMS 0x0000000084100000, 0x0000000084100000| Untracked 
|  66|0x0000000084200000, 0x0000000084200000, 0x0000000084300000|  0%| F|  |TAMS 0x0000000084200000, 0x0000000084200000| Untracked 
|  67|0x0000000084300000, 0x0000000084300000, 0x0000000084400000|  0%| F|  |TAMS 0x0000000084300000, 0x0000000084300000| Untracked 
|  68|0x0000000084400000, 0x0000000084400000, 0x0000000084500000|  0%| F|  |TAMS 0x0000000084400000, 0x0000000084400000| Untracked 
|  69|0x0000000084500000, 0x0000000084500000, 0x0000000084600000|  0%| F|  |TAMS 0x0000000084500000, 0x0000000084500000| Untracked 
|  70|0x0000000084600000, 0x0000000084600000, 0x0000000084700000|  0%| F|  |TAMS 0x0000000084600000, 0x0000000084600000| Untracked 
|  71|0x0000000084700000, 0x0000000084700000, 0x0000000084800000|  0%| F|  |TAMS 0x0000000084700000, 0x0000000084700000| Untracked 
|  72|0x0000000084800000, 0x0000000084800000, 0x0000000084900000|  0%| F|  |TAMS 0x0000000084800000, 0x0000000084800000| Untracked 
|  73|0x0000000084900000, 0x0000000084900000, 0x0000000084a00000|  0%| F|  |TAMS 0x0000000084900000, 0x0000000084900000| Untracked 
|  74|0x0000000084a00000, 0x0000000084a00000, 0x0000000084b00000|  0%| F|  |TAMS 0x0000000084a00000, 0x0000000084a00000| Untracked 
|  75|0x0000000084b00000, 0x0000000084b00000, 0x0000000084c00000|  0%| F|  |TAMS 0x0000000084b00000, 0x0000000084b00000| Untracked 
|  76|0x0000000084c00000, 0x0000000084c00000, 0x0000000084d00000|  0%| F|  |TAMS 0x0000000084c00000, 0x0000000084c00000| Untracked 
|  77|0x0000000084d00000, 0x0000000084d00000, 0x0000000084e00000|  0%| F|  |TAMS 0x0000000084d00000, 0x0000000084d00000| Untracked 
|  78|0x0000000084e00000, 0x0000000084e5eba0, 0x0000000084f00000| 37%| S|CS|TAMS 0x0000000084e00000, 0x0000000084e00000| Complete 
|  79|0x0000000084f00000, 0x0000000085000000, 0x0000000085000000|100%| S|CS|TAMS 0x0000000084f00000, 0x0000000084f00000| Complete 
|  80|0x0000000085000000, 0x0000000085100000, 0x0000000085100000|100%| S|CS|TAMS 0x0000000085000000, 0x0000000085000000| Complete 
|  81|0x0000000085100000, 0x0000000085200000, 0x0000000085200000|100%| S|CS|TAMS 0x0000000085100000, 0x0000000085100000| Complete 
|  82|0x0000000085200000, 0x0000000085200000, 0x0000000085300000|  0%| F|  |TAMS 0x0000000085200000, 0x0000000085200000| Untracked 
|  83|0x0000000085300000, 0x0000000085300000, 0x0000000085400000|  0%| F|  |TAMS 0x0000000085300000, 0x0000000085300000| Untracked 
|  84|0x0000000085400000, 0x0000000085400000, 0x0000000085500000|  0%| F|  |TAMS 0x0000000085400000, 0x0000000085400000| Untracked 
|  85|0x0000000085500000, 0x0000000085500000, 0x0000000085600000|  0%| F|  |TAMS 0x0000000085500000, 0x0000000085500000| Untracked 
|  86|0x0000000085600000, 0x0000000085600000, 0x0000000085700000|  0%| F|  |TAMS 0x0000000085600000, 0x0000000085600000| Untracked 
|  87|0x0000000085700000, 0x0000000085700000, 0x0000000085800000|  0%| F|  |TAMS 0x0000000085700000, 0x0000000085700000| Untracked 
|  88|0x0000000085800000, 0x0000000085800000, 0x0000000085900000|  0%| F|  |TAMS 0x0000000085800000, 0x0000000085800000| Untracked 
|  89|0x0000000085900000, 0x0000000085900000, 0x0000000085a00000|  0%| F|  |TAMS 0x0000000085900000, 0x0000000085900000| Untracked 
|  90|0x0000000085a00000, 0x0000000085a00000, 0x0000000085b00000|  0%| F|  |TAMS 0x0000000085a00000, 0x0000000085a00000| Untracked 
|  91|0x0000000085b00000, 0x0000000085b00000, 0x0000000085c00000|  0%| F|  |TAMS 0x0000000085b00000, 0x0000000085b00000| Untracked 
|  92|0x0000000085c00000, 0x0000000085c00000, 0x0000000085d00000|  0%| F|  |TAMS 0x0000000085c00000, 0x0000000085c00000| Untracked 
|  93|0x0000000085d00000, 0x0000000085d00000, 0x0000000085e00000|  0%| F|  |TAMS 0x0000000085d00000, 0x0000000085d00000| Untracked 
|  94|0x0000000085e00000, 0x0000000085e00000, 0x0000000085f00000|  0%| F|  |TAMS 0x0000000085e00000, 0x0000000085e00000| Untracked 
|  95|0x0000000085f00000, 0x0000000085f00000, 0x0000000086000000|  0%| F|  |TAMS 0x0000000085f00000, 0x0000000085f00000| Untracked 
|  96|0x0000000086000000, 0x0000000086000000, 0x0000000086100000|  0%| F|  |TAMS 0x0000000086000000, 0x0000000086000000| Untracked 
|  97|0x0000000086100000, 0x0000000086100000, 0x0000000086200000|  0%| F|  |TAMS 0x0000000086100000, 0x0000000086100000| Untracked 
|  98|0x0000000086200000, 0x0000000086200000, 0x0000000086300000|  0%| F|  |TAMS 0x0000000086200000, 0x0000000086200000| Untracked 
|  99|0x0000000086300000, 0x0000000086300000, 0x0000000086400000|  0%| F|  |TAMS 0x0000000086300000, 0x0000000086300000| Untracked 
| 100|0x0000000086400000, 0x0000000086400000, 0x0000000086500000|  0%| F|  |TAMS 0x0000000086400000, 0x0000000086400000| Untracked 
| 101|0x0000000086500000, 0x0000000086500000, 0x0000000086600000|  0%| F|  |TAMS 0x0000000086500000, 0x0000000086500000| Untracked 
| 102|0x0000000086600000, 0x0000000086600000, 0x0000000086700000|  0%| F|  |TAMS 0x0000000086600000, 0x0000000086600000| Untracked 
| 103|0x0000000086700000, 0x00000000867b52b0, 0x0000000086800000| 70%| E|  |TAMS 0x0000000086700000, 0x0000000086700000| Complete 
| 104|0x0000000086800000, 0x0000000086900000, 0x0000000086900000|100%| E|CS|TAMS 0x0000000086800000, 0x0000000086800000| Complete 
| 105|0x0000000086900000, 0x0000000086a00000, 0x0000000086a00000|100%| E|CS|TAMS 0x0000000086900000, 0x0000000086900000| Complete 
| 106|0x0000000086a00000, 0x0000000086b00000, 0x0000000086b00000|100%| E|CS|TAMS 0x0000000086a00000, 0x0000000086a00000| Complete 
| 107|0x0000000086b00000, 0x0000000086c00000, 0x0000000086c00000|100%| E|CS|TAMS 0x0000000086b00000, 0x0000000086b00000| Complete 
| 108|0x0000000086c00000, 0x0000000086d00000, 0x0000000086d00000|100%| E|CS|TAMS 0x0000000086c00000, 0x0000000086c00000| Complete 
| 109|0x0000000086d00000, 0x0000000086e00000, 0x0000000086e00000|100%| E|CS|TAMS 0x0000000086d00000, 0x0000000086d00000| Complete 
| 110|0x0000000086e00000, 0x0000000086f00000, 0x0000000086f00000|100%| E|CS|TAMS 0x0000000086e00000, 0x0000000086e00000| Complete 
| 111|0x0000000086f00000, 0x0000000087000000, 0x0000000087000000|100%| E|CS|TAMS 0x0000000086f00000, 0x0000000086f00000| Complete 
| 112|0x0000000087000000, 0x0000000087100000, 0x0000000087100000|100%| E|CS|TAMS 0x0000000087000000, 0x0000000087000000| Complete 
| 113|0x0000000087100000, 0x0000000087200000, 0x0000000087200000|100%| E|CS|TAMS 0x0000000087100000, 0x0000000087100000| Complete 
| 114|0x0000000087200000, 0x0000000087300000, 0x0000000087300000|100%| E|CS|TAMS 0x0000000087200000, 0x0000000087200000| Complete 
| 115|0x0000000087300000, 0x0000000087400000, 0x0000000087400000|100%| E|CS|TAMS 0x0000000087300000, 0x0000000087300000| Complete 
| 116|0x0000000087400000, 0x0000000087500000, 0x0000000087500000|100%| E|CS|TAMS 0x0000000087400000, 0x0000000087400000| Complete 
| 117|0x0000000087500000, 0x0000000087600000, 0x0000000087600000|100%| E|CS|TAMS 0x0000000087500000, 0x0000000087500000| Complete 
| 118|0x0000000087600000, 0x0000000087700000, 0x0000000087700000|100%| E|CS|TAMS 0x0000000087600000, 0x0000000087600000| Complete 
| 119|0x0000000087700000, 0x0000000087800000, 0x0000000087800000|100%| E|CS|TAMS 0x0000000087700000, 0x0000000087700000| Complete 
| 120|0x0000000087800000, 0x0000000087900000, 0x0000000087900000|100%| E|CS|TAMS 0x0000000087800000, 0x0000000087800000| Complete 
| 121|0x0000000087900000, 0x0000000087a00000, 0x0000000087a00000|100%| E|CS|TAMS 0x0000000087900000, 0x0000000087900000| Complete 
| 122|0x0000000087a00000, 0x0000000087b00000, 0x0000000087b00000|100%| E|CS|TAMS 0x0000000087a00000, 0x0000000087a00000| Complete 
| 123|0x0000000087b00000, 0x0000000087c00000, 0x0000000087c00000|100%| E|CS|TAMS 0x0000000087b00000, 0x0000000087b00000| Complete 
| 124|0x0000000087c00000, 0x0000000087d00000, 0x0000000087d00000|100%| E|CS|TAMS 0x0000000087c00000, 0x0000000087c00000| Complete 
| 125|0x0000000087d00000, 0x0000000087e00000, 0x0000000087e00000|100%| E|CS|TAMS 0x0000000087d00000, 0x0000000087d00000| Complete 
| 126|0x0000000087e00000, 0x0000000087f00000, 0x0000000087f00000|100%| E|CS|TAMS 0x0000000087e00000, 0x0000000087e00000| Complete 
| 127|0x0000000087f00000, 0x0000000088000000, 0x0000000088000000|100%| E|CS|TAMS 0x0000000087f00000, 0x0000000087f00000| Complete 

Card table byte_map: [0x00000186dfec0000,0x00000186e02c0000] _byte_map_base: 0x00000186dfac0000

Marking Bits (Prev, Next): (CMBitMap*) 0x00000186cd07c900, (CMBitMap*) 0x00000186cd07c8c0
 Prev Bits: [0x00000186e26c0000, 0x00000186e46c0000)
 Next Bits: [0x00000186e06c0000, 0x00000186e26c0000)

Polling page: 0x00000186caf40000

Metaspace:

Usage:
  Non-class:     24.34 MB used.
      Class:      2.95 MB used.
       Both:     27.30 MB used.

Virtual space:
  Non-class space:       64.00 MB reserved,      24.50 MB ( 38%) committed,  1 nodes.
      Class space:        1.00 GB reserved,       3.12 MB ( <1%) committed,  1 nodes.
             Both:        1.06 GB reserved,      27.62 MB (  3%) committed. 

Chunk freelists:
   Non-Class:  7.35 MB
       Class:  12.79 MB
        Both:  20.14 MB

MaxMetaspaceSize: unlimited
CompressedClassSpaceSize: 1.00 GB
Initial GC threshold: 21.00 MB
Current GC threshold: 35.31 MB
CDS: off
MetaspaceReclaimPolicy: balanced
 - commit_granule_bytes: 65536.
 - commit_granule_words: 8192.
 - virtual_space_node_default_size: 8388608.
 - enlarge_chunks_in_place: 1.
 - new_chunks_are_fully_committed: 0.
 - uncommit_free_chunks: 1.
 - use_allocation_guard: 0.
 - handle_deallocations: 1.


Internal statistics:

num_allocs_failed_limit: 3.
num_arena_births: 456.
num_arena_deaths: 0.
num_vsnodes_births: 2.
num_vsnodes_deaths: 0.
num_space_committed: 442.
num_space_uncommitted: 0.
num_chunks_returned_to_freelist: 3.
num_chunks_taken_from_freelist: 1076.
num_chunk_merges: 3.
num_chunk_splits: 656.
num_chunks_enlarged: 355.
num_inconsistent_stats: 0.

CodeHeap 'non-profiled nmethods': size=120000Kb used=1394Kb max_used=1394Kb free=118605Kb
 bounds [0x00000186d8260000, 0x00000186d84d0000, 0x00000186df790000]
CodeHeap 'profiled nmethods': size=120000Kb used=6023Kb max_used=6023Kb free=113976Kb
 bounds [0x00000186d0790000, 0x00000186d0d80000, 0x00000186d7cc0000]
CodeHeap 'non-nmethods': size=5760Kb used=1278Kb max_used=1337Kb free=4481Kb
 bounds [0x00000186d7cc0000, 0x00000186d7f30000, 0x00000186d8260000]
 total_blobs=3590 nmethods=3003 adapters=499
 compilation: enabled
              stopped_count=0, restarted_count=0
 full_count=0

Compilation events (20 events):
Event: 128.656 Thread 0x00000186e72bd410 nmethod 2999 0x00000186d83bb410 code [0x00000186d83bb5a0, 0x00000186d83bb678]
Event: 128.662 Thread 0x00000186e72bd410 3000       3       java.lang.Thread::checkAccess (14 bytes)
Event: 128.662 Thread 0x00000186e72bd410 nmethod 3000 0x00000186d0d6e010 code [0x00000186d0d6e1e0, 0x00000186d0d6e668]
Event: 128.684 Thread 0x00000186e72bd410 3001       3       java.util.regex.Pattern$StartS::match (138 bytes)
Event: 128.690 Thread 0x00000186e72bd410 nmethod 3001 0x00000186d0d6e810 code [0x00000186d0d6ea40, 0x00000186d0d6f538]
Event: 128.726 Thread 0x00000186e72b8f00 3002       4       java.util.ArrayList::iterator (9 bytes)
Event: 128.728 Thread 0x00000186e72b8f00 nmethod 3002 0x00000186d83bb710 code [0x00000186d83bb8a0, 0x00000186d83bb998]
Event: 128.730 Thread 0x00000186e72b8f00 3003       4       java.lang.Class::getPackageName (81 bytes)
Event: 128.739 Thread 0x00000186e72bd410 3005       3       java.util.HashSet::<init> (16 bytes)
Event: 128.747 Thread 0x00000186e72bd410 nmethod 3005 0x00000186d0d6f810 code [0x00000186d0d6f9e0, 0x00000186d0d6fdf8]
Event: 128.747 Thread 0x00000186e72bd410 3006       3       java.lang.StackTraceElement::<init> (10 bytes)
Event: 128.747 Thread 0x00000186e72bd410 nmethod 3006 0x00000186d0d6ff90 code [0x00000186d0d70120, 0x00000186d0d70298]
Event: 128.753 Thread 0x00000186e72bd410 3007  s!   3       java.lang.StackTraceElement::computeFormat (71 bytes)
Event: 128.753 Thread 0x00000186e72b8f00 nmethod 3003 0x00000186d83bba90 code [0x00000186d83bbc40, 0x00000186d83bc478]
Event: 128.753 Thread 0x00000186e72b8f00 3004       4       sun.rmi.server.Util::getRemoteInterfaces (100 bytes)
Event: 128.759 Thread 0x00000186e72bd410 nmethod 3007 0x00000186d0d70390 code [0x00000186d0d705a0, 0x00000186d0d70e38]
Event: 128.759 Thread 0x00000186e72bd410 3008       3       java.lang.StackTraceElement::isHashedInJavaBase (31 bytes)
Event: 128.760 Thread 0x00000186e72bd410 nmethod 3008 0x00000186d0d71110 code [0x00000186d0d71300, 0x00000186d0d71818]
Event: 128.762 Thread 0x00000186e72bd410 3009       3       java.util.TaskQueue::getMin (7 bytes)
Event: 128.762 Thread 0x00000186e72bd410 nmethod 3009 0x00000186d0d71990 code [0x00000186d0d71b20, 0x00000186d0d71c58]

GC Heap History (6 events):
Event: 2.987 GC heap before
{Heap before GC invocations=0 (full 0):
 garbage-first heap   total 131072K, used 25600K [0x0000000080000000, 0x0000000100000000)
  region size 1024K, 23 young (23552K), 0 survivors (0K)
 Metaspace       used 20375K, committed 20608K, reserved 1114112K
  class space    used 2094K, committed 2176K, reserved 1048576K
}
Event: 2.994 GC heap after
{Heap after GC invocations=1 (full 0):
 garbage-first heap   total 131072K, used 7840K [0x0000000080000000, 0x0000000100000000)
  region size 1024K, 3 young (3072K), 3 survivors (3072K)
 Metaspace       used 20375K, committed 20608K, reserved 1114112K
  class space    used 2094K, committed 2176K, reserved 1048576K
}
Event: 3.063 GC heap before
{Heap before GC invocations=1 (full 0):
 garbage-first heap   total 131072K, used 9888K [0x0000000080000000, 0x0000000100000000)
  region size 1024K, 6 young (6144K), 3 survivors (3072K)
 Metaspace       used 21260K, committed 21504K, reserved 1114112K
  class space    used 2191K, committed 2304K, reserved 1048576K
}
Event: 3.068 GC heap after
{Heap after GC invocations=2 (full 0):
 garbage-first heap   total 131072K, used 8974K [0x0000000080000000, 0x0000000100000000)
  region size 1024K, 1 young (1024K), 1 survivors (1024K)
 Metaspace       used 21260K, committed 21504K, reserved 1114112K
  class space    used 2191K, committed 2304K, reserved 1048576K
}
Event: 31.004 GC heap before
{Heap before GC invocations=3 (full 0):
 garbage-first heap   total 131072K, used 54030K [0x0000000080000000, 0x0000000100000000)
  region size 1024K, 46 young (47104K), 1 survivors (1024K)
 Metaspace       used 27542K, committed 27840K, reserved 1114112K
  class space    used 3000K, committed 3136K, reserved 1048576K
}
Event: 31.008 GC heap after
{Heap after GC invocations=4 (full 0):
 garbage-first heap   total 131072K, used 11840K [0x0000000080000000, 0x0000000100000000)
  region size 1024K, 4 young (4096K), 4 survivors (4096K)
 Metaspace       used 27542K, committed 27840K, reserved 1114112K
  class space    used 3000K, committed 3136K, reserved 1048576K
}

Dll operation events (1 events):
Event: 0.041 Loaded shared library C:\Program Files\JetBrains\IntelliJ IDEA 2023.3.3\jbr\bin\java.dll

Deoptimization events (20 events):
Event: 43.200 Thread 0x00000186e7c5c9a0 Uncommon trap: trap_request=0xffffffc6 fr.pc=0x00000186d837a6b4 relative=0x0000000000000834
Event: 43.200 Thread 0x00000186e7c5c9a0 Uncommon trap: reason=bimorphic_or_optimized_type_check action=maybe_recompile pc=0x00000186d837a6b4 method=oracle.jdbc.driver.T4CTTIrxd.copyRowsAsNeeded([Loracle/jdbc/driver/Accessor;I)V @ 64 c2
Event: 43.200 Thread 0x00000186e7c5c9a0 DEOPT PACKING pc=0x00000186d837a6b4 sp=0x00000061292fe680
Event: 43.200 Thread 0x00000186e7c5c9a0 DEOPT UNPACKING pc=0x00000186d7d1a1a3 sp=0x00000061292fe498 mode 2
Event: 43.200 Thread 0x00000186e7c5c9a0 Uncommon trap: trap_request=0xffffffc6 fr.pc=0x00000186d837a6b4 relative=0x0000000000000834
Event: 43.200 Thread 0x00000186e7c5c9a0 Uncommon trap: reason=bimorphic_or_optimized_type_check action=maybe_recompile pc=0x00000186d837a6b4 method=oracle.jdbc.driver.T4CTTIrxd.copyRowsAsNeeded([Loracle/jdbc/driver/Accessor;I)V @ 64 c2
Event: 43.200 Thread 0x00000186e7c5c9a0 DEOPT PACKING pc=0x00000186d837a6b4 sp=0x00000061292fe680
Event: 43.200 Thread 0x00000186e7c5c9a0 DEOPT UNPACKING pc=0x00000186d7d1a1a3 sp=0x00000061292fe498 mode 2
Event: 43.200 Thread 0x00000186e7c5c9a0 Uncommon trap: trap_request=0xffffffc6 fr.pc=0x00000186d837a6b4 relative=0x0000000000000834
Event: 43.200 Thread 0x00000186e7c5c9a0 Uncommon trap: reason=bimorphic_or_optimized_type_check action=maybe_recompile pc=0x00000186d837a6b4 method=oracle.jdbc.driver.T4CTTIrxd.copyRowsAsNeeded([Loracle/jdbc/driver/Accessor;I)V @ 64 c2
Event: 43.200 Thread 0x00000186e7c5c9a0 DEOPT PACKING pc=0x00000186d837a6b4 sp=0x00000061292fe680
Event: 43.200 Thread 0x00000186e7c5c9a0 DEOPT UNPACKING pc=0x00000186d7d1a1a3 sp=0x00000061292fe498 mode 2
Event: 43.200 Thread 0x00000186e7c5c9a0 Uncommon trap: trap_request=0xffffffc6 fr.pc=0x00000186d837591c relative=0x000000000000071c
Event: 43.200 Thread 0x00000186e7c5c9a0 Uncommon trap: reason=bimorphic_or_optimized_type_check action=maybe_recompile pc=0x00000186d837591c method=oracle.jdbc.driver.T4CTTIrxd.copyRowsAsNeeded([Loracle/jdbc/driver/Accessor;I)V @ 64 c2
Event: 43.200 Thread 0x00000186e7c5c9a0 DEOPT PACKING pc=0x00000186d837591c sp=0x00000061292fe5a0
Event: 43.200 Thread 0x00000186e7c5c9a0 DEOPT UNPACKING pc=0x00000186d7d1a1a3 sp=0x00000061292fe4b0 mode 2
Event: 56.321 Thread 0x00000186e7c5c9a0 Uncommon trap: trap_request=0xffffff45 fr.pc=0x00000186d837685c relative=0x000000000000041c
Event: 56.321 Thread 0x00000186e7c5c9a0 Uncommon trap: reason=unstable_if action=reinterpret pc=0x00000186d837685c method=oracle.jdbc.driver.NumberCommonAccessor.getLong(I)J @ 12 c2
Event: 56.321 Thread 0x00000186e7c5c9a0 DEOPT PACKING pc=0x00000186d837685c sp=0x00000061292fea00
Event: 56.321 Thread 0x00000186e7c5c9a0 DEOPT UNPACKING pc=0x00000186d7d1a1a3 sp=0x00000061292fe990 mode 2

Classes unloaded (0 events):
No events

Classes redefined (0 events):
No events

Internal exceptions (20 events):
Event: 12.290 Thread 0x00000186e7c5c9a0 Exception <a 'java/lang/reflect/InvocationTargetException'{0x00000000869159c8}> (0x00000000869159c8) 
thrown [s\src\hotspot\share\runtime\reflection.cpp, line 1127]
Event: 12.291 Thread 0x00000186e7c5c9a0 Exception <a 'java/lang/reflect/InvocationTargetException'{0x0000000086918a80}> (0x0000000086918a80) 
thrown [s\src\hotspot\share\runtime\reflection.cpp, line 1127]
Event: 15.212 Thread 0x00000186e7c5a630 Exception <a 'java/lang/InterruptedException'{0x000000008662e970}> (0x000000008662e970) 
thrown [s\src\hotspot\share\runtime\objectMonitor.cpp, line 1658]
Event: 15.213 Thread 0x00000186e7c5c9a0 Exception <a 'java/lang/reflect/InvocationTargetException'{0x00000000867ef598}> (0x00000000867ef598) 
thrown [s\src\hotspot\share\runtime\reflection.cpp, line 1127]
Event: 17.802 Thread 0x00000186e7c5c9a0 Exception <a 'java/lang/reflect/InvocationTargetException'{0x000000008616c9c8}> (0x000000008616c9c8) 
thrown [s\src\hotspot\share\runtime\reflection.cpp, line 1127]
Event: 17.803 Thread 0x00000186e7c5c9a0 Exception <a 'java/lang/reflect/InvocationTargetException'{0x000000008616fa80}> (0x000000008616fa80) 
thrown [s\src\hotspot\share\runtime\reflection.cpp, line 1127]
Event: 20.167 Thread 0x00000186e7c5c9a0 Exception <a 'java/lang/reflect/InvocationTargetException'{0x0000000085ecdee8}> (0x0000000085ecdee8) 
thrown [s\src\hotspot\share\runtime\reflection.cpp, line 1127]
Event: 20.168 Thread 0x00000186e7c5c9a0 Exception <a 'java/lang/reflect/InvocationTargetException'{0x0000000085ed0ff0}> (0x0000000085ed0ff0) 
thrown [s\src\hotspot\share\runtime\reflection.cpp, line 1127]
Event: 30.627 Thread 0x00000186e7c5c9a0 Exception <a 'java/lang/reflect/InvocationTargetException'{0x0000000085b098d0}> (0x0000000085b098d0) 
thrown [s\src\hotspot\share\runtime\reflection.cpp, line 1127]
Event: 30.628 Thread 0x00000186e7c5c9a0 Exception <a 'java/lang/reflect/InvocationTargetException'{0x0000000085b0c988}> (0x0000000085b0c988) 
thrown [s\src\hotspot\share\runtime\reflection.cpp, line 1127]
Event: 30.724 Thread 0x00000186e7c5c9a0 Exception <a 'java/lang/NoSuchMethodError'{0x00000000859a1570}: static Lcom/intellij/database/remote/jdba/core/ConnectionInfo;.<clinit>()V> (0x00000000859a1570) 
thrown [s\src\hotspot\share\prims\jni.cpp, line 1108]
Event: 30.724 Thread 0x00000186e7c5c9a0 Exception <a 'java/lang/NoSuchMethodError'{0x00000000859ab928}: static Ljava/lang/Object;.<clinit>()V> (0x00000000859ab928) 
thrown [s\src\hotspot\share\prims\jni.cpp, line 1108]
Event: 30.724 Thread 0x00000186e7c5c9a0 Exception <a 'java/lang/NoSuchMethodError'{0x00000000859af1e0}: static [I.<clinit>()V> (0x00000000859af1e0) 
thrown [s\src\hotspot\share\prims\jni.cpp, line 1108]
Event: 30.802 Thread 0x00000186e7c5c9a0 Exception <a 'java/lang/NoSuchMethodError'{0x00000000858cfce8}: static Lcom/intellij/database/remote/jdba/core/ResultLayout;.<clinit>()V> (0x00000000858cfce8) 
thrown [s\src\hotspot\share\prims\jni.cpp, line 1108]
Event: 30.803 Thread 0x00000186e7c5c9a0 Exception <a 'java/lang/NoSuchMethodError'{0x00000000858dc5e8}: static Lcom/intellij/database/remote/jdba/core/RowLayout;.<clinit>()V> (0x00000000858dc5e8) 
thrown [s\src\hotspot\share\prims\jni.cpp, line 1108]
Event: 30.805 Thread 0x00000186e7c5c9a0 Exception <a 'java/lang/NoSuchMethodError'{0x00000000858f3cb0}: static Lcom/intellij/database/remote/jdba/util/NameAndClass;.<clinit>()V> (0x00000000858f3cb0) 
thrown [s\src\hotspot\share\prims\jni.cpp, line 1108]
Event: 32.066 Thread 0x00000186e7c5c9a0 Exception <a 'java/lang/NoSuchMethodError'{0x0000000087c23a68}: static [J.<clinit>()V> (0x0000000087c23a68) 
thrown [s\src\hotspot\share\prims\jni.cpp, line 1108]
Event: 42.446 Thread 0x00000186e7c5c9a0 Implicit null exception at 0x00000186d83724c8 to 0x00000186d83731a0
Event: 42.620 Thread 0x00000186e7c5c9a0 Implicit null exception at 0x00000186d8378614 to 0x00000186d8378fd8
Event: 128.753 Thread 0x00000186e7c5c9a0 Exception <a 'java/lang/reflect/InvocationTargetException'{0x0000000086731bf0}> (0x0000000086731bf0) 
thrown [s\src\hotspot\share\runtime\reflection.cpp, line 1127]

VM Operations (20 events):
Event: 43.016 Executing VM operation: Cleanup
Event: 43.016 Executing VM operation: Cleanup done
Event: 45.016 Executing VM operation: Cleanup
Event: 45.016 Executing VM operation: Cleanup done
Event: 47.017 Executing VM operation: Cleanup
Event: 47.017 Executing VM operation: Cleanup done
Event: 48.018 Executing VM operation: Cleanup
Event: 48.018 Executing VM operation: Cleanup done
Event: 49.018 Executing VM operation: Cleanup
Event: 49.018 Executing VM operation: Cleanup done
Event: 54.021 Executing VM operation: Cleanup
Event: 54.021 Executing VM operation: Cleanup done
Event: 57.023 Executing VM operation: Cleanup
Event: 57.023 Executing VM operation: Cleanup done
Event: 60.086 Executing VM operation: HandshakeAllThreads
Event: 60.086 Executing VM operation: HandshakeAllThreads done
Event: 125.117 Executing VM operation: Cleanup
Event: 125.118 Executing VM operation: Cleanup done
Event: 127.119 Executing VM operation: Cleanup
Event: 127.119 Executing VM operation: Cleanup done

Events (20 events):
Event: 48.379 Thread 0x00000186ec8382b0 Thread added: 0x00000186ec8382b0
Event: 48.379 Thread 0x00000186ec830e40 Thread exited: 0x00000186ec830e40
Event: 48.379 Thread 0x00000186ec832ca0 Thread exited: 0x00000186ec832ca0
Event: 48.379 Thread 0x00000186ec837890 Thread exited: 0x00000186ec837890
Event: 48.379 Thread 0x00000186ec837da0 Thread exited: 0x00000186ec837da0
Event: 48.386 Thread 0x00000186ec8382b0 Thread exited: 0x00000186ec8382b0
Event: 55.217 Thread 0x00000186e7c5a630 Thread added: 0x00000186e7c5a630
Event: 55.217 Thread 0x00000186e7c5b050 Thread added: 0x00000186e7c5b050
Event: 55.217 Thread 0x00000186e7c5b560 Thread added: 0x00000186e7c5b560
Event: 55.217 Thread 0x00000186e7c5ba70 Thread added: 0x00000186e7c5ba70
Event: 55.218 Thread 0x00000186ec831350 Thread added: 0x00000186ec831350
Event: 55.218 Thread 0x00000186e7c5b050 Thread exited: 0x00000186e7c5b050
Event: 55.218 Thread 0x00000186e7c5a630 Thread exited: 0x00000186e7c5a630
Event: 55.218 Thread 0x00000186e7c5b560 Thread exited: 0x00000186e7c5b560
Event: 55.218 Thread 0x00000186ec831350 Thread exited: 0x00000186ec831350
Event: 55.218 Thread 0x00000186e7c5ba70 Thread exited: 0x00000186e7c5ba70
Event: 76.071 Thread 0x00000186e7a339b0 Thread exited: 0x00000186e7a339b0
Event: 90.624 Thread 0x00000186e7c5d8d0 Thread exited: 0x00000186e7c5d8d0
Event: 106.016 Thread 0x00000186e7c5ab40 Thread exited: 0x00000186e7c5ab40
Event: 128.664 Thread 0x00000186e7c5d8d0 Thread added: 0x00000186e7c5d8d0


Dynamic libraries:
0x00007ff679170000 - 0x00007ff67917a000 	C:\Program Files\JetBrains\IntelliJ IDEA 2023.3.3\jbr\bin\java.exe
0x00007ffd1e7f0000 - 0x00007ffd1ea07000 	C:\WINDOWS\SYSTEM32\ntdll.dll
0x00007ffd1d0f0000 - 0x00007ffd1d1b4000 	C:\WINDOWS\System32\KERNEL32.DLL
0x00007ffd1c190000 - 0x00007ffd1c536000 	C:\WINDOWS\System32\KERNELBASE.dll
0x00007ffd1c070000 - 0x00007ffd1c181000 	C:\WINDOWS\System32\ucrtbase.dll
0x00007ffd05a40000 - 0x00007ffd05a57000 	C:\Program Files\JetBrains\IntelliJ IDEA 2023.3.3\jbr\bin\jli.dll
0x00007ffd05470000 - 0x00007ffd0548b000 	C:\Program Files\JetBrains\IntelliJ IDEA 2023.3.3\jbr\bin\VCRUNTIME140.dll
0x00007ffd1c680000 - 0x00007ffd1c82e000 	C:\WINDOWS\System32\USER32.dll
0x00007ffd1c040000 - 0x00007ffd1c066000 	C:\WINDOWS\System32\win32u.dll
0x00007ffd1ddc0000 - 0x00007ffd1dde9000 	C:\WINDOWS\System32\GDI32.dll
0x00007ffd1bb30000 - 0x00007ffd1bc48000 	C:\WINDOWS\System32\gdi32full.dll
0x00007ffcf9f50000 - 0x00007ffcfa1e3000 	C:\WINDOWS\WinSxS\amd64_microsoft.windows.common-controls_6595b64144ccf1df_6.0.22621.2506_none_270c5ae97388e100\COMCTL32.dll
0x00007ffd1bfa0000 - 0x00007ffd1c03a000 	C:\WINDOWS\System32\msvcp_win.dll
0x00007ffd1ceb0000 - 0x00007ffd1cf57000 	C:\WINDOWS\System32\msvcrt.dll
0x00007ffd1ddf0000 - 0x00007ffd1de21000 	C:\WINDOWS\System32\IMM32.DLL
0x00007ffd05460000 - 0x00007ffd0546c000 	C:\Program Files\JetBrains\IntelliJ IDEA 2023.3.3\jbr\bin\vcruntime140_1.dll
0x00007ffce8cc0000 - 0x00007ffce8d4d000 	C:\Program Files\JetBrains\IntelliJ IDEA 2023.3.3\jbr\bin\msvcp140.dll
0x00007ffc96c50000 - 0x00007ffc978d2000 	C:\Program Files\JetBrains\IntelliJ IDEA 2023.3.3\jbr\bin\server\jvm.dll
0x00007ffd1d1c0000 - 0x00007ffd1d273000 	C:\WINDOWS\System32\ADVAPI32.dll
0x00007ffd1de90000 - 0x00007ffd1df38000 	C:\WINDOWS\System32\sechost.dll
0x00007ffd1bc50000 - 0x00007ffd1bc78000 	C:\WINDOWS\System32\bcrypt.dll
0x00007ffd1c540000 - 0x00007ffd1c657000 	C:\WINDOWS\System32\RPCRT4.dll
0x00007ffd1a990000 - 0x00007ffd1a9dd000 	C:\WINDOWS\SYSTEM32\POWRPROF.dll
0x00007ffd0a040000 - 0x00007ffd0a04a000 	C:\WINDOWS\SYSTEM32\VERSION.dll
0x00007ffd12a10000 - 0x00007ffd12a44000 	C:\WINDOWS\SYSTEM32\WINMM.dll
0x00007ffcf9f30000 - 0x00007ffcf9f39000 	C:\WINDOWS\SYSTEM32\WSOCK32.dll
0x00007ffd1caf0000 - 0x00007ffd1cb61000 	C:\WINDOWS\System32\ws2_32.DLL
0x00007ffd1a970000 - 0x00007ffd1a983000 	C:\WINDOWS\SYSTEM32\UMPDC.dll
0x00007ffd1ac30000 - 0x00007ffd1ac48000 	C:\WINDOWS\SYSTEM32\kernel.appcore.dll
0x00007ffd181b0000 - 0x00007ffd181ba000 	C:\Program Files\JetBrains\IntelliJ IDEA 2023.3.3\jbr\bin\jimage.dll
0x00007ffd19310000 - 0x00007ffd19543000 	C:\WINDOWS\SYSTEM32\DBGHELP.DLL
0x00007ffd1d380000 - 0x00007ffd1d709000 	C:\WINDOWS\System32\combase.dll
0x00007ffd1cc10000 - 0x00007ffd1cce7000 	C:\WINDOWS\System32\OLEAUT32.dll
0x00007ffd062b0000 - 0x00007ffd062e2000 	C:\WINDOWS\SYSTEM32\dbgcore.DLL
0x00007ffd1bc80000 - 0x00007ffd1bcfa000 	C:\WINDOWS\System32\bcryptPrimitives.dll
0x00007ffd05ef0000 - 0x00007ffd05f15000 	C:\Program Files\JetBrains\IntelliJ IDEA 2023.3.3\jbr\bin\java.dll
0x00007ffd136c0000 - 0x00007ffd136d8000 	C:\Program Files\JetBrains\IntelliJ IDEA 2023.3.3\jbr\bin\zip.dll
0x00007ffd1df40000 - 0x00007ffd1e79b000 	C:\WINDOWS\System32\SHELL32.dll
0x00007ffd19a40000 - 0x00007ffd1a336000 	C:\WINDOWS\SYSTEM32\windows.storage.dll
0x00007ffd19900000 - 0x00007ffd19a3e000 	C:\WINDOWS\SYSTEM32\wintypes.dll
0x00007ffd1d280000 - 0x00007ffd1d373000 	C:\WINDOWS\System32\SHCORE.dll
0x00007ffd1ce50000 - 0x00007ffd1ceae000 	C:\WINDOWS\System32\shlwapi.dll
0x00007ffd1ba60000 - 0x00007ffd1ba86000 	C:\WINDOWS\SYSTEM32\profapi.dll
0x00007ffd12ac0000 - 0x00007ffd12ad9000 	C:\Program Files\JetBrains\IntelliJ IDEA 2023.3.3\jbr\bin\net.dll
0x00007ffd13960000 - 0x00007ffd13a97000 	C:\WINDOWS\SYSTEM32\WINHTTP.dll
0x00007ffd1b0c0000 - 0x00007ffd1b129000 	C:\WINDOWS\system32\mswsock.dll
0x00007ffd073b0000 - 0x00007ffd073c6000 	C:\Program Files\JetBrains\IntelliJ IDEA 2023.3.3\jbr\bin\nio.dll
0x00007ffd073d0000 - 0x00007ffd073d9000 	C:\Program Files\JetBrains\IntelliJ IDEA 2023.3.3\jbr\bin\management.dll
0x00007ffd059f0000 - 0x00007ffd059fb000 	C:\Program Files\JetBrains\IntelliJ IDEA 2023.3.3\jbr\bin\management_ext.dll
0x00007ffd1dd50000 - 0x00007ffd1dd58000 	C:\WINDOWS\System32\PSAPI.DLL
0x00007ffd1a620000 - 0x00007ffd1a64d000 	C:\WINDOWS\SYSTEM32\IPHLPAPI.DLL
0x00007ffd1cc00000 - 0x00007ffd1cc09000 	C:\WINDOWS\System32\NSI.dll
0x00007ffd148a0000 - 0x00007ffd148b9000 	C:\WINDOWS\SYSTEM32\dhcpcsvc6.DLL
0x00007ffd14880000 - 0x00007ffd1489f000 	C:\WINDOWS\SYSTEM32\dhcpcsvc.DLL
0x00007ffd1a650000 - 0x00007ffd1a749000 	C:\WINDOWS\SYSTEM32\DNSAPI.dll
0x00007ffd1b310000 - 0x00007ffd1b32b000 	C:\WINDOWS\SYSTEM32\CRYPTSP.dll
0x00007ffd1ab90000 - 0x00007ffd1abc5000 	C:\WINDOWS\system32\rsaenh.dll
0x00007ffd1b1b0000 - 0x00007ffd1b1dc000 	C:\WINDOWS\SYSTEM32\USERENV.dll
0x00007ffd1b330000 - 0x00007ffd1b33c000 	C:\WINDOWS\SYSTEM32\CRYPTBASE.dll
0x00007ffd03f20000 - 0x00007ffd03f27000 	C:\Program Files\JetBrains\IntelliJ IDEA 2023.3.3\jbr\bin\rmi.dll
0x00007ffd12d80000 - 0x00007ffd12d8a000 	C:\Windows\System32\rasadhlp.dll
0x00007ffd0ad90000 - 0x00007ffd0ae13000 	C:\WINDOWS\System32\fwpuclnt.dll
0x00007ffcf9ee0000 - 0x00007ffcf9ef7000 	C:\WINDOWS\system32\napinsp.dll
0x00007ffcf2470000 - 0x00007ffcf248b000 	C:\WINDOWS\system32\pnrpnsp.dll
0x00007ffcf2420000 - 0x00007ffcf2431000 	C:\WINDOWS\System32\winrnr.dll
0x00007ffd0a8e0000 - 0x00007ffd0a8f5000 	C:\WINDOWS\system32\wshbth.dll
0x00007ffcf1ea0000 - 0x00007ffcf1ec1000 	C:\WINDOWS\system32\nlansp_c.dll

dbghelp: loaded successfully - version: 4.0.5 - missing functions: none
symbol engine: initialized successfully - sym options: 0x614 - pdb path: .;C:\Program Files\JetBrains\IntelliJ IDEA 2023.3.3\jbr\bin;C:\WINDOWS\SYSTEM32;C:\WINDOWS\WinSxS\amd64_microsoft.windows.common-controls_6595b64144ccf1df_6.0.22621.2506_none_270c5ae97388e100;C:\Program Files\JetBrains\IntelliJ IDEA 2023.3.3\jbr\bin\server

VM Arguments:
jvm_args: -Djava.rmi.server.hostname=127.0.0.1 -Duser.timezone=UTC -Xmx2048m -Xms128m -Dhttp.proxyHost=localhost -Dhttp.proxyPort=80 -Dhttps.proxyHost=localhost -Dhttps.proxyPort=80 -Dhttp.nonProxyHosts=localhost|127.0.0.1 -Dhttps.nonProxyHosts=localhost|127.0.0.1 -Djdbc.classpath=C:\Program Files\JetBrains\IntelliJ IDEA 2023.3.3\plugins\DatabaseTools\lib\jdbc-console.jar;C:\Users\damil\AppData\Roaming\JetBrains\IntelliJIdea2023.3\jdbc-drivers\Oracle\21.5.0.0\com\oracle\database\jdbc\ojdbc11\21.5.0.0\ojdbc11-21.5.0.0.jar;C:\Users\damil\AppData\Roaming\JetBrains\IntelliJIdea2023.3\jdbc-drivers\Oracle\21.5.0.0\com\oracle\database\xml\xdb\21.5.0.0\xdb-21.5.0.0.jar;C:\Users\damil\AppData\Roaming\JetBrains\IntelliJIdea2023.3\jdbc-drivers\Oracle\21.5.0.0\com\oracle\database\xml\xmlparserv2\21.5.0.0\xmlparserv2-21.5.0.0.jar;C:\Users\damil\AppData\Roaming\JetBrains\IntelliJIdea2023.3\jdbc-drivers\Oracle\21.5.0.0\com\oracle\database\nls\orai18n\21.5.0.0\orai18n-21.5.0.0.jar;C:\Users\damil\AppData\Roaming\JetBrains\IntelliJIdea2023.3\jdbc-drivers\Oracle\21.5.0.0\com\oracle\database\jdbc\ucp\21.5.0.0\ucp-21.5.0.0.jar;C:\Users\damil\AppData\Roaming\JetBrains\IntelliJIdea2023.3\jdbc-drivers\Oracle\21.5.0.0\com\oracle\database\jdbc\rsi\21.5.0.0\rsi-21.5.0.0.jar;C:\Users\damil\AppData\Roaming\JetBrains\IntelliJIdea2023.3\jdbc-drivers\Oracle\21.5.0.0\com\oracle\database\security\osdt_core\21.5.0.0\osdt_core-21.5.0.0.jar;C:\Users\damil\AppData\Roaming\JetBrains\IntelliJIdea2023.3\jdbc-drivers\Oracle\21.5.0.0\com\oracle\database\security\osdt_cert\21.5.0.0\osdt_cert-21.5.0.0.jar;C:\Users\damil\AppData\Roaming\JetBrains\IntelliJIdea2023.3\jdbc-drivers\Oracle\21.5.0.0\com\oracle\database\security\oraclepki\21.5.0.0\oraclepki-21.5.0.0.jar --add-exports=java.desktop/sun.awt=ALL-UNNAMED --add-exports=java.desktop/java.awt.peer=ALL-UNNAMED --add-opens=java.desktop/java.awt=ALL-UNNAMED --add-opens=jdk.unsupported/sun.misc=ALL-UNNAMED --add-opens=java.base/java.nio=ALL-UNNAMED --add-opens=java.base/java.util=ALL-UNNAMED -Dfile.encoding=UTF-8 
java_command: com.intellij.database.remote.RemoteJdbcServer oracle.jdbc.OracleDriver
java_class_path (initial): C:\Program Files\JetBrains\IntelliJ IDEA 2023.3.3\lib\util_rt.jar;C:\Program Files\JetBrains\IntelliJ IDEA 2023.3.3\lib\util-8.jar;C:\Program Files\JetBrains\IntelliJ IDEA 2023.3.3\lib\groovy.jar;C:\Program Files\JetBrains\IntelliJ IDEA 2023.3.3\plugins\DatabaseTools\lib\jdbc-console.jar;C:\Program Files\JetBrains\IntelliJ IDEA 2023.3.3\plugins\grid-core-impl\lib\jdbc-console-types.jar;C:\Program Files\JetBrains\IntelliJ IDEA 2023.3.3\lib\util.jar
Launcher Type: SUN_STANDARD

[Global flags]
     intx CICompilerCount                          = 4                                         {product} {ergonomic}
     uint ConcGCThreads                            = 2                                         {product} {ergonomic}
     uint G1ConcRefinementThreads                  = 8                                         {product} {ergonomic}
   size_t G1HeapRegionSize                         = 1048576                                   {product} {ergonomic}
    uintx GCDrainStackTargetSize                   = 64                                        {product} {ergonomic}
   size_t InitialHeapSize                          = 134217728                                 {product} {command line}
   size_t MarkStackSize                            = 4194304                                   {product} {ergonomic}
   size_t MaxHeapSize                              = 2147483648                                {product} {command line}
   size_t MaxNewSize                               = 1287651328                                {product} {ergonomic}
   size_t MinHeapDeltaBytes                        = 1048576                                   {product} {ergonomic}
   size_t MinHeapSize                              = 134217728                                 {product} {command line}
    uintx NonNMethodCodeHeapSize                   = 5839372                                {pd product} {ergonomic}
    uintx NonProfiledCodeHeapSize                  = 122909434                              {pd product} {ergonomic}
    uintx ProfiledCodeHeapSize                     = 122909434                              {pd product} {ergonomic}
    uintx ReservedCodeCacheSize                    = 251658240                              {pd product} {ergonomic}
     bool SegmentedCodeCache                       = true                                      {product} {ergonomic}
   size_t SoftMaxHeapSize                          = 2147483648                             {manageable} {ergonomic}
     bool UseCompressedClassPointers               = true                           {product lp64_product} {ergonomic}
     bool UseCompressedOops                        = true                           {product lp64_product} {ergonomic}
     bool UseG1GC                                  = true                                      {product} {ergonomic}
     bool UseLargePagesIndividualAllocation        = false                                  {pd product} {ergonomic}

Logging:
Log output configuration:
 #0: stdout all=warning uptime,level,tags
 #1: stderr all=off uptime,level,tags

Environment Variables:
JAVA_HOME=C:\Program Files\Java\jdk-17\
PATH=C:\app\DamiAdeeso\product\12.2.0\dbhome_1\bin;C:\Program Files\Common Files\Oracle\Java\javapath;C:\Program Files (x86)\VMware\VMware Player\bin\;C:\WINDOWS\system32;C:\WINDOWS;C:\WINDOWS\System32\Wbem;C:\WINDOWS\System32\WindowsPowerShell\v1.0\;C:\WINDOWS\System32\OpenSSH\;C:\ProgramData\chocolatey\bin;C:\Program Files\Git\cmd;C:\Program Files\nodejs\;C:\Program Files\Docker\Docker\resources\bin;C:\Program Files\MySQL\MySQL Shell 8.0\bin\;C:\Users\damil\AppData\Local\Microsoft\WindowsApps;C:\Users\damil\AppData\Local\Android\Sdk\platform-tools;C:\Users\damil\AppData\Local\Programs\Microsoft VS Code Insiders\bin;C:\Users\damil\AppData\Local\GitHubDesktop\bin;C:\Users\damil\AppData\Roaming\npm;C:\ProgramData\HP\GitHubDesktop\bin;C:\Program Files\JetBrains\IntelliJ IDEA 2023.3.3\bin;
USERNAME=HP
OS=Windows_NT
PROCESSOR_IDENTIFIER=Intel64 Family 6 Model 140 Stepping 2, GenuineIntel
TMP=C:\Users\damil\AppData\Local\Temp
TEMP=C:\Users\damil\AppData\Local\Temp



Periodic native trim disabled

JNI global refs:
JNI global refs: 17, weak refs: 0

JNI global refs memory usage: 843, weak refs: 209

OOME stack traces (most recent first):
Classloader memory used:
Loader bootstrap                                                                       : 2234K
Loader com.intellij.database.remote.jdbc.impl.JdbcClassLoader$JdbcClassLoaderImpl      : 909K
Loader jdk.internal.loader.ClassLoaders$AppClassLoader                                 : 263K
Loader jdk.internal.loader.ClassLoaders$PlatformClassLoader                            : 45855B
Loader jdk.internal.reflect.DelegatingClassLoader                                      : 42223B


---------------  S Y S T E M  ---------------

OS:
 Windows 11 , 64 bit Build 22621 (10.0.22621.3085)
OS uptime: 5 days 2:34 hours
Hyper-V role detected

CPU: total 8 (initial active 8) (4 cores per cpu, 2 threads per core) family 6 model 140 stepping 2 microcode 0x28, cx8, cmov, fxsr, ht, mmx, 3dnowpref, sse, sse2, sse3, ssse3, sse4.1, sse4.2, popcnt, lzcnt, tsc, tscinvbit, avx, avx2, aes, erms, clmul, bmi1, bmi2, adx, avx512f, avx512dq, avx512cd, avx512bw, avx512vl, sha, fma, vzeroupper, avx512_vpopcntdq, avx512_vpclmulqdq, avx512_vaes, avx512_vnni, clflush, clflushopt, clwb, avx512_vbmi2, avx512_vbmi, hv
Processor Information for all 8 processors :
  Max Mhz: 2918, Current Mhz: 2918, Mhz Limit: 2918

Memory: 4k page, system-wide physical 7937M (1017M free)
TotalPageFile size 32513M (AvailPageFile size 18M)
current process WorkingSet (physical memory assigned to process): 41M, peak: 132M
current process commit charge ("private bytes"): 246M, peak: 273M

vm_info: OpenJDK 64-Bit Server VM (17.0.9+7-b1087.11) for windows-amd64 JRE (17.0.9+7-b1087.11), built on 2024-01-05 by "builduser" with MS VC++ 16.10 / 16.11 (VS2019)

END.
