#
# There is insufficient memory for the Java Runtime Environment to continue.
# Native memory allocation (malloc) failed to allocate 1604432 bytes for Chunk::new
# Possible reasons:
#   The system is out of physical RAM or swap space
#   The process is running with CompressedOops enabled, and the Java Heap may be blocking the growth of the native heap
# Possible solutions:
#   Reduce memory load on the system
#   Increase physical memory or swap space
#   Check if swap backing store is full
#   Decrease Java heap size (-Xmx/-Xms)
#   Decrease number of Java threads
#   Decrease Java thread stack sizes (-Xss)
#   Set larger code cache with -XX:ReservedCodeCacheSize=
#   JVM is running with Unscaled Compressed Oops mode in which the Java heap is
#     placed in the first 4GB address space. The Java Heap base address is the
#     maximum limit for the native heap growth. Please use -XX:HeapBaseMinAddress
#     to set the Java Heap base and to place the Java Heap above 4GB virtual address.
# This output file may be truncated or incomplete.
#
#  Out of Memory Error (arena.cpp:189), pid=30632, tid=30988
#
# JRE version: Java(TM) SE Runtime Environment (17.0.8+9) (build 17.0.8+9-LTS-211)
# Java VM: Java HotSpot(TM) 64-Bit Server VM (17.0.8+9-LTS-211, mixed mode, sharing, tiered, compressed oops, compressed class ptrs, g1 gc, windows-amd64)
# No core dump will be written. Minidumps are not enabled by default on client versions of Windows
#

---------------  S U M M A R Y ------------

Command Line: -agentlib:jdwp=transport=dt_socket,address=127.0.0.1:64104,suspend=y,server=n -javaagent:C:\Users\damil\AppData\Local\JetBrains\IntelliJIdea2023.3\captureAgent\debugger-agent.jar=file:/C:/Users/damil/AppData/Local/Temp/capture.props -Dfile.encoding=UTF-8 com.SharpDevs.Recipe.Mania.RecipeManiaApplication

Host: 11th Gen Intel(R) Core(TM) i7-1195G7 @ 2.90GHz, 8 cores, 7G,  Windows 11 , 64 bit Build 22621 (10.0.22621.3085)
Time: Mon Feb 19 11:36:58 2024 W. Central Africa Standard Time elapsed time: 45.117705 seconds (0d 0h 0m 45s)

---------------  T H R E A D  ---------------

Current thread (0x000001cf70fbe0d0):  JavaThread "C2 CompilerThread1" daemon [_thread_in_native, id=30988, stack(0x0000007df5100000,0x0000007df5200000)]


Current CompileTask:
C2:  45117 7216 % !   4       org.springframework.beans.factory.support.DefaultListableBeanFactory::doGetBeanNamesForType @ 20 (505 bytes)

Stack: [0x0000007df5100000,0x0000007df5200000]
Native frames: (J=compiled Java code, j=interpreted, Vv=VM code, C=native code)
V  [jvm.dll+0x677d0a]
V  [jvm.dll+0x7d8c54]
V  [jvm.dll+0x7da3fe]
V  [jvm.dll+0x7daa63]
V  [jvm.dll+0x245c5f]
V  [jvm.dll+0xaaa6b]
V  [jvm.dll+0xab00c]
V  [jvm.dll+0x361e8e]
V  [jvm.dll+0x1bb87a]
V  [jvm.dll+0x218157]
V  [jvm.dll+0x217431]
V  [jvm.dll+0x1a3af0]
V  [jvm.dll+0x2270be]
V  [jvm.dll+0x22535b]
V  [jvm.dll+0x78e7bc]
V  [jvm.dll+0x788bba]
V  [jvm.dll+0x676b35]
C  [ucrtbase.dll+0x29363]
C  [KERNEL32.DLL+0x1257d]
C  [ntdll.dll+0x5aa58]


---------------  P R O C E S S  ---------------

Threads class SMR info:
_java_thread_list=0x000001cf70fbfff0, length=26, elements={
0x000001cf4ace15b0, 0x000001cf6ac61390, 0x000001cf6ac636f0, 0x000001cf6ac77880,
0x000001cf6ac78430, 0x000001cf6ac7b500, 0x000001cf6ac7e660, 0x000001cf6ac85c60,
0x000001cf6ac86ab0, 0x000001cf6ac88b80, 0x000001cf6ac4af00, 0x000001cf6f13cee0,
0x000001cf6f249370, 0x000001cf6f1b5470, 0x000001cf6f1fe680, 0x000001cf707746e0,
0x000001cf70774bb0, 0x000001cf70775550, 0x000001cf70775a20, 0x000001cf70772060,
0x000001cf738d5e40, 0x000001cf738d8990, 0x000001cf738dc350, 0x000001cf738d7180,
0x000001cf70fbe0d0, 0x000001cf707b0a30
}

Java Threads: ( => current thread )
  0x000001cf4ace15b0 JavaThread "main" [_thread_blocked, id=40716, stack(0x0000007df2700000,0x0000007df2800000)]
  0x000001cf6ac61390 JavaThread "Reference Handler" daemon [_thread_blocked, id=32864, stack(0x0000007df2e00000,0x0000007df2f00000)]
  0x000001cf6ac636f0 JavaThread "Finalizer" daemon [_thread_blocked, id=24988, stack(0x0000007df2f00000,0x0000007df3000000)]
  0x000001cf6ac77880 JavaThread "Signal Dispatcher" daemon [_thread_blocked, id=12336, stack(0x0000007df3000000,0x0000007df3100000)]
  0x000001cf6ac78430 JavaThread "Attach Listener" daemon [_thread_blocked, id=40080, stack(0x0000007df3100000,0x0000007df3200000)]
  0x000001cf6ac7b500 JavaThread "Service Thread" daemon [_thread_blocked, id=23156, stack(0x0000007df3200000,0x0000007df3300000)]
  0x000001cf6ac7e660 JavaThread "Monitor Deflation Thread" daemon [_thread_blocked, id=20308, stack(0x0000007df3300000,0x0000007df3400000)]
  0x000001cf6ac85c60 JavaThread "C2 CompilerThread0" daemon [_thread_in_native, id=23004, stack(0x0000007df3400000,0x0000007df3500000)]
  0x000001cf6ac86ab0 JavaThread "C1 CompilerThread0" daemon [_thread_blocked, id=14716, stack(0x0000007df3500000,0x0000007df3600000)]
  0x000001cf6ac88b80 JavaThread "Sweeper thread" daemon [_thread_blocked, id=5836, stack(0x0000007df3600000,0x0000007df3700000)]
  0x000001cf6ac4af00 JavaThread "Common-Cleaner" daemon [_thread_blocked, id=19180, stack(0x0000007df3700000,0x0000007df3800000)]
  0x000001cf6f13cee0 JavaThread "JDWP Transport Listener: dt_socket" daemon [_thread_blocked, id=38904, stack(0x0000007df3800000,0x0000007df3900000)]
  0x000001cf6f249370 JavaThread "JDWP Event Helper Thread" daemon [_thread_blocked, id=6308, stack(0x0000007df3900000,0x0000007df3a00000)]
  0x000001cf6f1b5470 JavaThread "JDWP Command Reader" daemon [_thread_in_native, id=38148, stack(0x0000007df3a00000,0x0000007df3b00000)]
  0x000001cf6f1fe680 JavaThread "Notification Thread" daemon [_thread_blocked, id=40044, stack(0x0000007df3b00000,0x0000007df3c00000)]
  0x000001cf707746e0 JavaThread "oracle.jdbc.diagnostics.Diagnostic.CLOCK" daemon [_thread_blocked, id=32452, stack(0x0000007df4600000,0x0000007df4700000)]
  0x000001cf70774bb0 JavaThread "oracle.jdbc.driver.BlockSource.ThreadedCachingBlockSource.BlockReleaser" daemon [_thread_blocked, id=34948, stack(0x0000007df3d00000,0x0000007df3e00000)]
  0x000001cf70775550 JavaThread "InterruptTimer" daemon [_thread_blocked, id=21168, stack(0x0000007df4800000,0x0000007df4900000)]
  0x000001cf70775a20 JavaThread "OJDBC-WORKER-THREAD-1" daemon [_thread_blocked, id=14832, stack(0x0000007df4900000,0x0000007df4a00000)]
  0x000001cf70772060 JavaThread "HikariPool-1 housekeeper" daemon [_thread_blocked, id=15172, stack(0x0000007df4a00000,0x0000007df4b00000)]
  0x000001cf738d5e40 JavaThread "Catalina-utility-1" [_thread_blocked, id=7048, stack(0x0000007df4c00000,0x0000007df4d00000)]
  0x000001cf738d8990 JavaThread "Catalina-utility-2" [_thread_blocked, id=34368, stack(0x0000007df4d00000,0x0000007df4e00000)]
  0x000001cf738dc350 JavaThread "container-0" [_thread_blocked, id=36092, stack(0x0000007df4e00000,0x0000007df4f00000)]
  0x000001cf738d7180 JavaThread "java-sdk-http-connection-reaper" daemon [_thread_blocked, id=22816, stack(0x0000007df4b00000,0x0000007df4c00000)]
=>0x000001cf70fbe0d0 JavaThread "C2 CompilerThread1" daemon [_thread_in_native, id=30988, stack(0x0000007df5100000,0x0000007df5200000)]
  0x000001cf707b0a30 JavaThread "C2 CompilerThread2" daemon [_thread_in_native, id=16060, stack(0x0000007df5200000,0x0000007df5300000)]

Other Threads:
  0x000001cf6ac5d160 VMThread "VM Thread" [stack: 0x0000007df2d00000,0x0000007df2e00000] [id=13532]
  0x000001cf6f1fef60 WatcherThread [stack: 0x0000007df3c00000,0x0000007df3d00000] [id=22840]
  0x000001cf4ad3cc50 GCTaskThread "GC Thread#0" [stack: 0x0000007df2800000,0x0000007df2900000] [id=7916]
  0x000001cf6f8c8680 GCTaskThread "GC Thread#1" [stack: 0x0000007df3e00000,0x0000007df3f00000] [id=12384]
  0x000001cf6fc44860 GCTaskThread "GC Thread#2" [stack: 0x0000007df3f00000,0x0000007df4000000] [id=14112]
  0x000001cf6fa294c0 GCTaskThread "GC Thread#3" [stack: 0x0000007df4000000,0x0000007df4100000] [id=28756]
  0x000001cf6fc76600 GCTaskThread "GC Thread#4" [stack: 0x0000007df4100000,0x0000007df4200000] [id=40788]
  0x000001cf6fc768b0 GCTaskThread "GC Thread#5" [stack: 0x0000007df4200000,0x0000007df4300000] [id=26168]
  0x000001cf6fc76b60 GCTaskThread "GC Thread#6" [stack: 0x0000007df4300000,0x0000007df4400000] [id=612]
  0x000001cf6fc76e10 GCTaskThread "GC Thread#7" [stack: 0x0000007df4400000,0x0000007df4500000] [id=40892]
  0x000001cf4ad4e3e0 ConcurrentGCThread "G1 Main Marker" [stack: 0x0000007df2900000,0x0000007df2a00000] [id=33816]
  0x000001cf4ad505a0 ConcurrentGCThread "G1 Conc#0" [stack: 0x0000007df2a00000,0x0000007df2b00000] [id=25936]
  0x000001cf715d0cb0 ConcurrentGCThread "G1 Conc#1" [stack: 0x0000007df4500000,0x0000007df4600000] [id=36792]
  0x000001cf4ad9dcd0 ConcurrentGCThread "G1 Refine#0" [stack: 0x0000007df2b00000,0x0000007df2c00000] [id=1932]
  0x000001cf4ad9e6f0 ConcurrentGCThread "G1 Service" [stack: 0x0000007df2c00000,0x0000007df2d00000] [id=40644]

Threads with active compile tasks:
C2 CompilerThread0    45147 7161   !   4       org.springframework.core.annotation.AnnotationsScanner::processClassHierarchy (234 bytes)
C1 CompilerThread0    45147 7279       3       java.util.Properties::get (9 bytes)
C2 CompilerThread1    45147 7216 % !   4       org.springframework.beans.factory.support.DefaultListableBeanFactory::doGetBeanNamesForType @ 20 (505 bytes)
C2 CompilerThread2    45147 7243 % !   4       java.util.concurrent.ConcurrentHashMap::transfer @ 372 (849 bytes)

VM state: at safepoint (normal execution)

VM Mutex/Monitor currently owned by a thread:  ([mutex/lock_event])
[0x000001cf4acdd220] Threads_lock - owner thread: 0x000001cf6ac5d160
[0x000001cf4acdd970] Heap_lock - owner thread: 0x000001cf4ace15b0

Heap address: 0x0000000083e00000, size: 1986 MB, Compressed Oops mode: 32-bit

CDS archive(s) mapped at: [0x000001cf00000000-0x000001cf00bd0000-0x000001cf00bd0000), size 12386304, SharedBaseAddress: 0x000001cf00000000, ArchiveRelocationMode: 1.
Compressed class space mapped at: 0x000001cf01000000-0x000001cf41000000, reserved size: 1073741824
Narrow klass base: 0x000001cf00000000, Narrow klass shift: 0, Narrow klass range: 0x100000000

GC Precious Log:
 CPUs: 8 total, 8 available
 Memory: 7937M
 Large Page Support: Disabled
 NUMA Support: Disabled
 Compressed Oops: Enabled (32-bit)
 Heap Region Size: 1M
 Heap Min Capacity: 8M
 Heap Initial Capacity: 126M
 Heap Max Capacity: 1986M
 Pre-touch: Disabled
 Parallel Workers: 8
 Concurrent Workers: 2
 Concurrent Refinement Workers: 8
 Periodic GC: Disabled

Heap:
 garbage-first heap   total 78848K, used 61241K [0x0000000083e00000, 0x0000000100000000)
  region size 1024K, 26 young (26624K), 1 survivors (1024K)
 Metaspace       used 81141K, committed 81728K, reserved 1179648K
  class space    used 11038K, committed 11328K, reserved 1048576K

Heap Regions: E=young(eden), S=young(survivor), O=old, HS=humongous(starts), HC=humongous(continues), CS=collection set, F=free, OA=open archive, CA=closed archive, TAMS=top-at-mark-start (previous, next)
|   0|0x0000000083e00000, 0x0000000083f00000, 0x0000000083f00000|100%|HS|  |TAMS 0x0000000083f00000, 0x0000000083e00000| Complete 
|   1|0x0000000083f00000, 0x0000000084000000, 0x0000000084000000|100%| O|  |TAMS 0x0000000084000000, 0x0000000083f00000| Untracked 
|   2|0x0000000084000000, 0x0000000084100000, 0x0000000084100000|100%| O|  |TAMS 0x0000000084100000, 0x0000000084000000| Untracked 
|   3|0x0000000084100000, 0x0000000084200000, 0x0000000084200000|100%| O|  |TAMS 0x0000000084200000, 0x0000000084100000| Untracked 
|   4|0x0000000084200000, 0x0000000084300000, 0x0000000084300000|100%| O|  |TAMS 0x0000000084300000, 0x0000000084200000| Untracked 
|   5|0x0000000084300000, 0x0000000084400000, 0x0000000084400000|100%| O|  |TAMS 0x0000000084400000, 0x0000000084300000| Untracked 
|   6|0x0000000084400000, 0x0000000084500000, 0x0000000084500000|100%| O|  |TAMS 0x0000000084500000, 0x0000000084400000| Untracked 
|   7|0x0000000084500000, 0x00000000845fba00, 0x0000000084600000| 98%| O|  |TAMS 0x00000000845fba00, 0x0000000084500000| Untracked 
|   8|0x0000000084600000, 0x0000000084700000, 0x0000000084700000|100%| O|  |TAMS 0x0000000084700000, 0x0000000084600000| Untracked 
|   9|0x0000000084700000, 0x0000000084800000, 0x0000000084800000|100%| O|  |TAMS 0x0000000084800000, 0x0000000084700000| Untracked 
|  10|0x0000000084800000, 0x0000000084900000, 0x0000000084900000|100%| O|  |TAMS 0x0000000084900000, 0x0000000084800000| Untracked 
|  11|0x0000000084900000, 0x0000000084a00000, 0x0000000084a00000|100%| O|  |TAMS 0x0000000084a00000, 0x0000000084900000| Untracked 
|  12|0x0000000084a00000, 0x0000000084b00000, 0x0000000084b00000|100%| O|  |TAMS 0x0000000084b00000, 0x0000000084a00000| Untracked 
|  13|0x0000000084b00000, 0x0000000084c00000, 0x0000000084c00000|100%| O|  |TAMS 0x0000000084c00000, 0x0000000084b00000| Untracked 
|  14|0x0000000084c00000, 0x0000000084d00000, 0x0000000084d00000|100%| O|  |TAMS 0x0000000084d00000, 0x0000000084c00000| Untracked 
|  15|0x0000000084d00000, 0x0000000084e00000, 0x0000000084e00000|100%| O|  |TAMS 0x0000000084e00000, 0x0000000084d00000| Untracked 
|  16|0x0000000084e00000, 0x0000000084f00000, 0x0000000084f00000|100%| O|  |TAMS 0x0000000084f00000, 0x0000000084e00000| Untracked 
|  17|0x0000000084f00000, 0x0000000085000000, 0x0000000085000000|100%| O|  |TAMS 0x0000000085000000, 0x0000000084f00000| Untracked 
|  18|0x0000000085000000, 0x0000000085100000, 0x0000000085100000|100%| O|  |TAMS 0x0000000085100000, 0x0000000085000000| Untracked 
|  19|0x0000000085100000, 0x0000000085200000, 0x0000000085200000|100%| O|  |TAMS 0x0000000085200000, 0x0000000085100000| Untracked 
|  20|0x0000000085200000, 0x0000000085229000, 0x0000000085300000| 16%| O|  |TAMS 0x0000000085229000, 0x0000000085200000| Untracked 
|  21|0x0000000085300000, 0x0000000085400000, 0x0000000085400000|100%| O|  |TAMS 0x0000000085400000, 0x0000000085300000| Untracked 
|  22|0x0000000085400000, 0x0000000085500000, 0x0000000085500000|100%| O|  |TAMS 0x0000000085500000, 0x0000000085400000| Untracked 
|  23|0x0000000085500000, 0x0000000085600000, 0x0000000085600000|100%| O|  |TAMS 0x0000000085574a00, 0x0000000085500000| Untracked 
|  24|0x0000000085600000, 0x0000000085700000, 0x0000000085700000|100%| O|  |TAMS 0x0000000085600000, 0x0000000085600000| Untracked 
|  25|0x0000000085700000, 0x0000000085800000, 0x0000000085800000|100%| O|  |TAMS 0x0000000085700000, 0x0000000085700000| Untracked 
|  26|0x0000000085800000, 0x0000000085900000, 0x0000000085900000|100%| O|  |TAMS 0x0000000085800000, 0x0000000085800000| Untracked 
|  27|0x0000000085900000, 0x0000000085a00000, 0x0000000085a00000|100%| O|  |TAMS 0x0000000085900000, 0x0000000085900000| Untracked 
|  28|0x0000000085a00000, 0x0000000085b00000, 0x0000000085b00000|100%| O|  |TAMS 0x0000000085a00000, 0x0000000085a00000| Untracked 
|  29|0x0000000085b00000, 0x0000000085c00000, 0x0000000085c00000|100%| O|  |TAMS 0x0000000085b00000, 0x0000000085b00000| Untracked 
|  30|0x0000000085c00000, 0x0000000085d00000, 0x0000000085d00000|100%| O|  |TAMS 0x0000000085c00000, 0x0000000085c00000| Untracked 
|  31|0x0000000085d00000, 0x0000000085d549c0, 0x0000000085e00000| 33%| O|  |TAMS 0x0000000085d00000, 0x0000000085d00000| Untracked 
|  32|0x0000000085e00000, 0x0000000085e00000, 0x0000000085f00000|  0%| F|  |TAMS 0x0000000085e00000, 0x0000000085e00000| Untracked 
|  33|0x0000000085f00000, 0x0000000085f00000, 0x0000000086000000|  0%| F|  |TAMS 0x0000000085f00000, 0x0000000085f00000| Untracked 
|  34|0x0000000086000000, 0x0000000086000000, 0x0000000086100000|  0%| F|  |TAMS 0x0000000086000000, 0x0000000086000000| Untracked 
|  35|0x0000000086100000, 0x0000000086100000, 0x0000000086200000|  0%| F|  |TAMS 0x0000000086100000, 0x0000000086100000| Untracked 
|  36|0x0000000086200000, 0x0000000086200000, 0x0000000086300000|  0%| F|  |TAMS 0x0000000086200000, 0x0000000086200000| Untracked 
|  37|0x0000000086300000, 0x0000000086300000, 0x0000000086400000|  0%| F|  |TAMS 0x0000000086300000, 0x0000000086300000| Untracked 
|  38|0x0000000086400000, 0x0000000086400000, 0x0000000086500000|  0%| F|  |TAMS 0x0000000086400000, 0x0000000086400000| Untracked 
|  39|0x0000000086500000, 0x0000000086500000, 0x0000000086600000|  0%| F|  |TAMS 0x0000000086500000, 0x0000000086500000| Untracked 
|  40|0x0000000086600000, 0x0000000086600000, 0x0000000086700000|  0%| F|  |TAMS 0x0000000086600000, 0x0000000086600000| Untracked 
|  41|0x0000000086700000, 0x0000000086800000, 0x0000000086800000|100%| E|CS|TAMS 0x0000000086700000, 0x0000000086700000| Complete 
|  42|0x0000000086800000, 0x0000000086900000, 0x0000000086900000|100%| E|CS|TAMS 0x0000000086800000, 0x0000000086800000| Complete 
|  43|0x0000000086900000, 0x0000000086a00000, 0x0000000086a00000|100%| E|CS|TAMS 0x0000000086900000, 0x0000000086900000| Complete 
|  44|0x0000000086a00000, 0x0000000086a00000, 0x0000000086b00000|  0%| F|  |TAMS 0x0000000086a00000, 0x0000000086a00000| Untracked 
|  45|0x0000000086b00000, 0x0000000086c00000, 0x0000000086c00000|100%| E|CS|TAMS 0x0000000086b00000, 0x0000000086b00000| Complete 
|  46|0x0000000086c00000, 0x0000000086d00000, 0x0000000086d00000|100%| E|CS|TAMS 0x0000000086c00000, 0x0000000086c00000| Complete 
|  47|0x0000000086d00000, 0x0000000086d00000, 0x0000000086e00000|  0%| F|  |TAMS 0x0000000086d00000, 0x0000000086d00000| Untracked 
|  48|0x0000000086e00000, 0x0000000086e00000, 0x0000000086f00000|  0%| F|  |TAMS 0x0000000086e00000, 0x0000000086e00000| Untracked 
|  49|0x0000000086f00000, 0x0000000086f00000, 0x0000000087000000|  0%| F|  |TAMS 0x0000000086f00000, 0x0000000086f00000| Untracked 
|  50|0x0000000087000000, 0x0000000087075280, 0x0000000087100000| 45%| S|  |TAMS 0x0000000087000000, 0x0000000087000000| Complete 
|  51|0x0000000087100000, 0x0000000087200000, 0x0000000087200000|100%| S|  |TAMS 0x0000000087100000, 0x0000000087100000| Complete 
|  52|0x0000000087200000, 0x0000000087300000, 0x0000000087300000|100%| E|CS|TAMS 0x0000000087200000, 0x0000000087200000| Complete 
|  53|0x0000000087300000, 0x0000000087400000, 0x0000000087400000|100%| E|CS|TAMS 0x0000000087300000, 0x0000000087300000| Complete 
|  54|0x0000000087400000, 0x0000000087500000, 0x0000000087500000|100%| E|CS|TAMS 0x0000000087400000, 0x0000000087400000| Complete 
|  55|0x0000000087500000, 0x0000000087600000, 0x0000000087600000|100%| E|CS|TAMS 0x0000000087500000, 0x0000000087500000| Complete 
|  56|0x0000000087600000, 0x0000000087700000, 0x0000000087700000|100%| E|CS|TAMS 0x0000000087600000, 0x0000000087600000| Complete 
|  57|0x0000000087700000, 0x0000000087800000, 0x0000000087800000|100%| E|CS|TAMS 0x0000000087700000, 0x0000000087700000| Complete 
|  58|0x0000000087800000, 0x0000000087900000, 0x0000000087900000|100%| E|CS|TAMS 0x0000000087800000, 0x0000000087800000| Complete 
|  59|0x0000000087900000, 0x0000000087a00000, 0x0000000087a00000|100%| E|CS|TAMS 0x0000000087900000, 0x0000000087900000| Complete 
|  60|0x0000000087a00000, 0x0000000087b00000, 0x0000000087b00000|100%| E|CS|TAMS 0x0000000087a00000, 0x0000000087a00000| Complete 
|  61|0x0000000087b00000, 0x0000000087c00000, 0x0000000087c00000|100%| E|CS|TAMS 0x0000000087b00000, 0x0000000087b00000| Complete 
|  62|0x0000000087c00000, 0x0000000087d00000, 0x0000000087d00000|100%| E|CS|TAMS 0x0000000087c00000, 0x0000000087c00000| Complete 
|  63|0x0000000087d00000, 0x0000000087e00000, 0x0000000087e00000|100%| E|CS|TAMS 0x0000000087d00000, 0x0000000087d00000| Complete 
|  64|0x0000000087e00000, 0x0000000087f00000, 0x0000000087f00000|100%| E|CS|TAMS 0x0000000087e00000, 0x0000000087e00000| Complete 
|  65|0x0000000087f00000, 0x0000000088000000, 0x0000000088000000|100%| E|CS|TAMS 0x0000000087f00000, 0x0000000087f00000| Complete 
|  66|0x0000000088000000, 0x0000000088100000, 0x0000000088100000|100%| E|CS|TAMS 0x0000000088000000, 0x0000000088000000| Complete 
|  67|0x0000000088100000, 0x0000000088200000, 0x0000000088200000|100%| E|CS|TAMS 0x0000000088100000, 0x0000000088100000| Complete 
|  68|0x0000000088200000, 0x0000000088300000, 0x0000000088300000|100%| E|CS|TAMS 0x0000000088200000, 0x0000000088200000| Complete 
|  69|0x0000000088300000, 0x0000000088400000, 0x0000000088400000|100%| E|CS|TAMS 0x0000000088300000, 0x0000000088300000| Complete 
|  70|0x0000000088400000, 0x0000000088500000, 0x0000000088500000|100%| E|CS|TAMS 0x0000000088400000, 0x0000000088400000| Complete 
|  71|0x0000000088500000, 0x0000000088600000, 0x0000000088600000|100%| E|CS|TAMS 0x0000000088500000, 0x0000000088500000| Complete 
|  72|0x0000000088600000, 0x0000000088700000, 0x0000000088700000|100%| E|CS|TAMS 0x0000000088600000, 0x0000000088600000| Complete 
|  73|0x0000000088700000, 0x0000000088800000, 0x0000000088800000|100%| E|CS|TAMS 0x0000000088700000, 0x0000000088700000| Complete 
|  74|0x0000000088800000, 0x0000000088900000, 0x0000000088900000|100%| E|CS|TAMS 0x0000000088800000, 0x0000000088800000| Complete 
|  75|0x0000000088900000, 0x0000000088a00000, 0x0000000088a00000|100%| E|CS|TAMS 0x0000000088900000, 0x0000000088900000| Complete 
| 125|0x000000008bb00000, 0x000000008bc00000, 0x000000008bc00000|100%| E|CS|TAMS 0x000000008bb00000, 0x000000008bb00000| Complete 

Card table byte_map: [0x000001cf63bd0000,0x000001cf63fc0000] _byte_map_base: 0x000001cf637b1000

Marking Bits (Prev, Next): (CMBitMap*) 0x000001cf4ad3d260, (CMBitMap*) 0x000001cf4ad3d2a0
 Prev Bits: [0x000001cf643b0000, 0x000001cf662b8000)
 Next Bits: [0x000001cf662c0000, 0x000001cf681c8000)

Polling page: 0x000001cf4ada0000

Metaspace:

Usage:
  Non-class:     68.46 MB used.
      Class:     10.78 MB used.
       Both:     79.24 MB used.

Virtual space:
  Non-class space:      128.00 MB reserved,      68.75 MB ( 54%) committed,  2 nodes.
      Class space:        1.00 GB reserved,      11.06 MB (  1%) committed,  1 nodes.
             Both:        1.12 GB reserved,      79.81 MB (  7%) committed. 

Chunk freelists:
   Non-Class:  11.02 MB
       Class:  4.91 MB
        Both:  15.92 MB

MaxMetaspaceSize: unlimited
CompressedClassSpaceSize: 1.00 GB
Initial GC threshold: 21.00 MB
Current GC threshold: 107.94 MB
CDS: on
MetaspaceReclaimPolicy: balanced
 - commit_granule_bytes: 65536.
 - commit_granule_words: 8192.
 - virtual_space_node_default_size: 8388608.
 - enlarge_chunks_in_place: 1.
 - new_chunks_are_fully_committed: 0.
 - uncommit_free_chunks: 1.
 - use_allocation_guard: 0.
 - handle_deallocations: 1.


Internal statistics:

num_allocs_failed_limit: 12.
num_arena_births: 860.
num_arena_deaths: 0.
num_vsnodes_births: 3.
num_vsnodes_deaths: 0.
num_space_committed: 1277.
num_space_uncommitted: 0.
num_chunks_returned_to_freelist: 12.
num_chunks_taken_from_freelist: 3759.
num_chunk_merges: 12.
num_chunk_splits: 2755.
num_chunks_enlarged: 2195.
num_purges: 0.
num_inconsistent_stats: 0.

CodeHeap 'non-profiled nmethods': size=120000Kb used=4732Kb max_used=4732Kb free=115267Kb
 bounds [0x000001cf5b850000, 0x000001cf5bcf0000, 0x000001cf62d80000]
CodeHeap 'profiled nmethods': size=120000Kb used=12375Kb max_used=12375Kb free=107624Kb
 bounds [0x000001cf53d80000, 0x000001cf549a0000, 0x000001cf5b2b0000]
CodeHeap 'non-nmethods': size=5760Kb used=1482Kb max_used=1534Kb free=4277Kb
 bounds [0x000001cf5b2b0000, 0x000001cf5b520000, 0x000001cf5b850000]
 total_blobs=7203 nmethods=6456 adapters=658
 compilation: enabled
              stopped_count=0, restarted_count=0
 full_count=0

Compilation events (20 events):
Event: 45.091 Thread 0x000001cf6ac86ab0 7251       3       org.springframework.aop.framework.autoproxy.AbstractAutoProxyCreator::postProcessAfterInitialization (38 bytes)
Event: 45.092 Thread 0x000001cf6ac86ab0 nmethod 7251 0x000001cf5497dc90 code [0x000001cf5497dfc0, 0x000001cf5497f208]
Event: 45.092 Thread 0x000001cf6ac86ab0 7252       3       org.springframework.aop.framework.autoproxy.AbstractAutoProxyCreator::wrapIfNecessary (172 bytes)
Event: 45.093 Thread 0x000001cf6ac86ab0 nmethod 7252 0x000001cf5497f910 code [0x000001cf5497fc40, 0x000001cf549813a8]
Event: 45.098 Thread 0x000001cf6ac86ab0 7253   !   3       jdk.proxy2.$Proxy63::annotationType (29 bytes)
Event: 45.098 Thread 0x000001cf6ac86ab0 nmethod 7253 0x000001cf54981a10 code [0x000001cf54981be0, 0x000001cf54982038]
Event: 45.103 Thread 0x000001cf6ac86ab0 7254   !   3       org.springframework.beans.factory.support.DefaultSingletonBeanRegistry::addSingleton (65 bytes)
Event: 45.104 Thread 0x000001cf6ac86ab0 nmethod 7254 0x000001cf54982210 code [0x000001cf54982400, 0x000001cf54982998]
Event: 45.104 Thread 0x000001cf6ac86ab0 7255       3       org.springframework.beans.factory.InjectionPoint::getAnnotations (39 bytes)
Event: 45.104 Thread 0x000001cf6ac86ab0 nmethod 7255 0x000001cf54982c90 code [0x000001cf54982ee0, 0x000001cf549838a8]
Event: 45.104 Thread 0x000001cf6ac86ab0 7256   !   3       jdk.proxy2.$Proxy142::annotationType (29 bytes)
Event: 45.105 Thread 0x000001cf6ac86ab0 nmethod 7256 0x000001cf54983b90 code [0x000001cf54983d60, 0x000001cf549841b8]
Event: 45.108 Thread 0x000001cf6ac86ab0 7257       3       org.springframework.beans.factory.support.AbstractAutowireCapableBeanFactory::applyBeanPostProcessorsBeforeInstantiation (57 bytes)
Event: 45.109 Thread 0x000001cf6ac86ab0 nmethod 7257 0x000001cf54984390 code [0x000001cf549845a0, 0x000001cf54984ce8]
Event: 45.111 Thread 0x000001cf6ac86ab0 7259       3       org.springframework.aop.support.AopUtils::findAdvisorsThatCanApply (155 bytes)
Event: 45.112 Thread 0x000001cf6ac86ab0 nmethod 7259 0x000001cf54984f10 code [0x000001cf54985260, 0x000001cf54986de8]
Event: 45.112 Thread 0x000001cf6ac86ab0 7258   !   3       org.springframework.aop.framework.autoproxy.AbstractAdvisorAutoProxyCreator::findAdvisorsThatCanApply (27 bytes)
Event: 45.113 Thread 0x000001cf6ac86ab0 nmethod 7258 0x000001cf54987590 code [0x000001cf549877e0, 0x000001cf54988368]
Event: 45.113 Thread 0x000001cf6ac86ab0 7260       3       org.springframework.aop.support.StaticMethodMatcherPointcut::getMethodMatcher (2 bytes)
Event: 45.113 Thread 0x000001cf6ac86ab0 nmethod 7260 0x000001cf54988790 code [0x000001cf54988920, 0x000001cf54988a38]

GC Heap History (20 events):
Event: 3.844 GC heap before
{Heap before GC invocations=6 (full 0):
 garbage-first heap   total 55296K, used 37869K [0x0000000083e00000, 0x0000000100000000)
  region size 1024K, 21 young (21504K), 1 survivors (1024K)
 Metaspace       used 28366K, committed 28800K, reserved 1114112K
  class space    used 3678K, committed 3904K, reserved 1048576K
}
Event: 3.852 GC heap after
{Heap after GC invocations=7 (full 0):
 garbage-first heap   total 55296K, used 18978K [0x0000000083e00000, 0x0000000100000000)
  region size 1024K, 3 young (3072K), 3 survivors (3072K)
 Metaspace       used 28366K, committed 28800K, reserved 1114112K
  class space    used 3678K, committed 3904K, reserved 1048576K
}
Event: 4.461 GC heap before
{Heap before GC invocations=7 (full 0):
 garbage-first heap   total 55296K, used 38434K [0x0000000083e00000, 0x0000000100000000)
  region size 1024K, 22 young (22528K), 3 survivors (3072K)
 Metaspace       used 32687K, committed 33088K, reserved 1114112K
  class space    used 4182K, committed 4352K, reserved 1048576K
}
Event: 4.471 GC heap after
{Heap after GC invocations=8 (full 0):
 garbage-first heap   total 55296K, used 20738K [0x0000000083e00000, 0x0000000100000000)
  region size 1024K, 2 young (2048K), 2 survivors (2048K)
 Metaspace       used 32687K, committed 33088K, reserved 1114112K
  class space    used 4182K, committed 4352K, reserved 1048576K
}
Event: 4.924 GC heap before
{Heap before GC invocations=8 (full 0):
 garbage-first heap   total 55296K, used 36098K [0x0000000083e00000, 0x0000000100000000)
  region size 1024K, 19 young (19456K), 2 survivors (2048K)
 Metaspace       used 35543K, committed 35968K, reserved 1114112K
  class space    used 4524K, committed 4736K, reserved 1048576K
}
Event: 4.932 GC heap after
{Heap after GC invocations=9 (full 0):
 garbage-first heap   total 81920K, used 21638K [0x0000000083e00000, 0x0000000100000000)
  region size 1024K, 1 young (1024K), 1 survivors (1024K)
 Metaspace       used 35543K, committed 35968K, reserved 1114112K
  class space    used 4524K, committed 4736K, reserved 1048576K
}
Event: 6.294 GC heap before
{Heap before GC invocations=10 (full 0):
 garbage-first heap   total 78848K, used 61574K [0x0000000083e00000, 0x0000000100000000)
  region size 1024K, 40 young (40960K), 1 survivors (1024K)
 Metaspace       used 46405K, committed 46848K, reserved 1114112K
  class space    used 5950K, committed 6144K, reserved 1048576K
}
Event: 6.301 GC heap after
{Heap after GC invocations=11 (full 0):
 garbage-first heap   total 78848K, used 23206K [0x0000000083e00000, 0x0000000100000000)
  region size 1024K, 3 young (3072K), 3 survivors (3072K)
 Metaspace       used 46405K, committed 46848K, reserved 1114112K
  class space    used 5950K, committed 6144K, reserved 1048576K
}
Event: 6.995 GC heap before
{Heap before GC invocations=11 (full 0):
 garbage-first heap   total 78848K, used 59046K [0x0000000083e00000, 0x0000000100000000)
  region size 1024K, 39 young (39936K), 3 survivors (3072K)
 Metaspace       used 53197K, committed 53696K, reserved 1114112K
  class space    used 6988K, committed 7232K, reserved 1048576K
}
Event: 7.004 GC heap after
{Heap after GC invocations=12 (full 0):
 garbage-first heap   total 78848K, used 25559K [0x0000000083e00000, 0x0000000100000000)
  region size 1024K, 5 young (5120K), 5 survivors (5120K)
 Metaspace       used 53197K, committed 53696K, reserved 1114112K
  class space    used 6988K, committed 7232K, reserved 1048576K
}
Event: 7.631 GC heap before
{Heap before GC invocations=12 (full 0):
 garbage-first heap   total 78848K, used 53207K [0x0000000083e00000, 0x0000000100000000)
  region size 1024K, 34 young (34816K), 5 survivors (5120K)
 Metaspace       used 59704K, committed 60160K, reserved 1114112K
  class space    used 7895K, committed 8128K, reserved 1048576K
}
Event: 7.640 GC heap after
{Heap after GC invocations=13 (full 0):
 garbage-first heap   total 78848K, used 27020K [0x0000000083e00000, 0x0000000100000000)
  region size 1024K, 4 young (4096K), 4 survivors (4096K)
 Metaspace       used 59704K, committed 60160K, reserved 1114112K
  class space    used 7895K, committed 8128K, reserved 1048576K
}
Event: 8.517 GC heap before
{Heap before GC invocations=14 (full 0):
 garbage-first heap   total 78848K, used 59788K [0x0000000083e00000, 0x0000000100000000)
  region size 1024K, 37 young (37888K), 4 survivors (4096K)
 Metaspace       used 65580K, committed 66112K, reserved 1114112K
  class space    used 8922K, committed 9152K, reserved 1048576K
}
Event: 8.527 GC heap after
{Heap after GC invocations=15 (full 0):
 garbage-first heap   total 78848K, used 28040K [0x0000000083e00000, 0x0000000100000000)
  region size 1024K, 3 young (3072K), 3 survivors (3072K)
 Metaspace       used 65580K, committed 66112K, reserved 1114112K
  class space    used 8922K, committed 9152K, reserved 1048576K
}
Event: 10.653 GC heap before
{Heap before GC invocations=16 (full 0):
 garbage-first heap   total 78848K, used 61832K [0x0000000083e00000, 0x0000000100000000)
  region size 1024K, 36 young (36864K), 3 survivors (3072K)
 Metaspace       used 69966K, committed 70464K, reserved 1114112K
  class space    used 9531K, committed 9792K, reserved 1048576K
}
Event: 10.662 GC heap after
{Heap after GC invocations=17 (full 0):
 garbage-first heap   total 78848K, used 29979K [0x0000000083e00000, 0x0000000100000000)
  region size 1024K, 5 young (5120K), 5 survivors (5120K)
 Metaspace       used 69966K, committed 70464K, reserved 1114112K
  class space    used 9531K, committed 9792K, reserved 1048576K
}
Event: 20.314 GC heap before
{Heap before GC invocations=17 (full 0):
 garbage-first heap   total 78848K, used 62747K [0x0000000083e00000, 0x0000000100000000)
  region size 1024K, 37 young (37888K), 5 survivors (5120K)
 Metaspace       used 72192K, committed 72768K, reserved 1114112K
  class space    used 9838K, committed 10112K, reserved 1048576K
}
Event: 20.326 GC heap after
{Heap after GC invocations=18 (full 0):
 garbage-first heap   total 78848K, used 31620K [0x0000000083e00000, 0x0000000100000000)
  region size 1024K, 4 young (4096K), 4 survivors (4096K)
 Metaspace       used 72192K, committed 72768K, reserved 1114112K
  class space    used 9838K, committed 10112K, reserved 1048576K
}
Event: 22.465 GC heap before
{Heap before GC invocations=18 (full 0):
 garbage-first heap   total 78848K, used 62340K [0x0000000083e00000, 0x0000000100000000)
  region size 1024K, 34 young (34816K), 4 survivors (4096K)
 Metaspace       used 78116K, committed 78656K, reserved 1179648K
  class space    used 10612K, committed 10880K, reserved 1048576K
}
Event: 22.474 GC heap after
{Heap after GC invocations=19 (full 0):
 garbage-first heap   total 78848K, used 35641K [0x0000000083e00000, 0x0000000100000000)
  region size 1024K, 5 young (5120K), 5 survivors (5120K)
 Metaspace       used 78116K, committed 78656K, reserved 1179648K
  class space    used 10612K, committed 10880K, reserved 1048576K
}

Deoptimization events (20 events):
Event: 44.931 Thread 0x000001cf4ace15b0 DEOPT PACKING pc=0x000001cf53f31eb4 sp=0x0000007df27fcc30
Event: 44.931 Thread 0x000001cf4ace15b0 DEOPT UNPACKING pc=0x000001cf5b3066e3 sp=0x0000007df27fc108 mode 1
Event: 44.931 Thread 0x000001cf4ace15b0 DEOPT PACKING pc=0x000001cf5424ee84 sp=0x0000007df27fccd0
Event: 44.931 Thread 0x000001cf4ace15b0 DEOPT UNPACKING pc=0x000001cf5b3066e3 sp=0x0000007df27fc330 mode 1
Event: 44.931 Thread 0x000001cf4ace15b0 DEOPT PACKING pc=0x000001cf53f31eb4 sp=0x0000007df27fcc30
Event: 44.931 Thread 0x000001cf4ace15b0 DEOPT UNPACKING pc=0x000001cf5b3066e3 sp=0x0000007df27fc108 mode 1
Event: 44.931 Thread 0x000001cf4ace15b0 DEOPT PACKING pc=0x000001cf5424ee84 sp=0x0000007df27fccd0
Event: 44.931 Thread 0x000001cf4ace15b0 DEOPT UNPACKING pc=0x000001cf5b3066e3 sp=0x0000007df27fc330 mode 1
Event: 44.931 Thread 0x000001cf4ace15b0 DEOPT PACKING pc=0x000001cf53f31eb4 sp=0x0000007df27fcc30
Event: 44.931 Thread 0x000001cf4ace15b0 DEOPT UNPACKING pc=0x000001cf5b3066e3 sp=0x0000007df27fc108 mode 1
Event: 44.931 Thread 0x000001cf4ace15b0 DEOPT PACKING pc=0x000001cf5424ee84 sp=0x0000007df27fccd0
Event: 44.931 Thread 0x000001cf4ace15b0 DEOPT UNPACKING pc=0x000001cf5b3066e3 sp=0x0000007df27fc330 mode 1
Event: 44.932 Thread 0x000001cf4ace15b0 DEOPT PACKING pc=0x000001cf53f31eb4 sp=0x0000007df27fcc30
Event: 44.932 Thread 0x000001cf4ace15b0 DEOPT UNPACKING pc=0x000001cf5b3066e3 sp=0x0000007df27fc108 mode 1
Event: 44.932 Thread 0x000001cf4ace15b0 DEOPT PACKING pc=0x000001cf5424ee84 sp=0x0000007df27fccd0
Event: 44.932 Thread 0x000001cf4ace15b0 DEOPT UNPACKING pc=0x000001cf5b3066e3 sp=0x0000007df27fc330 mode 1
Event: 45.068 Thread 0x000001cf4ace15b0 DEOPT PACKING pc=0x000001cf53f31eb4 sp=0x0000007df27fdb80
Event: 45.068 Thread 0x000001cf4ace15b0 DEOPT UNPACKING pc=0x000001cf5b3066e3 sp=0x0000007df27fd058 mode 1
Event: 45.068 Thread 0x000001cf4ace15b0 DEOPT PACKING pc=0x000001cf5424ee84 sp=0x0000007df27fdc20
Event: 45.068 Thread 0x000001cf4ace15b0 DEOPT UNPACKING pc=0x000001cf5b3066e3 sp=0x0000007df27fd280 mode 1

Classes unloaded (0 events):
No events

Classes redefined (0 events):
No events

Internal exceptions (20 events):
Event: 10.554 Thread 0x000001cf4ace15b0 Exception <a 'java/lang/NoSuchMethodError'{0x000000008705c270}: 'int java.lang.invoke.DirectMethodHandle$Holder.invokeStatic(java.lang.Object, java.lang.Object, int)'> (0x000000008705c270) 
thrown [s\open\src\hotspot\share\interpreter\linkResolver.cpp, line 759]
Event: 10.560 Thread 0x000001cf4ace15b0 Exception <a 'java/lang/IncompatibleClassChangeError'{0x00000000870a95d0}: Found class java.lang.Object, but interface was expected> (0x00000000870a95d0) 
thrown [s\open\src\hotspot\share\interpreter\linkResolver.cpp, line 826]
Event: 10.608 Thread 0x000001cf4ace15b0 Exception <a 'java/lang/NoSuchMethodError'{0x0000000086eb8aa8}: 'java.lang.Object java.lang.invoke.DirectMethodHandle$Holder.invokeStatic(java.lang.Object, int, java.lang.Object)'> (0x0000000086eb8aa8) 
thrown [s\open\src\hotspot\share\interpreter\linkResolver.cpp, line 759]
Event: 10.616 Thread 0x000001cf4ace15b0 Exception <a 'java/lang/reflect/InvocationTargetException'{0x0000000086d035b8}> (0x0000000086d035b8) 
thrown [s\open\src\hotspot\share\runtime\reflection.cpp, line 1121]
Event: 10.694 Thread 0x000001cf4ace15b0 Exception <a 'java/lang/NoSuchMethodError'{0x00000000888b8868}: 'java.lang.Object java.lang.invoke.Invokers$Holder.invoker(java.lang.Object, java.lang.Object, java.lang.Object, java.lang.Object)'> (0x00000000888b8868) 
thrown [s\open\src\hotspot\share\interpreter\linkResolver.cpp, line 759]
Event: 10.695 Thread 0x000001cf4ace15b0 Exception <a 'java/lang/NoSuchMethodError'{0x00000000888c2a88}: 'int java.lang.invoke.DirectMethodHandle$Holder.invokeSpecial(java.lang.Object, java.lang.Object, java.lang.Object, int)'> (0x00000000888c2a88) 
thrown [s\open\src\hotspot\share\interpreter\linkResolver.cpp, line 759]
Event: 10.697 Thread 0x000001cf4ace15b0 Exception <a 'java/lang/NoSuchMethodError'{0x00000000888d6fa0}: 'java.lang.Object java.lang.invoke.DirectMethodHandle$Holder.invokeStatic(java.lang.Object, java.lang.Object, java.lang.Object, java.lang.Object, int)'> (0x00000000888d6fa0) 
thrown [s\open\src\hotspot\share\interpreter\linkResolver.cpp, line 759]
Event: 10.697 Thread 0x000001cf4ace15b0 Exception <a 'java/lang/NoSuchMethodError'{0x00000000888de970}: 'void java.lang.invoke.DelegatingMethodHandle$Holder.reinvoke_L(java.lang.Object, java.lang.Object, int)'> (0x00000000888de970) 
thrown [s\open\src\hotspot\share\interpreter\linkResolver.cpp, line 759]
Event: 10.698 Thread 0x000001cf4ace15b0 Exception <a 'java/lang/NoSuchMethodError'{0x00000000888ecd50}: 'java.lang.Object java.lang.invoke.Invokers$Holder.invokeExact_MT(java.lang.Object, java.lang.Object, java.lang.Object, java.lang.Object)'> (0x00000000888ecd50) 
thrown [s\open\src\hotspot\share\interpreter\linkResolver.cpp, line 759]
Event: 10.757 Thread 0x000001cf4ace15b0 Exception <a 'java/lang/NoSuchMethodError'{0x0000000088536438}: 'long java.lang.invoke.DirectMethodHandle$Holder.invokeVirtual(java.lang.Object, java.lang.Object)'> (0x0000000088536438) 
thrown [s\open\src\hotspot\share\interpreter\linkResolver.cpp, line 759]
Event: 19.186 Thread 0x000001cf4ace15b0 Exception <a 'java/lang/reflect/InvocationTargetException'{0x0000000087cb3980}> (0x0000000087cb3980) 
thrown [s\open\src\hotspot\share\runtime\reflection.cpp, line 1121]
Event: 19.273 Thread 0x000001cf4ace15b0 Exception <a 'java/io/FileNotFoundException'{0x0000000087bc58c8}> (0x0000000087bc58c8) 
thrown [s\open\src\hotspot\share\prims\jni.cpp, line 516]
Event: 19.278 Thread 0x000001cf4ace15b0 Exception <a 'java/io/FileNotFoundException'{0x0000000087bd0b08}> (0x0000000087bd0b08) 
thrown [s\open\src\hotspot\share\prims\jni.cpp, line 516]
Event: 19.535 Thread 0x000001cf4ace15b0 Exception <a 'java/lang/reflect/InvocationTargetException'{0x00000000874eb1f8}> (0x00000000874eb1f8) 
thrown [s\open\src\hotspot\share\runtime\reflection.cpp, line 1121]
Event: 19.539 Thread 0x000001cf4ace15b0 Exception <a 'java/lang/reflect/InvocationTargetException'{0x00000000874f94d8}> (0x00000000874f94d8) 
thrown [s\open\src\hotspot\share\runtime\reflection.cpp, line 1121]
Event: 21.439 Thread 0x000001cf4ace15b0 Exception <a 'java/lang/NoSuchMethodError'{0x0000000087efabd8}: 'int java.lang.invoke.DirectMethodHandle$Holder.invokeStaticInit(java.lang.Object, java.lang.Object, java.lang.Object, java.lang.Object)'> (0x0000000087efabd8) 
thrown [s\open\src\hotspot\share\interpreter\linkResolver.cpp, line 759]
Event: 23.100 Thread 0x000001cf4ace15b0 Exception <a 'sun/nio/fs/WindowsException'{0x0000000088141958}> (0x0000000088141958) 
thrown [s\open\src\hotspot\share\prims\jni.cpp, line 516]
Event: 23.263 Thread 0x000001cf4ace15b0 Exception <a 'java/lang/IncompatibleClassChangeError'{0x0000000087d9a2c8}: Found class java.lang.Object, but interface was expected> (0x0000000087d9a2c8) 
thrown [s\open\src\hotspot\share\interpreter\linkResolver.cpp, line 826]
Event: 44.876 Thread 0x000001cf4ace15b0 Exception <a 'java/lang/NoSuchMethodError'{0x000000008783e5c0}: 'java.lang.Object java.lang.invoke.DirectMethodHandle$Holder.invokeInterface(java.lang.Object, java.lang.Object, java.lang.Object, java.lang.Object)'> (0x000000008783e5c0) 
thrown [s\open\src\hotspot\share\interpreter\linkResolver.cpp, line 759]
Event: 44.985 Thread 0x000001cf4ace15b0 Exception <a 'java/lang/NoSuchMethodError'{0x000000008764a420}: 'void java.lang.invoke.DirectMethodHandle$Holder.invokeVirtual(java.lang.Object, java.lang.Object, long)'> (0x000000008764a420) 
thrown [s\open\src\hotspot\share\interpreter\linkResolver.cpp, line 759]

VM Operations (20 events):
Event: 22.967 Executing VM operation: HandshakeAllThreads
Event: 22.967 Executing VM operation: HandshakeAllThreads done
Event: 22.967 Executing VM operation: HandshakeAllThreads
Event: 22.967 Executing VM operation: HandshakeAllThreads done
Event: 23.559 Executing VM operation: get/set locals
Event: 23.559 Executing VM operation: get/set locals done
Event: 24.564 Executing VM operation: get/set locals
Event: 24.564 Executing VM operation: get/set locals done
Event: 25.578 Executing VM operation: Cleanup
Event: 25.578 Executing VM operation: Cleanup done
Event: 41.328 Executing VM operation: get/set locals
Event: 41.328 Executing VM operation: get/set locals done
Event: 42.947 Executing VM operation: get/set locals
Event: 42.947 Executing VM operation: get/set locals done
Event: 43.862 Executing VM operation: get/set locals
Event: 43.862 Executing VM operation: get/set locals done
Event: 44.862 Executing VM operation: Cleanup
Event: 44.863 Executing VM operation: Cleanup done
Event: 45.019 Executing VM operation: HandshakeAllThreads
Event: 45.019 Executing VM operation: HandshakeAllThreads done

Events (20 events):
Event: 45.104 loading class org/springframework/web/servlet/config/annotation/UrlBasedViewResolverRegistration
Event: 45.104 loading class org/springframework/web/servlet/config/annotation/UrlBasedViewResolverRegistration done
Event: 45.104 loading class org/springframework/web/servlet/config/annotation/ViewResolverRegistry$GroovyMarkupRegistration
Event: 45.104 loading class org/springframework/web/servlet/config/annotation/ViewResolverRegistry$GroovyMarkupRegistration done
Event: 45.105 loading class org/springframework/web/servlet/config/annotation/ViewResolverRegistry$ScriptRegistration
Event: 45.105 loading class org/springframework/web/servlet/config/annotation/ViewResolverRegistry$ScriptRegistration done
Event: 45.105 loading class org/springframework/web/servlet/config/annotation/ViewResolverRegistry$FreeMarkerRegistration
Event: 45.105 loading class org/springframework/web/servlet/config/annotation/ViewResolverRegistry$FreeMarkerRegistration done
Event: 45.106 loading class org/springframework/web/servlet/view/ViewResolverComposite
Event: 45.106 loading class org/springframework/web/servlet/view/ViewResolverComposite done
Event: 45.108 loading class org/springframework/web/servlet/view/DefaultRequestToViewNameTranslator
Event: 45.108 loading class org/springframework/web/servlet/view/DefaultRequestToViewNameTranslator done
Event: 45.112 loading class org/springframework/web/servlet/view/AbstractUrlBasedView
Event: 45.112 loading class org/springframework/web/servlet/view/AbstractUrlBasedView done
Event: 45.113 loading class org/springframework/web/servlet/view/AbstractView
Event: 45.113 loading class org/springframework/web/servlet/view/AbstractView done
Event: 45.114 loading class org/springframework/web/servlet/view/RedirectView
Event: 45.114 loading class org/springframework/web/servlet/view/RedirectView done
Event: 45.115 loading class org/springframework/web/servlet/SmartView
Event: 45.115 loading class org/springframework/web/servlet/SmartView done


Dynamic libraries:
0x00007ff66b470000 - 0x00007ff66b480000 	C:\Program Files\Java\jdk-17\bin\java.exe
0x00007ffd1e7f0000 - 0x00007ffd1ea07000 	C:\WINDOWS\SYSTEM32\ntdll.dll
0x00007ffd1d0f0000 - 0x00007ffd1d1b4000 	C:\WINDOWS\System32\KERNEL32.DLL
0x00007ffd1c190000 - 0x00007ffd1c536000 	C:\WINDOWS\System32\KERNELBASE.dll
0x00007ffd1c070000 - 0x00007ffd1c181000 	C:\WINDOWS\System32\ucrtbase.dll
0x00007ffd05520000 - 0x00007ffd0553b000 	C:\Program Files\Java\jdk-17\bin\VCRUNTIME140.dll
0x00007ffd136c0000 - 0x00007ffd136d9000 	C:\Program Files\Java\jdk-17\bin\jli.dll
0x00007ffd1d1c0000 - 0x00007ffd1d273000 	C:\WINDOWS\System32\ADVAPI32.dll
0x00007ffd1ceb0000 - 0x00007ffd1cf57000 	C:\WINDOWS\System32\msvcrt.dll
0x00007ffd1de90000 - 0x00007ffd1df38000 	C:\WINDOWS\System32\sechost.dll
0x00007ffd1bc50000 - 0x00007ffd1bc78000 	C:\WINDOWS\System32\bcrypt.dll
0x00007ffd1c540000 - 0x00007ffd1c657000 	C:\WINDOWS\System32\RPCRT4.dll
0x00007ffd1c680000 - 0x00007ffd1c82e000 	C:\WINDOWS\System32\USER32.dll
0x00007ffd1c040000 - 0x00007ffd1c066000 	C:\WINDOWS\System32\win32u.dll
0x00007ffcf9f50000 - 0x00007ffcfa1e3000 	C:\WINDOWS\WinSxS\amd64_microsoft.windows.common-controls_6595b64144ccf1df_6.0.22621.2506_none_270c5ae97388e100\COMCTL32.dll
0x00007ffd1ddc0000 - 0x00007ffd1dde9000 	C:\WINDOWS\System32\GDI32.dll
0x00007ffd1bb30000 - 0x00007ffd1bc48000 	C:\WINDOWS\System32\gdi32full.dll
0x00007ffd1bfa0000 - 0x00007ffd1c03a000 	C:\WINDOWS\System32\msvcp_win.dll
0x00007ffd0a040000 - 0x00007ffd0a04a000 	C:\WINDOWS\SYSTEM32\VERSION.dll
0x00007ffd1ddf0000 - 0x00007ffd1de21000 	C:\WINDOWS\System32\IMM32.DLL
0x00007ffd181b0000 - 0x00007ffd181bc000 	C:\Program Files\Java\jdk-17\bin\vcruntime140_1.dll
0x00007ffd04040000 - 0x00007ffd040ce000 	C:\Program Files\Java\jdk-17\bin\msvcp140.dll
0x00007ffcd3fd0000 - 0x00007ffcd4bae000 	C:\Program Files\Java\jdk-17\bin\server\jvm.dll
0x00007ffd1dd50000 - 0x00007ffd1dd58000 	C:\WINDOWS\System32\PSAPI.DLL
0x00007ffd12a10000 - 0x00007ffd12a44000 	C:\WINDOWS\SYSTEM32\WINMM.dll
0x00007ffcf9f30000 - 0x00007ffcf9f39000 	C:\WINDOWS\SYSTEM32\WSOCK32.dll
0x00007ffd1caf0000 - 0x00007ffd1cb61000 	C:\WINDOWS\System32\WS2_32.dll
0x00007ffd1ac30000 - 0x00007ffd1ac48000 	C:\WINDOWS\SYSTEM32\kernel.appcore.dll
0x00007ffd12ac0000 - 0x00007ffd12aca000 	C:\Program Files\Java\jdk-17\bin\jimage.dll
0x00007ffd19310000 - 0x00007ffd19543000 	C:\WINDOWS\SYSTEM32\DBGHELP.DLL
0x00007ffd1d380000 - 0x00007ffd1d709000 	C:\WINDOWS\System32\combase.dll
0x00007ffd1cc10000 - 0x00007ffd1cce7000 	C:\WINDOWS\System32\OLEAUT32.dll
0x00007ffd062b0000 - 0x00007ffd062e2000 	C:\WINDOWS\SYSTEM32\dbgcore.DLL
0x00007ffd1bc80000 - 0x00007ffd1bcfa000 	C:\WINDOWS\System32\bcryptPrimitives.dll
0x00007ffd034d0000 - 0x00007ffd0350b000 	C:\Program Files\Java\jdk-17\bin\jdwp.dll
0x00007ffd09290000 - 0x00007ffd0929e000 	C:\Program Files\Java\jdk-17\bin\instrument.dll
0x00007ffd04010000 - 0x00007ffd04035000 	C:\Program Files\Java\jdk-17\bin\java.dll
0x00007ffd03fb0000 - 0x00007ffd03fc8000 	C:\Program Files\Java\jdk-17\bin\zip.dll
0x00007ffcef820000 - 0x00007ffcef8f7000 	C:\Program Files\Java\jdk-17\bin\jsvml.dll
0x00007ffd1df40000 - 0x00007ffd1e79b000 	C:\WINDOWS\System32\SHELL32.dll
0x00007ffd19a40000 - 0x00007ffd1a336000 	C:\WINDOWS\SYSTEM32\windows.storage.dll
0x00007ffd19900000 - 0x00007ffd19a3e000 	C:\WINDOWS\SYSTEM32\wintypes.dll
0x00007ffd1d280000 - 0x00007ffd1d373000 	C:\WINDOWS\System32\SHCORE.dll
0x00007ffd1ce50000 - 0x00007ffd1ceae000 	C:\WINDOWS\System32\shlwapi.dll
0x00007ffd1ba60000 - 0x00007ffd1ba86000 	C:\WINDOWS\SYSTEM32\profapi.dll
0x00007ffd06390000 - 0x00007ffd0639c000 	C:\Program Files\Java\jdk-17\bin\dt_socket.dll
0x00007ffd1a620000 - 0x00007ffd1a64d000 	C:\WINDOWS\SYSTEM32\IPHLPAPI.DLL
0x00007ffd1b0c0000 - 0x00007ffd1b129000 	C:\WINDOWS\system32\mswsock.dll
0x00007ffd03ff0000 - 0x00007ffd04009000 	C:\Program Files\Java\jdk-17\bin\net.dll
0x00007ffd13960000 - 0x00007ffd13a97000 	C:\WINDOWS\SYSTEM32\WINHTTP.dll
0x00007ffd03fd0000 - 0x00007ffd03fe6000 	C:\Program Files\Java\jdk-17\bin\nio.dll
0x00007ffd05510000 - 0x00007ffd05520000 	C:\Program Files\Java\jdk-17\bin\verify.dll
0x00007ffd03f70000 - 0x00007ffd03f7e000 	C:\Program Files\Java\jdk-17\bin\sunmscapi.dll
0x00007ffd1bd00000 - 0x00007ffd1be66000 	C:\WINDOWS\System32\CRYPT32.dll
0x00007ffd1b4f0000 - 0x00007ffd1b51e000 	C:\WINDOWS\SYSTEM32\ncrypt.dll
0x00007ffd1b4b0000 - 0x00007ffd1b4e7000 	C:\WINDOWS\SYSTEM32\NTASN1.dll
0x00007ffd1b310000 - 0x00007ffd1b32b000 	C:\WINDOWS\SYSTEM32\CRYPTSP.dll
0x00007ffd1ab90000 - 0x00007ffd1abc5000 	C:\WINDOWS\system32\rsaenh.dll
0x00007ffd1b1b0000 - 0x00007ffd1b1dc000 	C:\WINDOWS\SYSTEM32\USERENV.dll
0x00007ffd1b330000 - 0x00007ffd1b33c000 	C:\WINDOWS\SYSTEM32\CRYPTBASE.dll
0x00007ffd1cc00000 - 0x00007ffd1cc09000 	C:\WINDOWS\System32\NSI.dll
0x00007ffd148a0000 - 0x00007ffd148b9000 	C:\WINDOWS\SYSTEM32\dhcpcsvc6.DLL
0x00007ffd14880000 - 0x00007ffd1489f000 	C:\WINDOWS\SYSTEM32\dhcpcsvc.DLL
0x00007ffd1a650000 - 0x00007ffd1a749000 	C:\WINDOWS\SYSTEM32\DNSAPI.dll
0x00007ffd05090000 - 0x00007ffd0509a000 	C:\Program Files\Java\jdk-17\bin\management.dll
0x00007ffd03f80000 - 0x00007ffd03f8b000 	C:\Program Files\Java\jdk-17\bin\management_ext.dll
0x00007ffcf9ee0000 - 0x00007ffcf9ef7000 	C:\WINDOWS\system32\napinsp.dll
0x00007ffcf2470000 - 0x00007ffcf248b000 	C:\WINDOWS\system32\pnrpnsp.dll
0x00007ffcf2420000 - 0x00007ffcf2431000 	C:\WINDOWS\System32\winrnr.dll
0x00007ffd0a8e0000 - 0x00007ffd0a8f5000 	C:\WINDOWS\system32\wshbth.dll
0x00007ffcf1ea0000 - 0x00007ffcf1ec1000 	C:\WINDOWS\system32\nlansp_c.dll
0x00007ffd12d80000 - 0x00007ffd12d8a000 	C:\Windows\System32\rasadhlp.dll
0x00007ffd0ad90000 - 0x00007ffd0ae13000 	C:\WINDOWS\System32\fwpuclnt.dll
0x00007ffd05580000 - 0x00007ffd05588000 	C:\WINDOWS\system32\wshunix.dll

dbghelp: loaded successfully - version: 4.0.5 - missing functions: none
symbol engine: initialized successfully - sym options: 0x614 - pdb path: .;C:\Program Files\Java\jdk-17\bin;C:\WINDOWS\SYSTEM32;C:\WINDOWS\WinSxS\amd64_microsoft.windows.common-controls_6595b64144ccf1df_6.0.22621.2506_none_270c5ae97388e100;C:\Program Files\Java\jdk-17\bin\server

VM Arguments:
jvm_args: -agentlib:jdwp=transport=dt_socket,address=127.0.0.1:64104,suspend=y,server=n -javaagent:C:\Users\damil\AppData\Local\JetBrains\IntelliJIdea2023.3\captureAgent\debugger-agent.jar=file:/C:/Users/damil/AppData/Local/Temp/capture.props -Dfile.encoding=UTF-8 
java_command: com.SharpDevs.Recipe.Mania.RecipeManiaApplication
java_class_path (initial): C:\Users\damil\Documents\RecipeMania-Backend\target\classes;C:\Users\damil\.m2\repository\org\springframework\boot\spring-boot-starter-data-jpa\3.2.1\spring-boot-starter-data-jpa-3.2.1.jar;C:\Users\damil\.m2\repository\org\springframework\boot\spring-boot-starter-aop\3.2.1\spring-boot-starter-aop-3.2.1.jar;C:\Users\damil\.m2\repository\org\aspectj\aspectjweaver\1.9.21\aspectjweaver-1.9.21.jar;C:\Users\damil\.m2\repository\org\springframework\boot\spring-boot-starter-jdbc\3.2.1\spring-boot-starter-jdbc-3.2.1.jar;C:\Users\damil\.m2\repository\com\zaxxer\HikariCP\5.0.1\HikariCP-5.0.1.jar;C:\Users\damil\.m2\repository\org\springframework\spring-jdbc\6.1.2\spring-jdbc-6.1.2.jar;C:\Users\damil\.m2\repository\org\hibernate\orm\hibernate-core\6.4.1.Final\hibernate-core-6.4.1.Final.jar;C:\Users\damil\.m2\repository\jakarta\persistence\jakarta.persistence-api\3.1.0\jakarta.persistence-api-3.1.0.jar;C:\Users\damil\.m2\repository\jakarta\transaction\jakarta.transaction-api\2.0.1\jakarta.transaction-api-2.0.1.jar;C:\Users\damil\.m2\repository\org\jboss\logging\jboss-logging\3.5.3.Final\jboss-logging-3.5.3.Final.jar;C:\Users\damil\.m2\repository\org\hibernate\common\hibernate-commons-annotations\6.0.6.Final\hibernate-commons-annotations-6.0.6.Final.jar;C:\Users\damil\.m2\repository\io\smallrye\jandex\3.1.2\jandex-3.1.2.jar;C:\Users\damil\.m2\repository\com\fasterxml\classmate\1.6.0\classmate-1.6.0.jar;C:\Users\damil\.m2\repository\net\bytebuddy\byte-buddy\1.14.10\byte-buddy-1.14.10.jar;C:\Users\damil\.m2\repository\org\glassfish\jaxb\jaxb-runtime\4.0.4\jaxb-runtime-4.0.4.jar;C:\Users\damil\.m2\repository\org\glassfish\jaxb\jaxb-core\4.0.4\jaxb-core-4.0.4.jar;C:\Users\damil\.m2\repository\org\glassfish\jaxb\txw2\4.0.4\txw2-4.0.4.jar;C:\Users\damil\.m2\repository\com\sun\istack\istack-commons-runtime\4.1.2\istack-commons-runtime-4.1.2.jar;C:\Users\damil\.m2\repository\jakarta\inject\jakarta.inject-api\2.0.1\jakarta.inject-api-2.0.1.jar;C:\Users\damil\.m
Launcher Type: SUN_STANDARD

[Global flags]
     intx CICompilerCount                          = 4                                         {product} {ergonomic}
     uint ConcGCThreads                            = 2                                         {product} {ergonomic}
     uint G1ConcRefinementThreads                  = 8                                         {product} {ergonomic}
   size_t G1HeapRegionSize                         = 1048576                                   {product} {ergonomic}
    uintx GCDrainStackTargetSize                   = 64                                        {product} {ergonomic}
   size_t InitialHeapSize                          = 132120576                                 {product} {ergonomic}
   size_t MarkStackSize                            = 4194304                                   {product} {ergonomic}
   size_t MaxHeapSize                              = 2082471936                                {product} {ergonomic}
   size_t MaxNewSize                               = 1248854016                                {product} {ergonomic}
   size_t MinHeapDeltaBytes                        = 1048576                                   {product} {ergonomic}
   size_t MinHeapSize                              = 8388608                                   {product} {ergonomic}
    uintx NonNMethodCodeHeapSize                   = 5839372                                {pd product} {ergonomic}
    uintx NonProfiledCodeHeapSize                  = 122909434                              {pd product} {ergonomic}
    uintx ProfiledCodeHeapSize                     = 122909434                              {pd product} {ergonomic}
    uintx ReservedCodeCacheSize                    = 251658240                              {pd product} {ergonomic}
     bool SegmentedCodeCache                       = true                                      {product} {ergonomic}
   size_t SoftMaxHeapSize                          = 2082471936                             {manageable} {ergonomic}
     bool UseCompressedClassPointers               = true                           {product lp64_product} {ergonomic}
     bool UseCompressedOops                        = true                           {product lp64_product} {ergonomic}
     bool UseG1GC                                  = true                                      {product} {ergonomic}
     bool UseLargePagesIndividualAllocation        = false                                  {pd product} {ergonomic}

Logging:
Log output configuration:
 #0: stdout all=warning uptime,level,tags
 #1: stderr all=off uptime,level,tags

Environment Variables:
JAVA_HOME=C:\Program Files\Java\jdk-17\
PATH=C:\app\DamiAdeeso\product\12.2.0\dbhome_1\bin;C:\Program Files\Common Files\Oracle\Java\javapath;C:\Program Files (x86)\VMware\VMware Player\bin\;C:\WINDOWS\system32;C:\WINDOWS;C:\WINDOWS\System32\Wbem;C:\WINDOWS\System32\WindowsPowerShell\v1.0\;C:\WINDOWS\System32\OpenSSH\;C:\ProgramData\chocolatey\bin;C:\Program Files\Git\cmd;C:\Program Files\nodejs\;C:\Program Files\Docker\Docker\resources\bin;C:\Program Files\MySQL\MySQL Shell 8.0\bin\;C:\Users\damil\AppData\Local\Microsoft\WindowsApps;C:\Users\damil\AppData\Local\Android\Sdk\platform-tools;C:\Users\damil\AppData\Local\Programs\Microsoft VS Code Insiders\bin;C:\Users\damil\AppData\Local\GitHubDesktop\bin;C:\Users\damil\AppData\Roaming\npm;C:\ProgramData\HP\GitHubDesktop\bin;C:\Program Files\JetBrains\IntelliJ IDEA 2023.3.3\bin;
USERNAME=HP
OS=Windows_NT
PROCESSOR_IDENTIFIER=Intel64 Family 6 Model 140 Stepping 2, GenuineIntel



---------------  S Y S T E M  ---------------

OS:
 Windows 11 , 64 bit Build 22621 (10.0.22621.3085)
OS uptime: 3 days 11:42 hours
Hyper-V role detected

CPU: total 8 (initial active 8) (4 cores per cpu, 2 threads per core) family 6 model 140 stepping 2 microcode 0x28, cx8, cmov, fxsr, ht, mmx, 3dnowpref, sse, sse2, sse3, ssse3, sse4.1, sse4.2, popcnt, lzcnt, tsc, tscinvbit, avx, avx2, aes, erms, clmul, bmi1, bmi2, adx, avx512f, avx512dq, avx512cd, avx512bw, avx512vl, sha, fma, vzeroupper, avx512_vpopcntdq, avx512_vpclmulqdq, avx512_vaes, avx512_vnni, clflush, clflushopt, clwb, avx512_vbmi2, avx512_vbmi, hv

Memory: 4k page, system-wide physical 7937M (553M free)
TotalPageFile size 32513M (AvailPageFile size 8M)
current process WorkingSet (physical memory assigned to process): 314M, peak: 322M
current process commit charge ("private bytes"): 357M, peak: 361M

vm_info: Java HotSpot(TM) 64-Bit Server VM (17.0.8+9-LTS-211) for windows-amd64 JRE (17.0.8+9-LTS-211), built on Jun 14 2023 10:34:31 by "mach5one" with MS VC++ 17.1 (VS2022)

END.
