#
# There is insufficient memory for the Java Runtime Environment to continue.
# Native memory allocation (malloc) failed to allocate 1956016 bytes for Chunk::new
# Possible reasons:
#   The system is out of physical RAM or swap space
#   The process is running with CompressedOops enabled, and the Java Heap may be blocking the growth of the native heap
# Possible solutions:
#   Reduce memory load on the system
#   Increase physical memory or swap space
#   Check if swap backing store is full
#   Decrease Java heap size (-Xmx/-Xms)
#   Decrease number of Java threads
#   Decrease Java thread stack sizes (-Xss)
#   Set larger code cache with -XX:ReservedCodeCacheSize=
#   JVM is running with Unscaled Compressed Oops mode in which the Java heap is
#     placed in the first 4GB address space. The Java Heap base address is the
#     maximum limit for the native heap growth. Please use -XX:HeapBaseMinAddress
#     to set the Java Heap base and to place the Java Heap above 4GB virtual address.
# This output file may be truncated or incomplete.
#
#  Out of Memory Error (arena.cpp:189), pid=34740, tid=26808
#
# JRE version: Java(TM) SE Runtime Environment (17.0.8+9) (build 17.0.8+9-LTS-211)
# Java VM: Java HotSpot(TM) 64-Bit Server VM (17.0.8+9-LTS-211, mixed mode, sharing, tiered, compressed oops, compressed class ptrs, g1 gc, windows-amd64)
# No core dump will be written. Minidumps are not enabled by default on client versions of Windows
#

---------------  S U M M A R Y ------------

Command Line: -javaagent:C:\Program Files\JetBrains\IntelliJ IDEA Educational Edition 2022.2.2\lib\idea_rt.jar=60069:C:\Program Files\JetBrains\IntelliJ IDEA Educational Edition 2022.2.2\bin -Dfile.encoding=UTF-8 com.SharpDevs.Recipe.Mania.RecipeManiaApplication

Host: 11th Gen Intel(R) Core(TM) i7-1195G7 @ 2.90GHz, 8 cores, 7G,  Windows 11 , 64 bit Build 22621 (10.0.22621.3085)
Time: Mon Mar  4 11:18:28 2024 W. Central Africa Standard Time elapsed time: 3.108776 seconds (0d 0h 0m 3s)

---------------  T H R E A D  ---------------

Current thread (0x0000013b6b7d0680):  JavaThread "C2 CompilerThread0" daemon [_thread_in_native, id=26808, stack(0x0000000101300000,0x0000000101400000)]


Current CompileTask:
C2:   3108 2477       4       java.lang.invoke.MethodType::makeImpl (109 bytes)

Stack: [0x0000000101300000,0x0000000101400000]
Native frames: (J=compiled Java code, j=interpreted, Vv=VM code, C=native code)
V  [jvm.dll+0x677d0a]
V  [jvm.dll+0x7d8c54]
V  [jvm.dll+0x7da3fe]
V  [jvm.dll+0x7daa63]
V  [jvm.dll+0x245c5f]
V  [jvm.dll+0xaaa6b]
V  [jvm.dll+0xab00c]
V  [jvm.dll+0x361e3f]
V  [jvm.dll+0x32c551]
V  [jvm.dll+0x32b9ea]
V  [jvm.dll+0x217fff]
V  [jvm.dll+0x217431]
V  [jvm.dll+0x1a3af0]
V  [jvm.dll+0x2270be]
V  [jvm.dll+0x22535b]
V  [jvm.dll+0x78e7bc]
V  [jvm.dll+0x788bba]
V  [jvm.dll+0x676b35]
C  [ucrtbase.dll+0x29363]
C  [KERNEL32.DLL+0x1257d]
C  [ntdll.dll+0x5aa58]


---------------  P R O C E S S  ---------------

Threads class SMR info:
_java_thread_list=0x0000013b714b4320, length=14, elements={
0x0000013b4dafe950, 0x0000013b6b7b4dc0, 0x0000013b6b7b6980, 0x0000013b6b7c94b0,
0x0000013b6b7c9f70, 0x0000013b6b7ccb30, 0x0000013b6b7cf8f0, 0x0000013b6b7d0680,
0x0000013b6b7d1120, 0x0000013b6b7d2a30, 0x0000013b7008b990, 0x0000013b70341410,
0x0000013b7032e030, 0x0000013b706c0070
}

Java Threads: ( => current thread )
  0x0000013b4dafe950 JavaThread "main" [_thread_in_Java, id=26804, stack(0x0000000100600000,0x0000000100700000)]
  0x0000013b6b7b4dc0 JavaThread "Reference Handler" daemon [_thread_blocked, id=27676, stack(0x0000000100d00000,0x0000000100e00000)]
  0x0000013b6b7b6980 JavaThread "Finalizer" daemon [_thread_blocked, id=33704, stack(0x0000000100e00000,0x0000000100f00000)]
  0x0000013b6b7c94b0 JavaThread "Signal Dispatcher" daemon [_thread_blocked, id=32336, stack(0x0000000100f00000,0x0000000101000000)]
  0x0000013b6b7c9f70 JavaThread "Attach Listener" daemon [_thread_blocked, id=33488, stack(0x0000000101000000,0x0000000101100000)]
  0x0000013b6b7ccb30 JavaThread "Service Thread" daemon [_thread_blocked, id=6864, stack(0x0000000101100000,0x0000000101200000)]
  0x0000013b6b7cf8f0 JavaThread "Monitor Deflation Thread" daemon [_thread_blocked, id=23584, stack(0x0000000101200000,0x0000000101300000)]
=>0x0000013b6b7d0680 JavaThread "C2 CompilerThread0" daemon [_thread_in_native, id=26808, stack(0x0000000101300000,0x0000000101400000)]
  0x0000013b6b7d1120 JavaThread "C1 CompilerThread0" daemon [_thread_blocked, id=13196, stack(0x0000000101400000,0x0000000101500000)]
  0x0000013b6b7d2a30 JavaThread "Sweeper thread" daemon [_thread_blocked, id=29232, stack(0x0000000101500000,0x0000000101600000)]
  0x0000013b7008b990 JavaThread "Common-Cleaner" daemon [_thread_blocked, id=2724, stack(0x0000000101600000,0x0000000101700000)]
  0x0000013b70341410 JavaThread "Monitor Ctrl-Break" daemon [_thread_in_native, id=27788, stack(0x0000000101700000,0x0000000101800000)]
  0x0000013b7032e030 JavaThread "Notification Thread" daemon [_thread_blocked, id=33560, stack(0x0000000101800000,0x0000000101900000)]
  0x0000013b706c0070 JavaThread "C2 CompilerThread1" daemon [_thread_in_native, id=32300, stack(0x0000000101a00000,0x0000000101b00000)]

Other Threads:
  0x0000013b6b7b1330 VMThread "VM Thread" [stack: 0x0000000100c00000,0x0000000100d00000] [id=17392]
  0x0000013b703febc0 WatcherThread [stack: 0x0000000101900000,0x0000000101a00000] [id=4600]
  0x0000013b4db581d0 GCTaskThread "GC Thread#0" [stack: 0x0000000100700000,0x0000000100800000] [id=12756]
  0x0000013b70d89900 GCTaskThread "GC Thread#1" [stack: 0x0000000101b00000,0x0000000101c00000] [id=32080]
  0x0000013b70d89bb0 GCTaskThread "GC Thread#2" [stack: 0x0000000101c00000,0x0000000101d00000] [id=15660]
  0x0000013b70c61a50 GCTaskThread "GC Thread#3" [stack: 0x0000000101d00000,0x0000000101e00000] [id=30216]
  0x0000013b70c61d00 GCTaskThread "GC Thread#4" [stack: 0x0000000101e00000,0x0000000101f00000] [id=21696]
  0x0000013b70c61fb0 GCTaskThread "GC Thread#5" [stack: 0x0000000101f00000,0x0000000102000000] [id=30168]
  0x0000013b70f1cd80 GCTaskThread "GC Thread#6" [stack: 0x0000000102100000,0x0000000102200000] [id=32468]
  0x0000013b716bd380 GCTaskThread "GC Thread#7" [stack: 0x0000000102200000,0x0000000102300000] [id=18080]
  0x0000013b4db6a970 ConcurrentGCThread "G1 Main Marker" [stack: 0x0000000100800000,0x0000000100900000] [id=13624]
  0x0000013b4db6b380 ConcurrentGCThread "G1 Conc#0" [stack: 0x0000000100900000,0x0000000100a00000] [id=15808]
  0x0000013b6b675fa0 ConcurrentGCThread "G1 Refine#0" [stack: 0x0000000100a00000,0x0000000100b00000] [id=32028]
  0x0000013b6b6769c0 ConcurrentGCThread "G1 Service" [stack: 0x0000000100b00000,0x0000000100c00000] [id=21908]

Threads with active compile tasks:
C2 CompilerThread0     3177 2477       4       java.lang.invoke.MethodType::makeImpl (109 bytes)
C1 CompilerThread0     3177 2557   !   3       org.springframework.context.annotation.ConfigurationClassParser$SourceClass::getAnnotations (173 bytes)
C2 CompilerThread1     3177 2551       4       org.springframework.util.ConcurrentReferenceHashMap::getHash (64 bytes)

VM state: not at safepoint (normal execution)

VM Mutex/Monitor currently owned by a thread: None

Heap address: 0x0000000083e00000, size: 1986 MB, Compressed Oops mode: 32-bit

CDS archive(s) mapped at: [0x0000013b00000000-0x0000013b00bd0000-0x0000013b00bd0000), size 12386304, SharedBaseAddress: 0x0000013b00000000, ArchiveRelocationMode: 1.
Compressed class space mapped at: 0x0000013b01000000-0x0000013b41000000, reserved size: 1073741824
Narrow klass base: 0x0000013b00000000, Narrow klass shift: 0, Narrow klass range: 0x100000000

GC Precious Log:
 CPUs: 8 total, 8 available
 Memory: 7937M
 Large Page Support: Disabled
 NUMA Support: Disabled
 Compressed Oops: Enabled (32-bit)
 Heap Region Size: 1M
 Heap Min Capacity: 8M
 Heap Initial Capacity: 126M
 Heap Max Capacity: 1986M
 Pre-touch: Disabled
 Parallel Workers: 8
 Concurrent Workers: 2
 Concurrent Refinement Workers: 8
 Periodic GC: Disabled

Heap:
 garbage-first heap   total 129024K, used 52236K [0x0000000083e00000, 0x0000000100000000)
  region size 1024K, 45 young (46080K), 2 survivors (2048K)
 Metaspace       used 20241K, committed 20480K, reserved 1114112K
  class space    used 2602K, committed 2688K, reserved 1048576K

Heap Regions: E=young(eden), S=young(survivor), O=old, HS=humongous(starts), HC=humongous(continues), CS=collection set, F=free, OA=open archive, CA=closed archive, TAMS=top-at-mark-start (previous, next)
|   0|0x0000000083e00000, 0x0000000083f00000, 0x0000000083f00000|100%|HS|  |TAMS 0x0000000083e00000, 0x0000000083e00000| Complete 
|   1|0x0000000083f00000, 0x0000000084000000, 0x0000000084000000|100%| O|  |TAMS 0x0000000083f00000, 0x0000000083f00000| Untracked 
|   2|0x0000000084000000, 0x0000000084100000, 0x0000000084100000|100%| O|  |TAMS 0x0000000084000000, 0x0000000084000000| Untracked 
|   3|0x0000000084100000, 0x0000000084200000, 0x0000000084200000|100%| O|  |TAMS 0x0000000084100000, 0x0000000084100000| Untracked 
|   4|0x0000000084200000, 0x0000000084300000, 0x0000000084300000|100%| O|  |TAMS 0x0000000084200000, 0x0000000084200000| Untracked 
|   5|0x0000000084300000, 0x0000000084400000, 0x0000000084400000|100%| O|  |TAMS 0x0000000084300000, 0x0000000084300000| Untracked 
|   6|0x0000000084400000, 0x0000000084500000, 0x0000000084500000|100%| O|  |TAMS 0x0000000084400000, 0x0000000084400000| Untracked 
|   7|0x0000000084500000, 0x0000000084600000, 0x0000000084600000|100%| O|  |TAMS 0x0000000084500000, 0x0000000084500000| Untracked 
|   8|0x0000000084600000, 0x0000000084632c00, 0x0000000084700000| 19%| O|  |TAMS 0x0000000084600000, 0x0000000084600000| Untracked 
|   9|0x0000000084700000, 0x0000000084700000, 0x0000000084800000|  0%| F|  |TAMS 0x0000000084700000, 0x0000000084700000| Untracked 
|  10|0x0000000084800000, 0x0000000084800000, 0x0000000084900000|  0%| F|  |TAMS 0x0000000084800000, 0x0000000084800000| Untracked 
|  11|0x0000000084900000, 0x0000000084900000, 0x0000000084a00000|  0%| F|  |TAMS 0x0000000084900000, 0x0000000084900000| Untracked 
|  12|0x0000000084a00000, 0x0000000084a00000, 0x0000000084b00000|  0%| F|  |TAMS 0x0000000084a00000, 0x0000000084a00000| Untracked 
|  13|0x0000000084b00000, 0x0000000084b00000, 0x0000000084c00000|  0%| F|  |TAMS 0x0000000084b00000, 0x0000000084b00000| Untracked 
|  14|0x0000000084c00000, 0x0000000084c00000, 0x0000000084d00000|  0%| F|  |TAMS 0x0000000084c00000, 0x0000000084c00000| Untracked 
|  15|0x0000000084d00000, 0x0000000084d00000, 0x0000000084e00000|  0%| F|  |TAMS 0x0000000084d00000, 0x0000000084d00000| Untracked 
|  16|0x0000000084e00000, 0x0000000084e00000, 0x0000000084f00000|  0%| F|  |TAMS 0x0000000084e00000, 0x0000000084e00000| Untracked 
|  17|0x0000000084f00000, 0x0000000084f00000, 0x0000000085000000|  0%| F|  |TAMS 0x0000000084f00000, 0x0000000084f00000| Untracked 
|  18|0x0000000085000000, 0x0000000085000000, 0x0000000085100000|  0%| F|  |TAMS 0x0000000085000000, 0x0000000085000000| Untracked 
|  19|0x0000000085100000, 0x0000000085100000, 0x0000000085200000|  0%| F|  |TAMS 0x0000000085100000, 0x0000000085100000| Untracked 
|  20|0x0000000085200000, 0x0000000085200000, 0x0000000085300000|  0%| F|  |TAMS 0x0000000085200000, 0x0000000085200000| Untracked 
|  21|0x0000000085300000, 0x0000000085300000, 0x0000000085400000|  0%| F|  |TAMS 0x0000000085300000, 0x0000000085300000| Untracked 
|  22|0x0000000085400000, 0x0000000085400000, 0x0000000085500000|  0%| F|  |TAMS 0x0000000085400000, 0x0000000085400000| Untracked 
|  23|0x0000000085500000, 0x0000000085500000, 0x0000000085600000|  0%| F|  |TAMS 0x0000000085500000, 0x0000000085500000| Untracked 
|  24|0x0000000085600000, 0x0000000085600000, 0x0000000085700000|  0%| F|  |TAMS 0x0000000085600000, 0x0000000085600000| Untracked 
|  25|0x0000000085700000, 0x0000000085700000, 0x0000000085800000|  0%| F|  |TAMS 0x0000000085700000, 0x0000000085700000| Untracked 
|  26|0x0000000085800000, 0x0000000085800000, 0x0000000085900000|  0%| F|  |TAMS 0x0000000085800000, 0x0000000085800000| Untracked 
|  27|0x0000000085900000, 0x0000000085900000, 0x0000000085a00000|  0%| F|  |TAMS 0x0000000085900000, 0x0000000085900000| Untracked 
|  28|0x0000000085a00000, 0x0000000085a00000, 0x0000000085b00000|  0%| F|  |TAMS 0x0000000085a00000, 0x0000000085a00000| Untracked 
|  29|0x0000000085b00000, 0x0000000085b00000, 0x0000000085c00000|  0%| F|  |TAMS 0x0000000085b00000, 0x0000000085b00000| Untracked 
|  30|0x0000000085c00000, 0x0000000085c00000, 0x0000000085d00000|  0%| F|  |TAMS 0x0000000085c00000, 0x0000000085c00000| Untracked 
|  31|0x0000000085d00000, 0x0000000085d00000, 0x0000000085e00000|  0%| F|  |TAMS 0x0000000085d00000, 0x0000000085d00000| Untracked 
|  32|0x0000000085e00000, 0x0000000085e00000, 0x0000000085f00000|  0%| F|  |TAMS 0x0000000085e00000, 0x0000000085e00000| Untracked 
|  33|0x0000000085f00000, 0x0000000085f00000, 0x0000000086000000|  0%| F|  |TAMS 0x0000000085f00000, 0x0000000085f00000| Untracked 
|  34|0x0000000086000000, 0x0000000086000000, 0x0000000086100000|  0%| F|  |TAMS 0x0000000086000000, 0x0000000086000000| Untracked 
|  35|0x0000000086100000, 0x0000000086100000, 0x0000000086200000|  0%| F|  |TAMS 0x0000000086100000, 0x0000000086100000| Untracked 
|  36|0x0000000086200000, 0x0000000086200000, 0x0000000086300000|  0%| F|  |TAMS 0x0000000086200000, 0x0000000086200000| Untracked 
|  37|0x0000000086300000, 0x0000000086300000, 0x0000000086400000|  0%| F|  |TAMS 0x0000000086300000, 0x0000000086300000| Untracked 
|  38|0x0000000086400000, 0x0000000086400000, 0x0000000086500000|  0%| F|  |TAMS 0x0000000086400000, 0x0000000086400000| Untracked 
|  39|0x0000000086500000, 0x0000000086500000, 0x0000000086600000|  0%| F|  |TAMS 0x0000000086500000, 0x0000000086500000| Untracked 
|  40|0x0000000086600000, 0x0000000086600000, 0x0000000086700000|  0%| F|  |TAMS 0x0000000086600000, 0x0000000086600000| Untracked 
|  41|0x0000000086700000, 0x0000000086700000, 0x0000000086800000|  0%| F|  |TAMS 0x0000000086700000, 0x0000000086700000| Untracked 
|  42|0x0000000086800000, 0x0000000086800000, 0x0000000086900000|  0%| F|  |TAMS 0x0000000086800000, 0x0000000086800000| Untracked 
|  43|0x0000000086900000, 0x0000000086900000, 0x0000000086a00000|  0%| F|  |TAMS 0x0000000086900000, 0x0000000086900000| Untracked 
|  44|0x0000000086a00000, 0x0000000086a00000, 0x0000000086b00000|  0%| F|  |TAMS 0x0000000086a00000, 0x0000000086a00000| Untracked 
|  45|0x0000000086b00000, 0x0000000086b00000, 0x0000000086c00000|  0%| F|  |TAMS 0x0000000086b00000, 0x0000000086b00000| Untracked 
|  46|0x0000000086c00000, 0x0000000086c00000, 0x0000000086d00000|  0%| F|  |TAMS 0x0000000086c00000, 0x0000000086c00000| Untracked 
|  47|0x0000000086d00000, 0x0000000086d00000, 0x0000000086e00000|  0%| F|  |TAMS 0x0000000086d00000, 0x0000000086d00000| Untracked 
|  48|0x0000000086e00000, 0x0000000086e00000, 0x0000000086f00000|  0%| F|  |TAMS 0x0000000086e00000, 0x0000000086e00000| Untracked 
|  49|0x0000000086f00000, 0x0000000086f00000, 0x0000000087000000|  0%| F|  |TAMS 0x0000000086f00000, 0x0000000086f00000| Untracked 
|  50|0x0000000087000000, 0x0000000087000000, 0x0000000087100000|  0%| F|  |TAMS 0x0000000087000000, 0x0000000087000000| Untracked 
|  51|0x0000000087100000, 0x0000000087100000, 0x0000000087200000|  0%| F|  |TAMS 0x0000000087100000, 0x0000000087100000| Untracked 
|  52|0x0000000087200000, 0x0000000087200000, 0x0000000087300000|  0%| F|  |TAMS 0x0000000087200000, 0x0000000087200000| Untracked 
|  53|0x0000000087300000, 0x0000000087300000, 0x0000000087400000|  0%| F|  |TAMS 0x0000000087300000, 0x0000000087300000| Untracked 
|  54|0x0000000087400000, 0x0000000087400000, 0x0000000087500000|  0%| F|  |TAMS 0x0000000087400000, 0x0000000087400000| Untracked 
|  55|0x0000000087500000, 0x0000000087500000, 0x0000000087600000|  0%| F|  |TAMS 0x0000000087500000, 0x0000000087500000| Untracked 
|  56|0x0000000087600000, 0x0000000087600000, 0x0000000087700000|  0%| F|  |TAMS 0x0000000087600000, 0x0000000087600000| Untracked 
|  57|0x0000000087700000, 0x0000000087700000, 0x0000000087800000|  0%| F|  |TAMS 0x0000000087700000, 0x0000000087700000| Untracked 
|  58|0x0000000087800000, 0x0000000087800000, 0x0000000087900000|  0%| F|  |TAMS 0x0000000087800000, 0x0000000087800000| Untracked 
|  59|0x0000000087900000, 0x0000000087900000, 0x0000000087a00000|  0%| F|  |TAMS 0x0000000087900000, 0x0000000087900000| Untracked 
|  60|0x0000000087a00000, 0x0000000087a00000, 0x0000000087b00000|  0%| F|  |TAMS 0x0000000087a00000, 0x0000000087a00000| Untracked 
|  61|0x0000000087b00000, 0x0000000087b00000, 0x0000000087c00000|  0%| F|  |TAMS 0x0000000087b00000, 0x0000000087b00000| Untracked 
|  62|0x0000000087c00000, 0x0000000087c00000, 0x0000000087d00000|  0%| F|  |TAMS 0x0000000087c00000, 0x0000000087c00000| Untracked 
|  63|0x0000000087d00000, 0x0000000087d00000, 0x0000000087e00000|  0%| F|  |TAMS 0x0000000087d00000, 0x0000000087d00000| Untracked 
|  64|0x0000000087e00000, 0x0000000087e00000, 0x0000000087f00000|  0%| F|  |TAMS 0x0000000087e00000, 0x0000000087e00000| Untracked 
|  65|0x0000000087f00000, 0x0000000087f00000, 0x0000000088000000|  0%| F|  |TAMS 0x0000000087f00000, 0x0000000087f00000| Untracked 
|  66|0x0000000088000000, 0x0000000088000000, 0x0000000088100000|  0%| F|  |TAMS 0x0000000088000000, 0x0000000088000000| Untracked 
|  67|0x0000000088100000, 0x0000000088100000, 0x0000000088200000|  0%| F|  |TAMS 0x0000000088100000, 0x0000000088100000| Untracked 
|  68|0x0000000088200000, 0x0000000088200000, 0x0000000088300000|  0%| F|  |TAMS 0x0000000088200000, 0x0000000088200000| Untracked 
|  69|0x0000000088300000, 0x0000000088300000, 0x0000000088400000|  0%| F|  |TAMS 0x0000000088300000, 0x0000000088300000| Untracked 
|  70|0x0000000088400000, 0x0000000088400000, 0x0000000088500000|  0%| F|  |TAMS 0x0000000088400000, 0x0000000088400000| Untracked 
|  71|0x0000000088500000, 0x0000000088500000, 0x0000000088600000|  0%| F|  |TAMS 0x0000000088500000, 0x0000000088500000| Untracked 
|  72|0x0000000088600000, 0x0000000088600000, 0x0000000088700000|  0%| F|  |TAMS 0x0000000088600000, 0x0000000088600000| Untracked 
|  73|0x0000000088700000, 0x0000000088700000, 0x0000000088800000|  0%| F|  |TAMS 0x0000000088700000, 0x0000000088700000| Untracked 
|  74|0x0000000088800000, 0x0000000088800000, 0x0000000088900000|  0%| F|  |TAMS 0x0000000088800000, 0x0000000088800000| Untracked 
|  75|0x0000000088900000, 0x0000000088900000, 0x0000000088a00000|  0%| F|  |TAMS 0x0000000088900000, 0x0000000088900000| Untracked 
|  76|0x0000000088a00000, 0x0000000088a00000, 0x0000000088b00000|  0%| F|  |TAMS 0x0000000088a00000, 0x0000000088a00000| Untracked 
|  77|0x0000000088b00000, 0x0000000088b00000, 0x0000000088c00000|  0%| F|  |TAMS 0x0000000088b00000, 0x0000000088b00000| Untracked 
|  78|0x0000000088c00000, 0x0000000088c00000, 0x0000000088d00000|  0%| F|  |TAMS 0x0000000088c00000, 0x0000000088c00000| Untracked 
|  79|0x0000000088d00000, 0x0000000088d00000, 0x0000000088e00000|  0%| F|  |TAMS 0x0000000088d00000, 0x0000000088d00000| Untracked 
|  80|0x0000000088e00000, 0x0000000088e00000, 0x0000000088f00000|  0%| F|  |TAMS 0x0000000088e00000, 0x0000000088e00000| Untracked 
|  81|0x0000000088f00000, 0x0000000089000000, 0x0000000089000000|100%| E|  |TAMS 0x0000000088f00000, 0x0000000088f00000| Complete 
|  82|0x0000000089000000, 0x0000000089100000, 0x0000000089100000|100%| E|CS|TAMS 0x0000000089000000, 0x0000000089000000| Complete 
|  83|0x0000000089100000, 0x0000000089200000, 0x0000000089200000|100%| E|CS|TAMS 0x0000000089100000, 0x0000000089100000| Complete 
|  84|0x0000000089200000, 0x0000000089300000, 0x0000000089300000|100%| E|CS|TAMS 0x0000000089200000, 0x0000000089200000| Complete 
|  85|0x0000000089300000, 0x0000000089400000, 0x0000000089400000|100%| E|CS|TAMS 0x0000000089300000, 0x0000000089300000| Complete 
|  86|0x0000000089400000, 0x0000000089500000, 0x0000000089500000|100%| E|CS|TAMS 0x0000000089400000, 0x0000000089400000| Complete 
|  87|0x0000000089500000, 0x0000000089600000, 0x0000000089600000|100%| E|CS|TAMS 0x0000000089500000, 0x0000000089500000| Complete 
|  88|0x0000000089600000, 0x0000000089700000, 0x0000000089700000|100%| E|CS|TAMS 0x0000000089600000, 0x0000000089600000| Complete 
|  89|0x0000000089700000, 0x0000000089800000, 0x0000000089800000|100%| E|CS|TAMS 0x0000000089700000, 0x0000000089700000| Complete 
|  90|0x0000000089800000, 0x0000000089900000, 0x0000000089900000|100%| E|CS|TAMS 0x0000000089800000, 0x0000000089800000| Complete 
|  91|0x0000000089900000, 0x0000000089a00000, 0x0000000089a00000|100%| E|CS|TAMS 0x0000000089900000, 0x0000000089900000| Complete 
|  92|0x0000000089a00000, 0x0000000089b00000, 0x0000000089b00000|100%| E|CS|TAMS 0x0000000089a00000, 0x0000000089a00000| Complete 
|  93|0x0000000089b00000, 0x0000000089c00000, 0x0000000089c00000|100%| E|CS|TAMS 0x0000000089b00000, 0x0000000089b00000| Complete 
|  94|0x0000000089c00000, 0x0000000089d00000, 0x0000000089d00000|100%| E|CS|TAMS 0x0000000089c00000, 0x0000000089c00000| Complete 
|  95|0x0000000089d00000, 0x0000000089e00000, 0x0000000089e00000|100%| E|CS|TAMS 0x0000000089d00000, 0x0000000089d00000| Complete 
|  96|0x0000000089e00000, 0x0000000089ed0608, 0x0000000089f00000| 81%| S|CS|TAMS 0x0000000089e00000, 0x0000000089e00000| Complete 
|  97|0x0000000089f00000, 0x000000008a000000, 0x000000008a000000|100%| S|CS|TAMS 0x0000000089f00000, 0x0000000089f00000| Complete 
|  98|0x000000008a000000, 0x000000008a100000, 0x000000008a100000|100%| E|CS|TAMS 0x000000008a000000, 0x000000008a000000| Complete 
|  99|0x000000008a100000, 0x000000008a200000, 0x000000008a200000|100%| E|CS|TAMS 0x000000008a100000, 0x000000008a100000| Complete 
| 100|0x000000008a200000, 0x000000008a300000, 0x000000008a300000|100%| E|CS|TAMS 0x000000008a200000, 0x000000008a200000| Complete 
| 101|0x000000008a300000, 0x000000008a400000, 0x000000008a400000|100%| E|CS|TAMS 0x000000008a300000, 0x000000008a300000| Complete 
| 102|0x000000008a400000, 0x000000008a500000, 0x000000008a500000|100%| E|CS|TAMS 0x000000008a400000, 0x000000008a400000| Complete 
| 103|0x000000008a500000, 0x000000008a600000, 0x000000008a600000|100%| E|CS|TAMS 0x000000008a500000, 0x000000008a500000| Complete 
| 104|0x000000008a600000, 0x000000008a700000, 0x000000008a700000|100%| E|  |TAMS 0x000000008a600000, 0x000000008a600000| Complete 
| 105|0x000000008a700000, 0x000000008a800000, 0x000000008a800000|100%| E|CS|TAMS 0x000000008a700000, 0x000000008a700000| Complete 
| 106|0x000000008a800000, 0x000000008a900000, 0x000000008a900000|100%| E|CS|TAMS 0x000000008a800000, 0x000000008a800000| Complete 
| 107|0x000000008a900000, 0x000000008aa00000, 0x000000008aa00000|100%| E|CS|TAMS 0x000000008a900000, 0x000000008a900000| Complete 
| 108|0x000000008aa00000, 0x000000008ab00000, 0x000000008ab00000|100%| E|CS|TAMS 0x000000008aa00000, 0x000000008aa00000| Complete 
| 109|0x000000008ab00000, 0x000000008ac00000, 0x000000008ac00000|100%| E|CS|TAMS 0x000000008ab00000, 0x000000008ab00000| Complete 
| 110|0x000000008ac00000, 0x000000008ad00000, 0x000000008ad00000|100%| E|CS|TAMS 0x000000008ac00000, 0x000000008ac00000| Complete 
| 111|0x000000008ad00000, 0x000000008ae00000, 0x000000008ae00000|100%| E|CS|TAMS 0x000000008ad00000, 0x000000008ad00000| Complete 
| 112|0x000000008ae00000, 0x000000008af00000, 0x000000008af00000|100%| E|CS|TAMS 0x000000008ae00000, 0x000000008ae00000| Complete 
| 113|0x000000008af00000, 0x000000008b000000, 0x000000008b000000|100%| E|CS|TAMS 0x000000008af00000, 0x000000008af00000| Complete 
| 114|0x000000008b000000, 0x000000008b100000, 0x000000008b100000|100%| E|CS|TAMS 0x000000008b000000, 0x000000008b000000| Complete 
| 115|0x000000008b100000, 0x000000008b200000, 0x000000008b200000|100%| E|CS|TAMS 0x000000008b100000, 0x000000008b100000| Complete 
| 116|0x000000008b200000, 0x000000008b300000, 0x000000008b300000|100%| E|CS|TAMS 0x000000008b200000, 0x000000008b200000| Complete 
| 117|0x000000008b300000, 0x000000008b400000, 0x000000008b400000|100%| E|CS|TAMS 0x000000008b300000, 0x000000008b300000| Complete 
| 118|0x000000008b400000, 0x000000008b500000, 0x000000008b500000|100%| E|CS|TAMS 0x000000008b400000, 0x000000008b400000| Complete 
| 119|0x000000008b500000, 0x000000008b600000, 0x000000008b600000|100%| E|CS|TAMS 0x000000008b500000, 0x000000008b500000| Complete 
| 120|0x000000008b600000, 0x000000008b700000, 0x000000008b700000|100%| E|CS|TAMS 0x000000008b600000, 0x000000008b600000| Complete 
| 121|0x000000008b700000, 0x000000008b800000, 0x000000008b800000|100%| E|CS|TAMS 0x000000008b700000, 0x000000008b700000| Complete 
| 122|0x000000008b800000, 0x000000008b900000, 0x000000008b900000|100%| E|CS|TAMS 0x000000008b800000, 0x000000008b800000| Complete 
| 123|0x000000008b900000, 0x000000008ba00000, 0x000000008ba00000|100%| E|CS|TAMS 0x000000008b900000, 0x000000008b900000| Complete 
| 124|0x000000008ba00000, 0x000000008bb00000, 0x000000008bb00000|100%| E|CS|TAMS 0x000000008ba00000, 0x000000008ba00000| Complete 
| 125|0x000000008bb00000, 0x000000008bc00000, 0x000000008bc00000|100%| E|CS|TAMS 0x000000008bb00000, 0x000000008bb00000| Complete 

Card table byte_map: [0x0000013b64ab0000,0x0000013b64ea0000] _byte_map_base: 0x0000013b64691000

Marking Bits (Prev, Next): (CMBitMap*) 0x0000013b4db597f0, (CMBitMap*) 0x0000013b4db59830
 Prev Bits: [0x0000013b65290000, 0x0000013b67198000)
 Next Bits: [0x0000013b671a0000, 0x0000013b690a8000)

Polling page: 0x0000013b4ba70000

Metaspace:

Usage:
  Non-class:     17.24 MB used.
      Class:      2.54 MB used.
       Both:     19.78 MB used.

Virtual space:
  Non-class space:       64.00 MB reserved,      17.38 MB ( 27%) committed,  1 nodes.
      Class space:        1.00 GB reserved,       2.62 MB ( <1%) committed,  1 nodes.
             Both:        1.06 GB reserved,      20.00 MB (  2%) committed. 

Chunk freelists:
   Non-Class:  13.77 MB
       Class:  13.39 MB
        Both:  27.16 MB

MaxMetaspaceSize: unlimited
CompressedClassSpaceSize: 1.00 GB
Initial GC threshold: 21.00 MB
Current GC threshold: 21.00 MB
CDS: on
MetaspaceReclaimPolicy: balanced
 - commit_granule_bytes: 65536.
 - commit_granule_words: 8192.
 - virtual_space_node_default_size: 8388608.
 - enlarge_chunks_in_place: 1.
 - new_chunks_are_fully_committed: 0.
 - uncommit_free_chunks: 1.
 - use_allocation_guard: 0.
 - handle_deallocations: 1.


Internal statistics:

num_allocs_failed_limit: 0.
num_arena_births: 226.
num_arena_deaths: 0.
num_vsnodes_births: 2.
num_vsnodes_deaths: 0.
num_space_committed: 320.
num_space_uncommitted: 0.
num_chunks_returned_to_freelist: 0.
num_chunks_taken_from_freelist: 907.
num_chunk_merges: 0.
num_chunk_splits: 622.
num_chunks_enlarged: 490.
num_purges: 0.
num_inconsistent_stats: 0.

CodeHeap 'non-profiled nmethods': size=120000Kb used=1182Kb max_used=1182Kb free=118817Kb
 bounds [0x0000013b5ce60000, 0x0000013b5d0d0000, 0x0000013b64390000]
CodeHeap 'profiled nmethods': size=120000Kb used=5192Kb max_used=5192Kb free=114808Kb
 bounds [0x0000013b55390000, 0x0000013b558b0000, 0x0000013b5c8c0000]
CodeHeap 'non-nmethods': size=5760Kb used=1219Kb max_used=1249Kb free=4540Kb
 bounds [0x0000013b5c8c0000, 0x0000013b5cb30000, 0x0000013b5ce60000]
 total_blobs=3073 nmethods=2565 adapters=420
 compilation: enabled
              stopped_count=0, restarted_count=0
 full_count=0

Compilation events (20 events):
Event: 3.032 Thread 0x0000013b6b7d1120 2496       3       org.springframework.beans.factory.support.AbstractBeanDefinition::getBeanClassName (29 bytes)
Event: 3.033 Thread 0x0000013b6b7d1120 nmethod 2496 0x0000013b55878410 code [0x0000013b558785e0, 0x0000013b55878b28]
Event: 3.046 Thread 0x0000013b6b7d1120 2497       3       java.io.FileDescriptor::<init> (17 bytes)
Event: 3.046 Thread 0x0000013b6b7d1120 nmethod 2497 0x0000013b55878c90 code [0x0000013b55878e20, 0x0000013b55878f98]
Event: 3.067 Thread 0x0000013b6b7d1120 2498       3       java.io.FileCleanable::register (49 bytes)
Event: 3.068 Thread 0x0000013b6b7d1120 nmethod 2498 0x0000013b55879090 code [0x0000013b558792a0, 0x0000013b55879ad8]
Event: 3.068 Thread 0x0000013b6b7d1120 2499       3       java.io.FileDescriptor$1::get (5 bytes)
Event: 3.069 Thread 0x0000013b6b7d1120 nmethod 2499 0x0000013b55879e10 code [0x0000013b55879fa0, 0x0000013b5587a0b8]
Event: 3.069 Thread 0x0000013b6b7d1120 2500       3       java.io.FileDescriptor$1::getHandle (5 bytes)
Event: 3.069 Thread 0x0000013b6b7d1120 nmethod 2500 0x0000013b5587a190 code [0x0000013b5587a320, 0x0000013b5587a438]
Event: 3.073 Thread 0x0000013b6b7d1120 2501       1       org.springframework.beans.factory.support.AbstractBeanDefinition::isSynthetic (5 bytes)
Event: 3.073 Thread 0x0000013b6b7d1120 nmethod 2501 0x0000013b5cf7e890 code [0x0000013b5cf7ea20, 0x0000013b5cf7eaf8]
Event: 3.090 Thread 0x0000013b6b7d1120 2503       1       org.springframework.beans.factory.support.AbstractBeanDefinition::getFactoryMethodName (5 bytes)
Event: 3.091 Thread 0x0000013b6b7d1120 nmethod 2503 0x0000013b5cf7eb90 code [0x0000013b5cf7ed20, 0x0000013b5cf7edf8]
Event: 3.094 Thread 0x0000013b6b7d1120 2504       3       org.springframework.beans.factory.support.AbstractBeanDefinition::hasBeanClass (8 bytes)
Event: 3.094 Thread 0x0000013b6b7d1120 nmethod 2504 0x0000013b5587a510 code [0x0000013b5587a6a0, 0x0000013b5587a8b8]
Event: 3.094 Thread 0x0000013b6b7d1120 2505       3       java.util.IdentityHashMap::maskNull (12 bytes)
Event: 3.094 Thread 0x0000013b6b7d1120 nmethod 2505 0x0000013b5587a990 code [0x0000013b5587ab20, 0x0000013b5587ac58]
Event: 3.094 Thread 0x0000013b6b7d1120 2506       3       java.util.IdentityHashMap::hash (18 bytes)
Event: 3.095 Thread 0x0000013b6b7d1120 nmethod 2506 0x0000013b5587ad10 code [0x0000013b5587aea0, 0x0000013b5587afc8]

GC Heap History (4 events):
Event: 1.046 GC heap before
{Heap before GC invocations=0 (full 0):
 garbage-first heap   total 129024K, used 23552K [0x0000000083e00000, 0x0000000100000000)
  region size 1024K, 23 young (23552K), 0 survivors (0K)
 Metaspace       used 5970K, committed 6208K, reserved 1114112K
  class space    used 715K, committed 832K, reserved 1048576K
}
Event: 1.051 GC heap after
{Heap after GC invocations=1 (full 0):
 garbage-first heap   total 129024K, used 8558K [0x0000000083e00000, 0x0000000100000000)
  region size 1024K, 3 young (3072K), 3 survivors (3072K)
 Metaspace       used 5970K, committed 6208K, reserved 1114112K
  class space    used 715K, committed 832K, reserved 1048576K
}
Event: 1.754 GC heap before
{Heap before GC invocations=1 (full 0):
 garbage-first heap   total 129024K, used 33134K [0x0000000083e00000, 0x0000000100000000)
  region size 1024K, 28 young (28672K), 3 survivors (3072K)
 Metaspace       used 11661K, committed 11968K, reserved 1114112K
  class space    used 1595K, committed 1728K, reserved 1048576K
}
Event: 1.761 GC heap after
{Heap after GC invocations=2 (full 0):
 garbage-first heap   total 129024K, used 10252K [0x0000000083e00000, 0x0000000100000000)
  region size 1024K, 2 young (2048K), 2 survivors (2048K)
 Metaspace       used 11661K, committed 11968K, reserved 1114112K
  class space    used 1595K, committed 1728K, reserved 1048576K
}

Deoptimization events (20 events):
Event: 2.827 Thread 0x0000013b4dafe950 DEOPT PACKING pc=0x0000013b554d3de6 sp=0x00000001006fe910
Event: 2.827 Thread 0x0000013b4dafe950 DEOPT UNPACKING pc=0x0000013b5c9166e3 sp=0x00000001006fddd8 mode 0
Event: 2.827 Thread 0x0000013b4dafe950 DEOPT PACKING pc=0x0000013b55533631 sp=0x00000001006fe8e0
Event: 2.827 Thread 0x0000013b4dafe950 DEOPT UNPACKING pc=0x0000013b5c9166e3 sp=0x00000001006fddd0 mode 0
Event: 2.827 Thread 0x0000013b4dafe950 DEOPT PACKING pc=0x0000013b554d3de6 sp=0x00000001006fe910
Event: 2.829 Thread 0x0000013b4dafe950 DEOPT UNPACKING pc=0x0000013b5c9166e3 sp=0x00000001006fddd8 mode 0
Event: 2.829 Thread 0x0000013b4dafe950 DEOPT PACKING pc=0x0000013b55533631 sp=0x00000001006fe8e0
Event: 2.829 Thread 0x0000013b4dafe950 DEOPT UNPACKING pc=0x0000013b5c9166e3 sp=0x00000001006fddd0 mode 0
Event: 2.837 Thread 0x0000013b4dafe950 Uncommon trap: trap_request=0xffffff45 fr.pc=0x0000013b5cf6b5a0 relative=0x0000000000000360
Event: 2.837 Thread 0x0000013b4dafe950 Uncommon trap: reason=unstable_if action=reinterpret pc=0x0000013b5cf6b5a0 method=java.lang.Integer.parseInt(Ljava/lang/String;I)I @ 119 c2
Event: 2.837 Thread 0x0000013b4dafe950 DEOPT PACKING pc=0x0000013b5cf6b5a0 sp=0x00000001006fe770
Event: 2.837 Thread 0x0000013b4dafe950 DEOPT UNPACKING pc=0x0000013b5c915ba3 sp=0x00000001006fe6e8 mode 2
Event: 2.924 Thread 0x0000013b4dafe950 Uncommon trap: trap_request=0xffffffc6 fr.pc=0x0000013b5cf34714 relative=0x0000000000002194
Event: 2.924 Thread 0x0000013b4dafe950 Uncommon trap: reason=bimorphic_or_optimized_type_check action=maybe_recompile pc=0x0000013b5cf34714 method=java.util.HashMap.putVal(ILjava/lang/Object;Ljava/lang/Object;ZZ)Ljava/lang/Object; @ 203 c2
Event: 2.924 Thread 0x0000013b4dafe950 DEOPT PACKING pc=0x0000013b5cf34714 sp=0x00000001006fe790
Event: 2.924 Thread 0x0000013b4dafe950 DEOPT UNPACKING pc=0x0000013b5c915ba3 sp=0x00000001006fe658 mode 2
Event: 2.960 Thread 0x0000013b4dafe950 Uncommon trap: trap_request=0xffffff45 fr.pc=0x0000013b5cf25c58 relative=0x0000000000001278
Event: 2.960 Thread 0x0000013b4dafe950 Uncommon trap: reason=unstable_if action=reinterpret pc=0x0000013b5cf25c58 method=java.util.zip.ZipFile$Source.getEntryPos(Ljava/lang/String;Z)I @ 104 c2
Event: 2.960 Thread 0x0000013b4dafe950 DEOPT PACKING pc=0x0000013b5cf25c58 sp=0x00000001006fd690
Event: 2.960 Thread 0x0000013b4dafe950 DEOPT UNPACKING pc=0x0000013b5c915ba3 sp=0x00000001006fd5b0 mode 2

Classes unloaded (0 events):
No events

Classes redefined (0 events):
No events

Internal exceptions (20 events):
Event: 1.268 Thread 0x0000013b4dafe950 Exception <a 'java/lang/NoSuchMethodError'{0x000000008b6b8468}: 'void java.lang.invoke.DirectMethodHandle$Holder.invokeStaticInit(java.lang.Object, java.lang.Object, java.lang.Object)'> (0x000000008b6b8468) 
thrown [s\open\src\hotspot\share\interpreter\linkResolver.cpp, line 759]
Event: 1.279 Thread 0x0000013b4dafe950 Exception <a 'java/lang/NoSuchMethodError'{0x000000008b6fd898}: 'java.lang.Object java.lang.invoke.DirectMethodHandle$Holder.invokeStatic(java.lang.Object, java.lang.Object, long, java.lang.Object)'> (0x000000008b6fd898) 
thrown [s\open\src\hotspot\share\interpreter\linkResolver.cpp, line 759]
Event: 1.280 Thread 0x0000013b4dafe950 Exception <a 'java/lang/NoSuchMethodError'{0x000000008b5017b8}: 'java.lang.Object java.lang.invoke.DirectMethodHandle$Holder.invokeStaticInit(java.lang.Object, java.lang.Object, long, java.lang.Object)'> (0x000000008b5017b8) 
thrown [s\open\src\hotspot\share\interpreter\linkResolver.cpp, line 759]
Event: 1.281 Thread 0x0000013b4dafe950 Exception <a 'java/lang/NoSuchMethodError'{0x000000008b507ec0}: 'java.lang.Object java.lang.invoke.DirectMethodHandle$Holder.newInvokeSpecial(java.lang.Object, java.lang.Object, long)'> (0x000000008b507ec0) 
thrown [s\open\src\hotspot\share\interpreter\linkResolver.cpp, line 759]
Event: 1.281 Thread 0x0000013b4dafe950 Exception <a 'java/lang/NoSuchMethodError'{0x000000008b50ba30}: 'java.lang.Object java.lang.invoke.Invokers$Holder.linkToTargetMethod(java.lang.Object, long, java.lang.Object)'> (0x000000008b50ba30) 
thrown [s\open\src\hotspot\share\interpreter\linkResolver.cpp, line 759]
Event: 1.301 Thread 0x0000013b4dafe950 Exception <a 'java/lang/NoSuchMethodError'{0x000000008b55b0d0}: 'void java.lang.invoke.DirectMethodHandle$Holder.invokeSpecial(java.lang.Object, java.lang.Object, java.lang.Object, java.lang.Object, java.lang.Object)'> (0x000000008b55b0d0) 
thrown [s\open\src\hotspot\share\interpreter\linkResolver.cpp, line 759]
Event: 1.302 Thread 0x0000013b4dafe950 Exception <a 'java/lang/NoSuchMethodError'{0x000000008b5636e8}: 'void java.lang.invoke.DirectMethodHandle$Holder.invokeVirtual(java.lang.Object, java.lang.Object, java.lang.Object, java.lang.Object)'> (0x000000008b5636e8) 
thrown [s\open\src\hotspot\share\interpreter\linkResolver.cpp, line 759]
Event: 1.370 Thread 0x0000013b4dafe950 Exception <a 'java/lang/NoSuchMethodError'{0x000000008b4c6518}: 'void java.lang.invoke.DirectMethodHandle$Holder.invokeSpecial(java.lang.Object, java.lang.Object, java.lang.Object)'> (0x000000008b4c6518) 
thrown [s\open\src\hotspot\share\interpreter\linkResolver.cpp, line 759]
Event: 1.379 Thread 0x0000013b4dafe950 Exception <a 'java/lang/IncompatibleClassChangeError'{0x000000008b4f61b8}: Found class java.lang.Object, but interface was expected> (0x000000008b4f61b8) 
thrown [s\open\src\hotspot\share\interpreter\linkResolver.cpp, line 826]
Event: 1.921 Thread 0x0000013b4dafe950 Exception <a 'java/lang/NoSuchMethodError'{0x000000008b6e8090}: 'java.lang.Object java.lang.invoke.DirectMethodHandle$Holder.invokeVirtual(java.lang.Object, java.lang.Object, java.lang.Object)'> (0x000000008b6e8090) 
thrown [s\open\src\hotspot\share\interpreter\linkResolver.cpp, line 759]
Event: 1.934 Thread 0x0000013b4dafe950 Exception <a 'sun/nio/fs/WindowsException'{0x000000008b5aa998}> (0x000000008b5aa998) 
thrown [s\open\src\hotspot\share\prims\jni.cpp, line 516]
Event: 1.936 Thread 0x0000013b4dafe950 Exception <a 'java/lang/NoSuchMethodError'{0x000000008b5ac350}: 'int java.lang.invoke.DirectMethodHandle$Holder.invokeSpecial(java.lang.Object, java.lang.Object, java.lang.Object, java.lang.Object, java.lang.Object)'> (0x000000008b5ac350) 
thrown [s\open\src\hotspot\share\interpreter\linkResolver.cpp, line 759]
Event: 1.941 Thread 0x0000013b4dafe950 Exception <a 'java/lang/NoSuchMethodError'{0x000000008b5b51a0}: 'void java.lang.invoke.DirectMethodHandle$Holder.invokeVirtual(java.lang.Object, java.lang.Object)'> (0x000000008b5b51a0) 
thrown [s\open\src\hotspot\share\interpreter\linkResolver.cpp, line 759]
Event: 2.564 Thread 0x0000013b70f5d5c0 Exception <a 'java/lang/NoSuchMethodError'{0x0000000089dcf578}: 'long java.lang.invoke.DirectMethodHandle$Holder.invokeSpecial(java.lang.Object, java.lang.Object)'> (0x0000000089dcf578) 
thrown [s\open\src\hotspot\share\interpreter\linkResolver.cpp, line 759]
Event: 2.566 Thread 0x0000013b70f5d5c0 Exception <a 'java/lang/NoSuchMethodError'{0x0000000089dda3c8}: 'long java.lang.invoke.DirectMethodHandle$Holder.invokeStatic(java.lang.Object, java.lang.Object)'> (0x0000000089dda3c8) 
thrown [s\open\src\hotspot\share\interpreter\linkResolver.cpp, line 759]
Event: 2.566 Thread 0x0000013b70f5d5c0 Exception <a 'java/lang/NoSuchMethodError'{0x0000000089ddd9c8}: 'long java.lang.invoke.DirectMethodHandle$Holder.invokeStaticInit(java.lang.Object, java.lang.Object)'> (0x0000000089ddd9c8) 
thrown [s\open\src\hotspot\share\interpreter\linkResolver.cpp, line 759]
Event: 2.568 Thread 0x0000013b70f5d5c0 Exception <a 'java/lang/NoSuchMethodError'{0x0000000089deb570}: 'long java.lang.invoke.DirectMethodHandle$Holder.invokeInterface(java.lang.Object, java.lang.Object)'> (0x0000000089deb570) 
thrown [s\open\src\hotspot\share\interpreter\linkResolver.cpp, line 759]
Event: 2.568 Thread 0x0000013b70f5d5c0 Exception <a 'java/lang/IncompatibleClassChangeError'{0x0000000089deeb00}: Found class java.lang.Object, but interface was expected> (0x0000000089deeb00) 
thrown [s\open\src\hotspot\share\interpreter\linkResolver.cpp, line 826]
Event: 2.588 Thread 0x0000013b70f5d5c0 Exception <a 'java/lang/NoSuchMethodError'{0x0000000089cec5e8}: 'java.lang.Object java.lang.invoke.DirectMethodHandle$Holder.invokeVirtual(java.lang.Object, java.lang.Object, java.lang.Object, java.lang.Object)'> (0x0000000089cec5e8) 
thrown [s\open\src\hotspot\share\interpreter\linkResolver.cpp, line 759]
Event: 2.804 Thread 0x0000013b4dafe950 Exception <a 'java/lang/IncompatibleClassChangeError'{0x00000000894a0748}: Found class java.lang.Object, but interface was expected> (0x00000000894a0748) 
thrown [s\open\src\hotspot\share\interpreter\linkResolver.cpp, line 826]

VM Operations (20 events):
Event: 1.366 Executing VM operation: HandshakeAllThreads
Event: 1.366 Executing VM operation: HandshakeAllThreads done
Event: 1.366 Executing VM operation: HandshakeAllThreads
Event: 1.366 Executing VM operation: HandshakeAllThreads done
Event: 1.505 Executing VM operation: ICBufferFull
Event: 1.506 Executing VM operation: ICBufferFull done
Event: 1.749 Executing VM operation: HandshakeAllThreads
Event: 1.749 Executing VM operation: HandshakeAllThreads done
Event: 1.753 Executing VM operation: G1CollectForAllocation
Event: 1.761 Executing VM operation: G1CollectForAllocation done
Event: 1.872 Executing VM operation: HandshakeAllThreads
Event: 1.872 Executing VM operation: HandshakeAllThreads done
Event: 2.232 Executing VM operation: HandshakeAllThreads
Event: 2.232 Executing VM operation: HandshakeAllThreads done
Event: 2.612 Executing VM operation: ICBufferFull
Event: 2.613 Executing VM operation: ICBufferFull done
Event: 2.662 Executing VM operation: HandshakeAllThreads
Event: 2.662 Executing VM operation: HandshakeAllThreads done
Event: 2.713 Executing VM operation: HandshakeAllThreads
Event: 2.713 Executing VM operation: HandshakeAllThreads done

Events (20 events):
Event: 2.714 loading class sun/security/util/ObjectIdentifier
Event: 2.714 loading class sun/security/util/ObjectIdentifier done
Event: 2.719 loading class java/security/spec/ECFieldF2m
Event: 2.720 loading class java/security/spec/ECFieldF2m done
Event: 2.727 Thread 0x0000013b717b2330 Thread exited: 0x0000013b717b2330
Event: 2.731 loading class sun/security/ssl/SunJSSE
Event: 2.732 loading class sun/security/ssl/SunJSSE done
Event: 2.733 loading class com/sun/crypto/provider/SunJCE
Event: 2.734 loading class com/sun/crypto/provider/SunJCE done
Event: 2.737 loading class com/sun/security/sasl/Provider
Event: 2.737 loading class com/sun/security/sasl/Provider done
Event: 2.738 loading class com/sun/security/sasl/Provider$1
Event: 2.738 loading class com/sun/security/sasl/Provider$1 done
Event: 2.738 loading class com/sun/security/sasl/Provider$ProviderService
Event: 2.738 loading class com/sun/security/sasl/Provider$ProviderService done
Event: 2.738 loading class sun/security/provider/certpath/ldap/JdkLDAP
Event: 2.738 loading class sun/security/provider/certpath/ldap/JdkLDAP done
Event: 2.739 loading class sun/security/provider/certpath/ldap/JdkLDAP$ProviderService
Event: 2.739 loading class sun/security/provider/certpath/ldap/JdkLDAP$ProviderService done
Event: 2.747 Thread 0x0000013b70f5d5c0 Thread exited: 0x0000013b70f5d5c0


Dynamic libraries:
0x00007ff6b18d0000 - 0x00007ff6b18e0000 	C:\Program Files\Java\jdk-17\bin\java.exe
0x00007ffa86830000 - 0x00007ffa86a47000 	C:\WINDOWS\SYSTEM32\ntdll.dll
0x00007ffa85ac0000 - 0x00007ffa85b84000 	C:\WINDOWS\System32\KERNEL32.DLL
0x00007ffa83f20000 - 0x00007ffa842c6000 	C:\WINDOWS\System32\KERNELBASE.dll
0x00007ffa83b70000 - 0x00007ffa83c81000 	C:\WINDOWS\System32\ucrtbase.dll
0x00007ffa17130000 - 0x00007ffa17149000 	C:\Program Files\Java\jdk-17\bin\jli.dll
0x00007ffa85b90000 - 0x00007ffa85c43000 	C:\WINDOWS\System32\ADVAPI32.dll
0x00007ffa84880000 - 0x00007ffa84927000 	C:\WINDOWS\System32\msvcrt.dll
0x00007ffa17260000 - 0x00007ffa1727b000 	C:\Program Files\Java\jdk-17\bin\VCRUNTIME140.dll
0x00007ffa86160000 - 0x00007ffa86208000 	C:\WINDOWS\System32\sechost.dll
0x00007ffa84350000 - 0x00007ffa84378000 	C:\WINDOWS\System32\bcrypt.dll
0x00007ffa85c50000 - 0x00007ffa85d67000 	C:\WINDOWS\System32\RPCRT4.dll
0x00007ffa85fb0000 - 0x00007ffa8615e000 	C:\WINDOWS\System32\USER32.dll
0x00007ffa844e0000 - 0x00007ffa84506000 	C:\WINDOWS\System32\win32u.dll
0x00007ffa68120000 - 0x00007ffa683b3000 	C:\WINDOWS\WinSxS\amd64_microsoft.windows.common-controls_6595b64144ccf1df_6.0.22621.2506_none_270c5ae97388e100\COMCTL32.dll
0x00007ffa85840000 - 0x00007ffa85869000 	C:\WINDOWS\System32\GDI32.dll
0x00007ffa83c90000 - 0x00007ffa83da8000 	C:\WINDOWS\System32\gdi32full.dll
0x00007ffa84380000 - 0x00007ffa8441a000 	C:\WINDOWS\System32\msvcp_win.dll
0x00007ffa7c140000 - 0x00007ffa7c14a000 	C:\WINDOWS\SYSTEM32\VERSION.dll
0x00007ffa867b0000 - 0x00007ffa867e1000 	C:\WINDOWS\System32\IMM32.DLL
0x00007ffa5cf60000 - 0x00007ffa5cf6c000 	C:\Program Files\Java\jdk-17\bin\vcruntime140_1.dll
0x00007ff9bc4d0000 - 0x00007ff9bc55e000 	C:\Program Files\Java\jdk-17\bin\msvcp140.dll
0x00007ff97ef50000 - 0x00007ff97fb2e000 	C:\Program Files\Java\jdk-17\bin\server\jvm.dll
0x00007ffa85a30000 - 0x00007ffa85a38000 	C:\WINDOWS\System32\PSAPI.DLL
0x00007ffa63d20000 - 0x00007ffa63d54000 	C:\WINDOWS\SYSTEM32\WINMM.dll
0x00007ffa5cc60000 - 0x00007ffa5cc69000 	C:\WINDOWS\SYSTEM32\WSOCK32.dll
0x00007ffa863a0000 - 0x00007ffa86411000 	C:\WINDOWS\System32\WS2_32.dll
0x00007ffa82c70000 - 0x00007ffa82c88000 	C:\WINDOWS\SYSTEM32\kernel.appcore.dll
0x00007ffa5cd90000 - 0x00007ffa5cd9a000 	C:\Program Files\Java\jdk-17\bin\jimage.dll
0x00007ffa81400000 - 0x00007ffa81633000 	C:\WINDOWS\SYSTEM32\DBGHELP.DLL
0x00007ffa86420000 - 0x00007ffa867a9000 	C:\WINDOWS\System32\combase.dll
0x00007ffa84940000 - 0x00007ffa84a17000 	C:\WINDOWS\System32\OLEAUT32.dll
0x00007ffa61130000 - 0x00007ffa61162000 	C:\WINDOWS\SYSTEM32\dbgcore.DLL
0x00007ffa842d0000 - 0x00007ffa8434a000 	C:\WINDOWS\System32\bcryptPrimitives.dll
0x00007ffa809b0000 - 0x00007ffa809be000 	C:\Program Files\Java\jdk-17\bin\instrument.dll
0x00007ffa16a60000 - 0x00007ffa16a85000 	C:\Program Files\Java\jdk-17\bin\java.dll
0x00007ff9bc2d0000 - 0x00007ff9bc3a7000 	C:\Program Files\Java\jdk-17\bin\jsvml.dll
0x00007ffa84fe0000 - 0x00007ffa8583b000 	C:\WINDOWS\System32\SHELL32.dll
0x00007ffa81a90000 - 0x00007ffa82386000 	C:\WINDOWS\SYSTEM32\windows.storage.dll
0x00007ffa81950000 - 0x00007ffa81a8e000 	C:\WINDOWS\SYSTEM32\wintypes.dll
0x00007ffa86290000 - 0x00007ffa86383000 	C:\WINDOWS\System32\SHCORE.dll
0x00007ffa85d70000 - 0x00007ffa85dce000 	C:\WINDOWS\System32\shlwapi.dll
0x00007ffa83aa0000 - 0x00007ffa83ac6000 	C:\WINDOWS\SYSTEM32\profapi.dll
0x00007ff9e44b0000 - 0x00007ff9e44c8000 	C:\Program Files\Java\jdk-17\bin\zip.dll
0x00007ff9e9930000 - 0x00007ff9e9949000 	C:\Program Files\Java\jdk-17\bin\net.dll
0x00007ffa7c9d0000 - 0x00007ffa7cb07000 	C:\WINDOWS\SYSTEM32\WINHTTP.dll
0x00007ffa830e0000 - 0x00007ffa83149000 	C:\WINDOWS\system32\mswsock.dll
0x00007ff9e45f0000 - 0x00007ff9e4606000 	C:\Program Files\Java\jdk-17\bin\nio.dll
0x00007ffa5d7b0000 - 0x00007ffa5d7ca000 	C:\Program Files\JetBrains\IntelliJ IDEA Educational Edition 2022.2.2\bin\breakgen64.dll
0x00007ffa3ccf0000 - 0x00007ffa3cd00000 	C:\Program Files\Java\jdk-17\bin\verify.dll
0x00007ffa5cde0000 - 0x00007ffa5cdee000 	C:\Program Files\Java\jdk-17\bin\sunmscapi.dll
0x00007ffa83db0000 - 0x00007ffa83f16000 	C:\WINDOWS\System32\CRYPT32.dll
0x00007ffa83530000 - 0x00007ffa8355e000 	C:\WINDOWS\SYSTEM32\ncrypt.dll
0x00007ffa834f0000 - 0x00007ffa83527000 	C:\WINDOWS\SYSTEM32\NTASN1.dll

dbghelp: loaded successfully - version: 4.0.5 - missing functions: none
symbol engine: initialized successfully - sym options: 0x614 - pdb path: .;C:\Program Files\Java\jdk-17\bin;C:\WINDOWS\SYSTEM32;C:\WINDOWS\WinSxS\amd64_microsoft.windows.common-controls_6595b64144ccf1df_6.0.22621.2506_none_270c5ae97388e100;C:\Program Files\Java\jdk-17\bin\server;C:\Program Files\JetBrains\IntelliJ IDEA Educational Edition 2022.2.2\bin

VM Arguments:
jvm_args: -javaagent:C:\Program Files\JetBrains\IntelliJ IDEA Educational Edition 2022.2.2\lib\idea_rt.jar=60069:C:\Program Files\JetBrains\IntelliJ IDEA Educational Edition 2022.2.2\bin -Dfile.encoding=UTF-8 
java_command: com.SharpDevs.Recipe.Mania.RecipeManiaApplication
java_class_path (initial): C:\Users\damil\Documents\USL\Recipemania\RecipeMania-Backend\target\classes;C:\Users\damil\.m2\repository\org\springframework\boot\spring-boot-starter-data-jpa\3.2.1\spring-boot-starter-data-jpa-3.2.1.jar;C:\Users\damil\.m2\repository\org\springframework\boot\spring-boot-starter-aop\3.2.1\spring-boot-starter-aop-3.2.1.jar;C:\Users\damil\.m2\repository\org\aspectj\aspectjweaver\1.9.21\aspectjweaver-1.9.21.jar;C:\Users\damil\.m2\repository\org\springframework\boot\spring-boot-starter-jdbc\3.2.1\spring-boot-starter-jdbc-3.2.1.jar;C:\Users\damil\.m2\repository\com\zaxxer\HikariCP\5.0.1\HikariCP-5.0.1.jar;C:\Users\damil\.m2\repository\org\springframework\spring-jdbc\6.1.2\spring-jdbc-6.1.2.jar;C:\Users\damil\.m2\repository\org\hibernate\orm\hibernate-core\6.4.1.Final\hibernate-core-6.4.1.Final.jar;C:\Users\damil\.m2\repository\jakarta\persistence\jakarta.persistence-api\3.1.0\jakarta.persistence-api-3.1.0.jar;C:\Users\damil\.m2\repository\jakarta\transaction\jakarta.transaction-api\2.0.1\jakarta.transaction-api-2.0.1.jar;C:\Users\damil\.m2\repository\org\jboss\logging\jboss-logging\3.5.3.Final\jboss-logging-3.5.3.Final.jar;C:\Users\damil\.m2\repository\org\hibernate\common\hibernate-commons-annotations\6.0.6.Final\hibernate-commons-annotations-6.0.6.Final.jar;C:\Users\damil\.m2\repository\io\smallrye\jandex\3.1.2\jandex-3.1.2.jar;C:\Users\damil\.m2\repository\com\fasterxml\classmate\1.6.0\classmate-1.6.0.jar;C:\Users\damil\.m2\repository\net\bytebuddy\byte-buddy\1.14.10\byte-buddy-1.14.10.jar;C:\Users\damil\.m2\repository\org\glassfish\jaxb\jaxb-runtime\4.0.4\jaxb-runtime-4.0.4.jar;C:\Users\damil\.m2\repository\org\glassfish\jaxb\jaxb-core\4.0.4\jaxb-core-4.0.4.jar;C:\Users\damil\.m2\repository\org\glassfish\jaxb\txw2\4.0.4\txw2-4.0.4.jar;C:\Users\damil\.m2\repository\com\sun\istack\istack-commons-runtime\4.1.2\istack-commons-runtime-4.1.2.jar;C:\Users\damil\.m2\repository\jakarta\inject\jakarta.inject-api\2.0.1\jakarta.inject-api-2.0.1.jar;C
Launcher Type: SUN_STANDARD

[Global flags]
     intx CICompilerCount                          = 4                                         {product} {ergonomic}
     uint ConcGCThreads                            = 2                                         {product} {ergonomic}
     uint G1ConcRefinementThreads                  = 8                                         {product} {ergonomic}
   size_t G1HeapRegionSize                         = 1048576                                   {product} {ergonomic}
    uintx GCDrainStackTargetSize                   = 64                                        {product} {ergonomic}
   size_t InitialHeapSize                          = 132120576                                 {product} {ergonomic}
   size_t MarkStackSize                            = 4194304                                   {product} {ergonomic}
   size_t MaxHeapSize                              = 2082471936                                {product} {ergonomic}
   size_t MaxNewSize                               = 1248854016                                {product} {ergonomic}
   size_t MinHeapDeltaBytes                        = 1048576                                   {product} {ergonomic}
   size_t MinHeapSize                              = 8388608                                   {product} {ergonomic}
    uintx NonNMethodCodeHeapSize                   = 5839372                                {pd product} {ergonomic}
    uintx NonProfiledCodeHeapSize                  = 122909434                              {pd product} {ergonomic}
    uintx ProfiledCodeHeapSize                     = 122909434                              {pd product} {ergonomic}
    uintx ReservedCodeCacheSize                    = 251658240                              {pd product} {ergonomic}
     bool SegmentedCodeCache                       = true                                      {product} {ergonomic}
   size_t SoftMaxHeapSize                          = 2082471936                             {manageable} {ergonomic}
     bool UseCompressedClassPointers               = true                           {product lp64_product} {ergonomic}
     bool UseCompressedOops                        = true                           {product lp64_product} {ergonomic}
     bool UseG1GC                                  = true                                      {product} {ergonomic}
     bool UseLargePagesIndividualAllocation        = false                                  {pd product} {ergonomic}

Logging:
Log output configuration:
 #0: stdout all=warning uptime,level,tags
 #1: stderr all=off uptime,level,tags

Environment Variables:
JAVA_HOME=C:\Program Files\Java\jdk-17\
PATH=C:\app\DamiAdeeso\product\12.2.0\dbhome_1\bin;C:\Program Files\Common Files\Oracle\Java\javapath;C:\Program Files (x86)\VMware\VMware Player\bin\;C:\WINDOWS\system32;C:\WINDOWS;C:\WINDOWS\System32\Wbem;C:\WINDOWS\System32\WindowsPowerShell\v1.0\;C:\WINDOWS\System32\OpenSSH\;C:\ProgramData\chocolatey\bin;C:\Program Files\Git\cmd;C:\Program Files\nodejs\;C:\Program Files\Docker\Docker\resources\bin;C:\Program Files\MySQL\MySQL Shell 8.0\bin\;C:\Users\damil\AppData\Local\Microsoft\WindowsApps;C:\Users\damil\AppData\Local\Android\Sdk\platform-tools;C:\Users\damil\AppData\Local\Programs\Microsoft VS Code Insiders\bin;C:\Users\damil\AppData\Local\GitHubDesktop\bin;C:\Users\damil\AppData\Roaming\npm;C:\ProgramData\HP\GitHubDesktop\bin;C:\Program Files\JetBrains\IntelliJ IDEA 2023.3.3\bin;
USERNAME=HP
OS=Windows_NT
PROCESSOR_IDENTIFIER=Intel64 Family 6 Model 140 Stepping 2, GenuineIntel



---------------  S Y S T E M  ---------------

OS:
 Windows 11 , 64 bit Build 22621 (10.0.22621.3085)
OS uptime: 0 days 15:20 hours
Hyper-V role detected

CPU: total 8 (initial active 8) (4 cores per cpu, 2 threads per core) family 6 model 140 stepping 2 microcode 0x28, cx8, cmov, fxsr, ht, mmx, 3dnowpref, sse, sse2, sse3, ssse3, sse4.1, sse4.2, popcnt, lzcnt, tsc, tscinvbit, avx, avx2, aes, erms, clmul, bmi1, bmi2, adx, avx512f, avx512dq, avx512cd, avx512bw, avx512vl, sha, fma, vzeroupper, avx512_vpopcntdq, avx512_vpclmulqdq, avx512_vaes, avx512_vnni, clflush, clflushopt, clwb, avx512_vbmi2, avx512_vbmi, hv

Memory: 4k page, system-wide physical 7937M (291M free)
TotalPageFile size 32513M (AvailPageFile size 24M)
current process WorkingSet (physical memory assigned to process): 144M, peak: 145M
current process commit charge ("private bytes"): 263M, peak: 267M

vm_info: Java HotSpot(TM) 64-Bit Server VM (17.0.8+9-LTS-211) for windows-amd64 JRE (17.0.8+9-LTS-211), built on Jun 14 2023 10:34:31 by "mach5one" with MS VC++ 17.1 (VS2022)

END.
