#
# There is insufficient memory for the Java Runtime Environment to continue.
# Native memory allocation (malloc) failed to allocate 660016 bytes for Chunk::new
# Possible reasons:
#   The system is out of physical RAM or swap space
#   The process is running with CompressedOops enabled, and the Java Heap may be blocking the growth of the native heap
# Possible solutions:
#   Reduce memory load on the system
#   Increase physical memory or swap space
#   Check if swap backing store is full
#   Decrease Java heap size (-Xmx/-Xms)
#   Decrease number of Java threads
#   Decrease Java thread stack sizes (-Xss)
#   Set larger code cache with -XX:ReservedCodeCacheSize=
#   JVM is running with Unscaled Compressed Oops mode in which the Java heap is
#     placed in the first 4GB address space. The Java Heap base address is the
#     maximum limit for the native heap growth. Please use -XX:HeapBaseMinAddress
#     to set the Java Heap base and to place the Java Heap above 4GB virtual address.
# This output file may be truncated or incomplete.
#
#  Out of Memory Error (arena.cpp:166), pid=35820, tid=29272
#
# JRE version: Java(TM) SE Runtime Environment (21.0+35) (build 21+35-LTS-2513)
# Java VM: Java HotSpot(TM) 64-Bit Server VM (21+35-LTS-2513, mixed mode, sharing, tiered, compressed oops, compressed class ptrs, g1 gc, windows-amd64)
# No core dump will be written. Minidumps are not enabled by default on client versions of Windows
#

---------------  S U M M A R Y ------------

Command Line: -javaagent:C:\Program Files\JetBrains\IntelliJ IDEA 2023.3.3\lib\idea_rt.jar=58002:C:\Program Files\JetBrains\IntelliJ IDEA 2023.3.3\bin -Dfile.encoding=UTF-8 -Dsun.stdout.encoding=UTF-8 -Dsun.stderr.encoding=UTF-8 com.SharpDevs.Recipe.Mania.RecipeManiaApplication

Host: 11th Gen Intel(R) Core(TM) i7-1195G7 @ 2.90GHz, 8 cores, 7G,  Windows 11 , 64 bit Build 22621 (10.0.22621.2506)
Time: Mon Feb  5 17:19:26 2024 W. Central Africa Standard Time elapsed time: 2.533780 seconds (0d 0h 0m 2s)

---------------  T H R E A D  ---------------

Current thread (0x000001d3facffeb0):  JavaThread "C2 CompilerThread0" daemon [_thread_in_native, id=29272, stack(0x000000020b000000,0x000000020b100000) (1024K)]


Current CompileTask:
C2:   2533 1515       4       org.springframework.boot.context.properties.source.ConfigurationPropertyName$ElementsParser::parse (234 bytes)

Stack: [0x000000020b000000,0x000000020b100000]
Native frames: (J=compiled Java code, j=interpreted, Vv=VM code, C=native code)
V  [jvm.dll+0x6c8d39]
V  [jvm.dll+0x854091]
V  [jvm.dll+0x85630e]
V  [jvm.dll+0x8569e3]
V  [jvm.dll+0x2809a6]
V  [jvm.dll+0xc3e6d]
V  [jvm.dll+0xc4383]
V  [jvm.dll+0x3b551c]
V  [jvm.dll+0x382245]
V  [jvm.dll+0x3816ba]
V  [jvm.dll+0x249800]
V  [jvm.dll+0x248de1]
V  [jvm.dll+0x1c9b91]
V  [jvm.dll+0x2583e9]
V  [jvm.dll+0x2569ca]
V  [jvm.dll+0x3eef66]
V  [jvm.dll+0x7fd2c8]
V  [jvm.dll+0x6c748d]
C  [ucrtbase.dll+0x29363]
C  [KERNEL32.DLL+0x1257d]
C  [ntdll.dll+0x5aa58]


---------------  P R O C E S S  ---------------

Threads class SMR info:
_java_thread_list=0x000001d3d00903a0, length=13, elements={
0x000001d3eb4a3e10, 0x000001d3facf4da0, 0x000001d3facf5d70, 0x000001d3facf7cf0,
0x000001d3facf9dd0, 0x000001d3fad00f70, 0x000001d3facff360, 0x000001d3facffeb0,
0x000001d3fad06330, 0x000001d3ff0867e0, 0x000001d3ff2a54f0, 0x000001d3ff2a5b60,
0x000001d3d00363b0
}

Java Threads: ( => current thread )
  0x000001d3eb4a3e10 JavaThread "main"                              [_thread_in_native, id=23204, stack(0x000000020a200000,0x000000020a300000) (1024K)]
  0x000001d3facf4da0 JavaThread "Reference Handler"          daemon [_thread_blocked, id=3608, stack(0x000000020aa00000,0x000000020ab00000) (1024K)]
  0x000001d3facf5d70 JavaThread "Finalizer"                  daemon [_thread_blocked, id=19720, stack(0x000000020ab00000,0x000000020ac00000) (1024K)]
  0x000001d3facf7cf0 JavaThread "Signal Dispatcher"          daemon [_thread_blocked, id=18716, stack(0x000000020ac00000,0x000000020ad00000) (1024K)]
  0x000001d3facf9dd0 JavaThread "Attach Listener"            daemon [_thread_blocked, id=27216, stack(0x000000020ad00000,0x000000020ae00000) (1024K)]
  0x000001d3fad00f70 JavaThread "Service Thread"             daemon [_thread_blocked, id=2660, stack(0x000000020ae00000,0x000000020af00000) (1024K)]
  0x000001d3facff360 JavaThread "Monitor Deflation Thread"   daemon [_thread_blocked, id=29296, stack(0x000000020af00000,0x000000020b000000) (1024K)]
=>0x000001d3facffeb0 JavaThread "C2 CompilerThread0"         daemon [_thread_in_native, id=29272, stack(0x000000020b000000,0x000000020b100000) (1024K)]
  0x000001d3fad06330 JavaThread "C1 CompilerThread0"         daemon [_thread_blocked, id=2276, stack(0x000000020b100000,0x000000020b200000) (1024K)]
  0x000001d3ff0867e0 JavaThread "Common-Cleaner"             daemon [_thread_blocked, id=36880, stack(0x000000020b200000,0x000000020b300000) (1024K)]
  0x000001d3ff2a54f0 JavaThread "Monitor Ctrl-Break"         daemon [_thread_in_native, id=2804, stack(0x000000020b400000,0x000000020b500000) (1024K)]
  0x000001d3ff2a5b60 JavaThread "Notification Thread"        daemon [_thread_blocked, id=5768, stack(0x000000020b500000,0x000000020b600000) (1024K)]
  0x000001d3d00363b0 JavaThread "C2 CompilerThread1"         daemon [_thread_blocked, id=22120, stack(0x000000020ba00000,0x000000020bb00000) (1024K)]
Total: 13

Other Threads:
  0x000001d3facd2490 VMThread "VM Thread"                           [id=29076, stack(0x000000020a900000,0x000000020aa00000) (1024K)]
  0x000001d3facbc6b0 WatcherThread "VM Periodic Task Thread"        [id=14636, stack(0x000000020a800000,0x000000020a900000) (1024K)]
  0x000001d3eb4f9b20 WorkerThread "GC Thread#0"                     [id=20152, stack(0x000000020a300000,0x000000020a400000) (1024K)]
  0x000001d3ff89eff0 WorkerThread "GC Thread#1"                     [id=31048, stack(0x000000020b300000,0x000000020b400000) (1024K)]
  0x000001d3ff89f390 WorkerThread "GC Thread#2"                     [id=4256, stack(0x000000020b600000,0x000000020b700000) (1024K)]
  0x000001d3d017d1a0 WorkerThread "GC Thread#3"                     [id=26992, stack(0x000000020b700000,0x000000020b800000) (1024K)]
  0x000001d3d01417a0 WorkerThread "GC Thread#4"                     [id=2656, stack(0x000000020b800000,0x000000020b900000) (1024K)]
  0x000001d3d0142350 WorkerThread "GC Thread#5"                     [id=28264, stack(0x000000020b900000,0x000000020ba00000) (1024K)]
  0x000001d3eb50a340 ConcurrentGCThread "G1 Main Marker"            [id=35700, stack(0x000000020a400000,0x000000020a500000) (1024K)]
  0x000001d3eb50ae40 WorkerThread "G1 Conc#0"                       [id=33344, stack(0x000000020a500000,0x000000020a600000) (1024K)]
  0x000001d3eb55e8d0 ConcurrentGCThread "G1 Refine#0"               [id=34036, stack(0x000000020a600000,0x000000020a700000) (1024K)]
  0x000001d3fab8e690 ConcurrentGCThread "G1 Service"                [id=19240, stack(0x000000020a700000,0x000000020a800000) (1024K)]
Total: 12

Threads with active compile tasks:
C2 CompilerThread0     2587 1515       4       org.springframework.boot.context.properties.source.ConfigurationPropertyName$ElementsParser::parse (234 bytes)
Total: 1

VM state: not at safepoint (normal execution)

VM Mutex/Monitor currently owned by a thread: None

Heap address: 0x0000000083e00000, size: 1986 MB, Compressed Oops mode: 32-bit

CDS archive(s) mapped at: [0x000001d38f000000-0x000001d38fc90000-0x000001d38fc90000), size 13172736, SharedBaseAddress: 0x000001d38f000000, ArchiveRelocationMode: 1.
Compressed class space mapped at: 0x000001d390000000-0x000001d3d0000000, reserved size: 1073741824
Narrow klass base: 0x000001d38f000000, Narrow klass shift: 0, Narrow klass range: 0x100000000

GC Precious Log:
 CardTable entry size: 512
 Card Set container configuration: InlinePtr #cards 5 size 8 Array Of Cards #cards 12 size 40 Howl #buckets 4 coarsen threshold 1843 Howl Bitmap #cards 512 size 80 coarsen threshold 460 Card regions per heap region 1 cards per card region 2048
 CPUs: 8 total, 8 available
 Memory: 7937M
 Large Page Support: Disabled
 NUMA Support: Disabled
 Compressed Oops: Enabled (32-bit)
 Heap Region Size: 1M
 Heap Min Capacity: 8M
 Heap Initial Capacity: 126M
 Heap Max Capacity: 1986M
 Pre-touch: Disabled
 Parallel Workers: 8
 Concurrent Workers: 2
 Concurrent Refinement Workers: 8
 Periodic GC: Disabled

Heap:
 garbage-first heap   total 129024K, used 12842K [0x0000000083e00000, 0x0000000100000000)
  region size 1024K, 9 young (9216K), 3 survivors (3072K)
 Metaspace       used 8094K, committed 8384K, reserved 1114112K
  class space    used 943K, committed 1088K, reserved 1048576K

Heap Regions: E=young(eden), S=young(survivor), O=old, HS=humongous(starts), HC=humongous(continues), CS=collection set, F=free, TAMS=top-at-mark-start, PB=parsable bottom
|   0|0x0000000083e00000, 0x0000000083f00000, 0x0000000083f00000|100%|HS|  |TAMS 0x0000000083e00000| PB 0x0000000083e00000| Complete 
|   1|0x0000000083f00000, 0x0000000084000000, 0x0000000084000000|100%| O|  |TAMS 0x0000000083f00000| PB 0x0000000083f00000| Untracked 
|   2|0x0000000084000000, 0x0000000084100000, 0x0000000084100000|100%| O|  |TAMS 0x0000000084000000| PB 0x0000000084000000| Untracked 
|   3|0x0000000084100000, 0x0000000084200000, 0x0000000084200000|100%| O|  |TAMS 0x0000000084100000| PB 0x0000000084100000| Untracked 
|   4|0x0000000084200000, 0x000000008428aa20, 0x0000000084300000| 54%| O|  |TAMS 0x0000000084200000| PB 0x0000000084200000| Untracked 
|   5|0x0000000084300000, 0x0000000084300000, 0x0000000084400000|  0%| F|  |TAMS 0x0000000084300000| PB 0x0000000084300000| Untracked 
|   6|0x0000000084400000, 0x0000000084400000, 0x0000000084500000|  0%| F|  |TAMS 0x0000000084400000| PB 0x0000000084400000| Untracked 
|   7|0x0000000084500000, 0x0000000084500000, 0x0000000084600000|  0%| F|  |TAMS 0x0000000084500000| PB 0x0000000084500000| Untracked 
|   8|0x0000000084600000, 0x0000000084600000, 0x0000000084700000|  0%| F|  |TAMS 0x0000000084600000| PB 0x0000000084600000| Untracked 
|   9|0x0000000084700000, 0x0000000084700000, 0x0000000084800000|  0%| F|  |TAMS 0x0000000084700000| PB 0x0000000084700000| Untracked 
|  10|0x0000000084800000, 0x0000000084800000, 0x0000000084900000|  0%| F|  |TAMS 0x0000000084800000| PB 0x0000000084800000| Untracked 
|  11|0x0000000084900000, 0x0000000084900000, 0x0000000084a00000|  0%| F|  |TAMS 0x0000000084900000| PB 0x0000000084900000| Untracked 
|  12|0x0000000084a00000, 0x0000000084a00000, 0x0000000084b00000|  0%| F|  |TAMS 0x0000000084a00000| PB 0x0000000084a00000| Untracked 
|  13|0x0000000084b00000, 0x0000000084b00000, 0x0000000084c00000|  0%| F|  |TAMS 0x0000000084b00000| PB 0x0000000084b00000| Untracked 
|  14|0x0000000084c00000, 0x0000000084c00000, 0x0000000084d00000|  0%| F|  |TAMS 0x0000000084c00000| PB 0x0000000084c00000| Untracked 
|  15|0x0000000084d00000, 0x0000000084d00000, 0x0000000084e00000|  0%| F|  |TAMS 0x0000000084d00000| PB 0x0000000084d00000| Untracked 
|  16|0x0000000084e00000, 0x0000000084e00000, 0x0000000084f00000|  0%| F|  |TAMS 0x0000000084e00000| PB 0x0000000084e00000| Untracked 
|  17|0x0000000084f00000, 0x0000000084f00000, 0x0000000085000000|  0%| F|  |TAMS 0x0000000084f00000| PB 0x0000000084f00000| Untracked 
|  18|0x0000000085000000, 0x0000000085000000, 0x0000000085100000|  0%| F|  |TAMS 0x0000000085000000| PB 0x0000000085000000| Untracked 
|  19|0x0000000085100000, 0x0000000085100000, 0x0000000085200000|  0%| F|  |TAMS 0x0000000085100000| PB 0x0000000085100000| Untracked 
|  20|0x0000000085200000, 0x0000000085200000, 0x0000000085300000|  0%| F|  |TAMS 0x0000000085200000| PB 0x0000000085200000| Untracked 
|  21|0x0000000085300000, 0x0000000085300000, 0x0000000085400000|  0%| F|  |TAMS 0x0000000085300000| PB 0x0000000085300000| Untracked 
|  22|0x0000000085400000, 0x0000000085400000, 0x0000000085500000|  0%| F|  |TAMS 0x0000000085400000| PB 0x0000000085400000| Untracked 
|  23|0x0000000085500000, 0x0000000085500000, 0x0000000085600000|  0%| F|  |TAMS 0x0000000085500000| PB 0x0000000085500000| Untracked 
|  24|0x0000000085600000, 0x0000000085600000, 0x0000000085700000|  0%| F|  |TAMS 0x0000000085600000| PB 0x0000000085600000| Untracked 
|  25|0x0000000085700000, 0x0000000085700000, 0x0000000085800000|  0%| F|  |TAMS 0x0000000085700000| PB 0x0000000085700000| Untracked 
|  26|0x0000000085800000, 0x0000000085800000, 0x0000000085900000|  0%| F|  |TAMS 0x0000000085800000| PB 0x0000000085800000| Untracked 
|  27|0x0000000085900000, 0x0000000085900000, 0x0000000085a00000|  0%| F|  |TAMS 0x0000000085900000| PB 0x0000000085900000| Untracked 
|  28|0x0000000085a00000, 0x0000000085a00000, 0x0000000085b00000|  0%| F|  |TAMS 0x0000000085a00000| PB 0x0000000085a00000| Untracked 
|  29|0x0000000085b00000, 0x0000000085b00000, 0x0000000085c00000|  0%| F|  |TAMS 0x0000000085b00000| PB 0x0000000085b00000| Untracked 
|  30|0x0000000085c00000, 0x0000000085c00000, 0x0000000085d00000|  0%| F|  |TAMS 0x0000000085c00000| PB 0x0000000085c00000| Untracked 
|  31|0x0000000085d00000, 0x0000000085d00000, 0x0000000085e00000|  0%| F|  |TAMS 0x0000000085d00000| PB 0x0000000085d00000| Untracked 
|  32|0x0000000085e00000, 0x0000000085e00000, 0x0000000085f00000|  0%| F|  |TAMS 0x0000000085e00000| PB 0x0000000085e00000| Untracked 
|  33|0x0000000085f00000, 0x0000000085f00000, 0x0000000086000000|  0%| F|  |TAMS 0x0000000085f00000| PB 0x0000000085f00000| Untracked 
|  34|0x0000000086000000, 0x0000000086000000, 0x0000000086100000|  0%| F|  |TAMS 0x0000000086000000| PB 0x0000000086000000| Untracked 
|  35|0x0000000086100000, 0x0000000086100000, 0x0000000086200000|  0%| F|  |TAMS 0x0000000086100000| PB 0x0000000086100000| Untracked 
|  36|0x0000000086200000, 0x0000000086200000, 0x0000000086300000|  0%| F|  |TAMS 0x0000000086200000| PB 0x0000000086200000| Untracked 
|  37|0x0000000086300000, 0x0000000086300000, 0x0000000086400000|  0%| F|  |TAMS 0x0000000086300000| PB 0x0000000086300000| Untracked 
|  38|0x0000000086400000, 0x0000000086400000, 0x0000000086500000|  0%| F|  |TAMS 0x0000000086400000| PB 0x0000000086400000| Untracked 
|  39|0x0000000086500000, 0x0000000086500000, 0x0000000086600000|  0%| F|  |TAMS 0x0000000086500000| PB 0x0000000086500000| Untracked 
|  40|0x0000000086600000, 0x0000000086600000, 0x0000000086700000|  0%| F|  |TAMS 0x0000000086600000| PB 0x0000000086600000| Untracked 
|  41|0x0000000086700000, 0x0000000086700000, 0x0000000086800000|  0%| F|  |TAMS 0x0000000086700000| PB 0x0000000086700000| Untracked 
|  42|0x0000000086800000, 0x0000000086800000, 0x0000000086900000|  0%| F|  |TAMS 0x0000000086800000| PB 0x0000000086800000| Untracked 
|  43|0x0000000086900000, 0x0000000086900000, 0x0000000086a00000|  0%| F|  |TAMS 0x0000000086900000| PB 0x0000000086900000| Untracked 
|  44|0x0000000086a00000, 0x0000000086a00000, 0x0000000086b00000|  0%| F|  |TAMS 0x0000000086a00000| PB 0x0000000086a00000| Untracked 
|  45|0x0000000086b00000, 0x0000000086b00000, 0x0000000086c00000|  0%| F|  |TAMS 0x0000000086b00000| PB 0x0000000086b00000| Untracked 
|  46|0x0000000086c00000, 0x0000000086c00000, 0x0000000086d00000|  0%| F|  |TAMS 0x0000000086c00000| PB 0x0000000086c00000| Untracked 
|  47|0x0000000086d00000, 0x0000000086d00000, 0x0000000086e00000|  0%| F|  |TAMS 0x0000000086d00000| PB 0x0000000086d00000| Untracked 
|  48|0x0000000086e00000, 0x0000000086e00000, 0x0000000086f00000|  0%| F|  |TAMS 0x0000000086e00000| PB 0x0000000086e00000| Untracked 
|  49|0x0000000086f00000, 0x0000000086f00000, 0x0000000087000000|  0%| F|  |TAMS 0x0000000086f00000| PB 0x0000000086f00000| Untracked 
|  50|0x0000000087000000, 0x0000000087000000, 0x0000000087100000|  0%| F|  |TAMS 0x0000000087000000| PB 0x0000000087000000| Untracked 
|  51|0x0000000087100000, 0x0000000087100000, 0x0000000087200000|  0%| F|  |TAMS 0x0000000087100000| PB 0x0000000087100000| Untracked 
|  52|0x0000000087200000, 0x0000000087200000, 0x0000000087300000|  0%| F|  |TAMS 0x0000000087200000| PB 0x0000000087200000| Untracked 
|  53|0x0000000087300000, 0x0000000087300000, 0x0000000087400000|  0%| F|  |TAMS 0x0000000087300000| PB 0x0000000087300000| Untracked 
|  54|0x0000000087400000, 0x0000000087400000, 0x0000000087500000|  0%| F|  |TAMS 0x0000000087400000| PB 0x0000000087400000| Untracked 
|  55|0x0000000087500000, 0x0000000087500000, 0x0000000087600000|  0%| F|  |TAMS 0x0000000087500000| PB 0x0000000087500000| Untracked 
|  56|0x0000000087600000, 0x0000000087600000, 0x0000000087700000|  0%| F|  |TAMS 0x0000000087600000| PB 0x0000000087600000| Untracked 
|  57|0x0000000087700000, 0x0000000087700000, 0x0000000087800000|  0%| F|  |TAMS 0x0000000087700000| PB 0x0000000087700000| Untracked 
|  58|0x0000000087800000, 0x0000000087800000, 0x0000000087900000|  0%| F|  |TAMS 0x0000000087800000| PB 0x0000000087800000| Untracked 
|  59|0x0000000087900000, 0x0000000087900000, 0x0000000087a00000|  0%| F|  |TAMS 0x0000000087900000| PB 0x0000000087900000| Untracked 
|  60|0x0000000087a00000, 0x0000000087a00000, 0x0000000087b00000|  0%| F|  |TAMS 0x0000000087a00000| PB 0x0000000087a00000| Untracked 
|  61|0x0000000087b00000, 0x0000000087b00000, 0x0000000087c00000|  0%| F|  |TAMS 0x0000000087b00000| PB 0x0000000087b00000| Untracked 
|  62|0x0000000087c00000, 0x0000000087c00000, 0x0000000087d00000|  0%| F|  |TAMS 0x0000000087c00000| PB 0x0000000087c00000| Untracked 
|  63|0x0000000087d00000, 0x0000000087d00000, 0x0000000087e00000|  0%| F|  |TAMS 0x0000000087d00000| PB 0x0000000087d00000| Untracked 
|  64|0x0000000087e00000, 0x0000000087e00000, 0x0000000087f00000|  0%| F|  |TAMS 0x0000000087e00000| PB 0x0000000087e00000| Untracked 
|  65|0x0000000087f00000, 0x0000000087f00000, 0x0000000088000000|  0%| F|  |TAMS 0x0000000087f00000| PB 0x0000000087f00000| Untracked 
|  66|0x0000000088000000, 0x0000000088000000, 0x0000000088100000|  0%| F|  |TAMS 0x0000000088000000| PB 0x0000000088000000| Untracked 
|  67|0x0000000088100000, 0x0000000088100000, 0x0000000088200000|  0%| F|  |TAMS 0x0000000088100000| PB 0x0000000088100000| Untracked 
|  68|0x0000000088200000, 0x0000000088200000, 0x0000000088300000|  0%| F|  |TAMS 0x0000000088200000| PB 0x0000000088200000| Untracked 
|  69|0x0000000088300000, 0x0000000088300000, 0x0000000088400000|  0%| F|  |TAMS 0x0000000088300000| PB 0x0000000088300000| Untracked 
|  70|0x0000000088400000, 0x0000000088400000, 0x0000000088500000|  0%| F|  |TAMS 0x0000000088400000| PB 0x0000000088400000| Untracked 
|  71|0x0000000088500000, 0x0000000088500000, 0x0000000088600000|  0%| F|  |TAMS 0x0000000088500000| PB 0x0000000088500000| Untracked 
|  72|0x0000000088600000, 0x0000000088600000, 0x0000000088700000|  0%| F|  |TAMS 0x0000000088600000| PB 0x0000000088600000| Untracked 
|  73|0x0000000088700000, 0x0000000088700000, 0x0000000088800000|  0%| F|  |TAMS 0x0000000088700000| PB 0x0000000088700000| Untracked 
|  74|0x0000000088800000, 0x0000000088800000, 0x0000000088900000|  0%| F|  |TAMS 0x0000000088800000| PB 0x0000000088800000| Untracked 
|  75|0x0000000088900000, 0x0000000088900000, 0x0000000088a00000|  0%| F|  |TAMS 0x0000000088900000| PB 0x0000000088900000| Untracked 
|  76|0x0000000088a00000, 0x0000000088a00000, 0x0000000088b00000|  0%| F|  |TAMS 0x0000000088a00000| PB 0x0000000088a00000| Untracked 
|  77|0x0000000088b00000, 0x0000000088b00000, 0x0000000088c00000|  0%| F|  |TAMS 0x0000000088b00000| PB 0x0000000088b00000| Untracked 
|  78|0x0000000088c00000, 0x0000000088c00000, 0x0000000088d00000|  0%| F|  |TAMS 0x0000000088c00000| PB 0x0000000088c00000| Untracked 
|  79|0x0000000088d00000, 0x0000000088d00000, 0x0000000088e00000|  0%| F|  |TAMS 0x0000000088d00000| PB 0x0000000088d00000| Untracked 
|  80|0x0000000088e00000, 0x0000000088e00000, 0x0000000088f00000|  0%| F|  |TAMS 0x0000000088e00000| PB 0x0000000088e00000| Untracked 
|  81|0x0000000088f00000, 0x0000000088f00000, 0x0000000089000000|  0%| F|  |TAMS 0x0000000088f00000| PB 0x0000000088f00000| Untracked 
|  82|0x0000000089000000, 0x0000000089000000, 0x0000000089100000|  0%| F|  |TAMS 0x0000000089000000| PB 0x0000000089000000| Untracked 
|  83|0x0000000089100000, 0x0000000089100000, 0x0000000089200000|  0%| F|  |TAMS 0x0000000089100000| PB 0x0000000089100000| Untracked 
|  84|0x0000000089200000, 0x0000000089200000, 0x0000000089300000|  0%| F|  |TAMS 0x0000000089200000| PB 0x0000000089200000| Untracked 
|  85|0x0000000089300000, 0x0000000089300000, 0x0000000089400000|  0%| F|  |TAMS 0x0000000089300000| PB 0x0000000089300000| Untracked 
|  86|0x0000000089400000, 0x0000000089400000, 0x0000000089500000|  0%| F|  |TAMS 0x0000000089400000| PB 0x0000000089400000| Untracked 
|  87|0x0000000089500000, 0x0000000089500000, 0x0000000089600000|  0%| F|  |TAMS 0x0000000089500000| PB 0x0000000089500000| Untracked 
|  88|0x0000000089600000, 0x0000000089600000, 0x0000000089700000|  0%| F|  |TAMS 0x0000000089600000| PB 0x0000000089600000| Untracked 
|  89|0x0000000089700000, 0x0000000089700000, 0x0000000089800000|  0%| F|  |TAMS 0x0000000089700000| PB 0x0000000089700000| Untracked 
|  90|0x0000000089800000, 0x0000000089800000, 0x0000000089900000|  0%| F|  |TAMS 0x0000000089800000| PB 0x0000000089800000| Untracked 
|  91|0x0000000089900000, 0x0000000089900000, 0x0000000089a00000|  0%| F|  |TAMS 0x0000000089900000| PB 0x0000000089900000| Untracked 
|  92|0x0000000089a00000, 0x0000000089a00000, 0x0000000089b00000|  0%| F|  |TAMS 0x0000000089a00000| PB 0x0000000089a00000| Untracked 
|  93|0x0000000089b00000, 0x0000000089b00000, 0x0000000089c00000|  0%| F|  |TAMS 0x0000000089b00000| PB 0x0000000089b00000| Untracked 
|  94|0x0000000089c00000, 0x0000000089c00000, 0x0000000089d00000|  0%| F|  |TAMS 0x0000000089c00000| PB 0x0000000089c00000| Untracked 
|  95|0x0000000089d00000, 0x0000000089d00000, 0x0000000089e00000|  0%| F|  |TAMS 0x0000000089d00000| PB 0x0000000089d00000| Untracked 
|  96|0x0000000089e00000, 0x0000000089e00000, 0x0000000089f00000|  0%| F|  |TAMS 0x0000000089e00000| PB 0x0000000089e00000| Untracked 
|  97|0x0000000089f00000, 0x0000000089f00000, 0x000000008a000000|  0%| F|  |TAMS 0x0000000089f00000| PB 0x0000000089f00000| Untracked 
|  98|0x000000008a000000, 0x000000008a000000, 0x000000008a100000|  0%| F|  |TAMS 0x000000008a000000| PB 0x000000008a000000| Untracked 
|  99|0x000000008a100000, 0x000000008a100000, 0x000000008a200000|  0%| F|  |TAMS 0x000000008a100000| PB 0x000000008a100000| Untracked 
| 100|0x000000008a200000, 0x000000008a300000, 0x000000008a300000|100%| S|CS|TAMS 0x000000008a200000| PB 0x000000008a200000| Complete 
| 101|0x000000008a300000, 0x000000008a400000, 0x000000008a400000|100%| S|CS|TAMS 0x000000008a300000| PB 0x000000008a300000| Complete 
| 102|0x000000008a400000, 0x000000008a500000, 0x000000008a500000|100%| S|CS|TAMS 0x000000008a400000| PB 0x000000008a400000| Complete 
| 103|0x000000008a500000, 0x000000008a500000, 0x000000008a600000|  0%| F|  |TAMS 0x000000008a500000| PB 0x000000008a500000| Untracked 
| 104|0x000000008a600000, 0x000000008a600000, 0x000000008a700000|  0%| F|  |TAMS 0x000000008a600000| PB 0x000000008a600000| Untracked 
| 105|0x000000008a700000, 0x000000008a700000, 0x000000008a800000|  0%| F|  |TAMS 0x000000008a700000| PB 0x000000008a700000| Untracked 
| 106|0x000000008a800000, 0x000000008a800000, 0x000000008a900000|  0%| F|  |TAMS 0x000000008a800000| PB 0x000000008a800000| Untracked 
| 107|0x000000008a900000, 0x000000008a900000, 0x000000008aa00000|  0%| F|  |TAMS 0x000000008a900000| PB 0x000000008a900000| Untracked 
| 108|0x000000008aa00000, 0x000000008aa00000, 0x000000008ab00000|  0%| F|  |TAMS 0x000000008aa00000| PB 0x000000008aa00000| Untracked 
| 109|0x000000008ab00000, 0x000000008ab00000, 0x000000008ac00000|  0%| F|  |TAMS 0x000000008ab00000| PB 0x000000008ab00000| Untracked 
| 110|0x000000008ac00000, 0x000000008ac00000, 0x000000008ad00000|  0%| F|  |TAMS 0x000000008ac00000| PB 0x000000008ac00000| Untracked 
| 111|0x000000008ad00000, 0x000000008ad00000, 0x000000008ae00000|  0%| F|  |TAMS 0x000000008ad00000| PB 0x000000008ad00000| Untracked 
| 112|0x000000008ae00000, 0x000000008ae00000, 0x000000008af00000|  0%| F|  |TAMS 0x000000008ae00000| PB 0x000000008ae00000| Untracked 
| 113|0x000000008af00000, 0x000000008af00000, 0x000000008b000000|  0%| F|  |TAMS 0x000000008af00000| PB 0x000000008af00000| Untracked 
| 114|0x000000008b000000, 0x000000008b000000, 0x000000008b100000|  0%| F|  |TAMS 0x000000008b000000| PB 0x000000008b000000| Untracked 
| 115|0x000000008b100000, 0x000000008b100000, 0x000000008b200000|  0%| F|  |TAMS 0x000000008b100000| PB 0x000000008b100000| Untracked 
| 116|0x000000008b200000, 0x000000008b200000, 0x000000008b300000|  0%| F|  |TAMS 0x000000008b200000| PB 0x000000008b200000| Untracked 
| 117|0x000000008b300000, 0x000000008b300000, 0x000000008b400000|  0%| F|  |TAMS 0x000000008b300000| PB 0x000000008b300000| Untracked 
| 118|0x000000008b400000, 0x000000008b400000, 0x000000008b500000|  0%| F|  |TAMS 0x000000008b400000| PB 0x000000008b400000| Untracked 
| 119|0x000000008b500000, 0x000000008b567810, 0x000000008b600000| 40%| E|  |TAMS 0x000000008b500000| PB 0x000000008b500000| Complete 
| 120|0x000000008b600000, 0x000000008b700000, 0x000000008b700000|100%| E|CS|TAMS 0x000000008b600000| PB 0x000000008b600000| Complete 
| 121|0x000000008b700000, 0x000000008b800000, 0x000000008b800000|100%| E|CS|TAMS 0x000000008b700000| PB 0x000000008b700000| Complete 
| 122|0x000000008b800000, 0x000000008b900000, 0x000000008b900000|100%| E|CS|TAMS 0x000000008b800000| PB 0x000000008b800000| Complete 
| 123|0x000000008b900000, 0x000000008ba00000, 0x000000008ba00000|100%| E|CS|TAMS 0x000000008b900000| PB 0x000000008b900000| Complete 
| 124|0x000000008ba00000, 0x000000008bb00000, 0x000000008bb00000|100%| E|CS|TAMS 0x000000008ba00000| PB 0x000000008ba00000| Complete 
| 125|0x000000008bb00000, 0x000000008bc00000, 0x000000008bc00000|100%| E|CS|TAMS 0x000000008bb00000| PB 0x000000008bb00000| Complete 

Card table byte_map: [0x000001d3f5f40000,0x000001d3f6330000] _byte_map_base: 0x000001d3f5b21000

Marking Bits: (CMBitMap*) 0x000001d3eb4fa220
 Bits: [0x000001d3f6330000, 0x000001d3f8238000)

Polling page: 0x000001d3eb560000

Metaspace:

Usage:
  Non-class:      7.02 MB used.
      Class:    951.09 KB used.
       Both:      7.95 MB used.

Virtual space:
  Non-class space:       64.00 MB reserved,       7.19 MB ( 11%) committed,  1 nodes.
      Class space:        1.00 GB reserved,       1.06 MB ( <1%) committed,  1 nodes.
             Both:        1.06 GB reserved,       8.25 MB ( <1%) committed. 

Chunk freelists:
   Non-Class:  8.33 MB
       Class:  14.83 MB
        Both:  23.15 MB

MaxMetaspaceSize: unlimited
CompressedClassSpaceSize: 1.00 GB
Initial GC threshold: 21.00 MB
Current GC threshold: 21.00 MB
CDS: on
 - commit_granule_bytes: 65536.
 - commit_granule_words: 8192.
 - virtual_space_node_default_size: 8388608.
 - enlarge_chunks_in_place: 1.
 - use_allocation_guard: 0.


Internal statistics:

num_allocs_failed_limit: 0.
num_arena_births: 234.
num_arena_deaths: 0.
num_vsnodes_births: 2.
num_vsnodes_deaths: 0.
num_space_committed: 132.
num_space_uncommitted: 0.
num_chunks_returned_to_freelist: 0.
num_chunks_taken_from_freelist: 511.
num_chunk_merges: 0.
num_chunk_splits: 299.
num_chunks_enlarged: 164.
num_inconsistent_stats: 0.

CodeHeap 'non-profiled nmethods': size=120000Kb used=557Kb max_used=557Kb free=119443Kb
 bounds [0x000001d387ad0000, 0x000001d387d40000, 0x000001d38f000000]
CodeHeap 'profiled nmethods': size=120000Kb used=2845Kb max_used=2845Kb free=117154Kb
 bounds [0x000001d380000000, 0x000001d3802d0000, 0x000001d387530000]
CodeHeap 'non-nmethods': size=5760Kb used=1518Kb max_used=1545Kb free=4241Kb
 bounds [0x000001d387530000, 0x000001d3877a0000, 0x000001d387ad0000]
 total_blobs=2044 nmethods=1563 adapters=386
 compilation: enabled
              stopped_count=0, restarted_count=0
 full_count=0

Compilation events (20 events):
Event: 2.518 Thread 0x000001d3fad06330 nmethod 1543 0x000001d3802bd690 code [0x000001d3802bd840, 0x000001d3802bd9e0]
Event: 2.523 Thread 0x000001d3fad06330 1544       3       java.util.concurrent.ConcurrentHashMap$CollectionView::toArray (204 bytes)
Event: 2.524 Thread 0x000001d3fad06330 nmethod 1544 0x000001d3802bda90 code [0x000001d3802bdd80, 0x000001d3802bee30]
Event: 2.525 Thread 0x000001d3fad06330 1545       3       java.util.HashMap$KeySet::size (8 bytes)
Event: 2.525 Thread 0x000001d3fad06330 nmethod 1545 0x000001d3802bf390 code [0x000001d3802bf520, 0x000001d3802bf638]
Event: 2.526 Thread 0x000001d3fad06330 1546       1       java.util.concurrent.ConcurrentHashMap$MapEntry::getKey (5 bytes)
Event: 2.526 Thread 0x000001d3fad06330 nmethod 1546 0x000001d387b59f90 code [0x000001d387b5a120, 0x000001d387b5a1e8]
Event: 2.526 Thread 0x000001d3fad06330 1547       3       java.util.Properties::getProperty (50 bytes)
Event: 2.527 Thread 0x000001d3fad06330 nmethod 1547 0x000001d3802bf710 code [0x000001d3802bf8e0, 0x000001d3802bfde8]
Event: 2.527 Thread 0x000001d3fad06330 1548       3       java.lang.StringLatin1::getChar (9 bytes)
Event: 2.527 Thread 0x000001d3fad06330 nmethod 1548 0x000001d3802bff10 code [0x000001d3802c00a0, 0x000001d3802c01c0]
Event: 2.527 Thread 0x000001d3fad06330 1549       3       java.lang.String::compareTo (9 bytes)
Event: 2.527 Thread 0x000001d3fad06330 nmethod 1549 0x000001d3802c0290 code [0x000001d3802c0440, 0x000001d3802c0670]
Event: 2.527 Thread 0x000001d3fad06330 1550       3       java.lang.String::compareTo (63 bytes)
Event: 2.528 Thread 0x000001d3fad06330 nmethod 1550 0x000001d3802c0710 code [0x000001d3802c0920, 0x000001d3802c0dc0]
Event: 2.528 Thread 0x000001d3fad06330 1551       3       java.lang.StringLatin1::compareTo (14 bytes)
Event: 2.528 Thread 0x000001d3fad06330 nmethod 1551 0x000001d3802c0f90 code [0x000001d3802c1140, 0x000001d3802c1268]
Event: 2.528 Thread 0x000001d3fad06330 1552       1       java.util.concurrent.ConcurrentHashMap$MapEntry::getValue (5 bytes)
Event: 2.528 Thread 0x000001d3fad06330 nmethod 1552 0x000001d387b5a290 code [0x000001d387b5a420, 0x000001d387b5a4e8]
Event: 2.529 Thread 0x000001d3d00363b0 1553       4       jdk.internal.misc.InternalLock::unlock (8 bytes)

GC Heap History (2 events):
Event: 2.137 GC heap before
{Heap before GC invocations=0 (full 0):
 garbage-first heap   total 129024K, used 23552K [0x0000000083e00000, 0x0000000100000000)
  region size 1024K, 23 young (23552K), 0 survivors (0K)
 Metaspace       used 6669K, committed 6912K, reserved 1114112K
  class space    used 773K, committed 896K, reserved 1048576K
}
Event: 2.152 GC heap after
{Heap after GC invocations=1 (full 0):
 garbage-first heap   total 129024K, used 7722K [0x0000000083e00000, 0x0000000100000000)
  region size 1024K, 3 young (3072K), 3 survivors (3072K)
 Metaspace       used 6669K, committed 6912K, reserved 1114112K
  class space    used 773K, committed 896K, reserved 1048576K
}

Dll operation events (10 events):
Event: 0.047 Loaded shared library C:\Program Files\Java\jdk-21\bin\java.dll
Event: 0.151 Loaded shared library C:\Program Files\Java\jdk-21\bin\jsvml.dll
Event: 0.571 Loaded shared library C:\Program Files\Java\jdk-21\bin\zip.dll
Event: 0.580 Loaded shared library C:\Program Files\Java\jdk-21\bin\instrument.dll
Event: 0.590 Loaded shared library C:\Program Files\Java\jdk-21\bin\net.dll
Event: 0.596 Loaded shared library C:\Program Files\Java\jdk-21\bin\nio.dll
Event: 0.601 Loaded shared library C:\Program Files\Java\jdk-21\bin\zip.dll
Event: 0.891 Loaded shared library C:\Program Files\JetBrains\IntelliJ IDEA 2023.3.3\bin\breakgen64.dll
Event: 0.945 Loaded shared library C:\Program Files\Java\jdk-21\bin\extnet.dll
Event: 1.031 Loaded shared library C:\Program Files\Java\jdk-21\bin\jimage.dll

Deoptimization events (20 events):
Event: 2.232 Thread 0x000001d3eb4a3e10 Uncommon trap: trap_request=0xffffffde fr.pc=0x000001d387b328d0 relative=0x0000000000000990
Event: 2.232 Thread 0x000001d3eb4a3e10 Uncommon trap: reason=class_check action=maybe_recompile pc=0x000001d387b328d0 method=java.util.HashMap.putVal(ILjava/lang/Object;Ljava/lang/Object;ZZ)Ljava/lang/Object; @ 91 c2
Event: 2.232 Thread 0x000001d3eb4a3e10 DEOPT PACKING pc=0x000001d387b328d0 sp=0x000000020a2fdfd0
Event: 2.232 Thread 0x000001d3eb4a3e10 DEOPT UNPACKING pc=0x000001d387587da2 sp=0x000000020a2fdf70 mode 2
Event: 2.268 Thread 0x000001d3eb4a3e10 Uncommon trap: trap_request=0xffffff45 fr.pc=0x000001d387b218bc relative=0x000000000000027c
Event: 2.268 Thread 0x000001d3eb4a3e10 Uncommon trap: reason=unstable_if action=reinterpret pc=0x000001d387b218bc method=java.lang.String.startsWith(Ljava/lang/String;I)Z @ 1 c2
Event: 2.268 Thread 0x000001d3eb4a3e10 DEOPT PACKING pc=0x000001d387b218bc sp=0x000000020a2fe150
Event: 2.268 Thread 0x000001d3eb4a3e10 DEOPT UNPACKING pc=0x000001d387587da2 sp=0x000000020a2fe0e0 mode 2
Event: 2.268 Thread 0x000001d3eb4a3e10 Uncommon trap: trap_request=0xffffff45 fr.pc=0x000001d387b14efc relative=0x000000000000089c
Event: 2.268 Thread 0x000001d3eb4a3e10 Uncommon trap: reason=unstable_if action=reinterpret pc=0x000001d387b14efc method=java.io.BufferedInputStream.implRead([BII)I @ 55 c2
Event: 2.268 Thread 0x000001d3eb4a3e10 DEOPT PACKING pc=0x000001d387b14efc sp=0x000000020a2fdb40
Event: 2.268 Thread 0x000001d3eb4a3e10 DEOPT UNPACKING pc=0x000001d387587da2 sp=0x000000020a2fdb28 mode 2
Event: 2.285 Thread 0x000001d3eb4a3e10 Uncommon trap: trap_request=0xffffffc6 fr.pc=0x000001d387b303f8 relative=0x0000000000000318
Event: 2.285 Thread 0x000001d3eb4a3e10 Uncommon trap: reason=bimorphic_or_optimized_type_check action=maybe_recompile pc=0x000001d387b303f8 method=java.util.concurrent.ConcurrentHashMap.get(Ljava/lang/Object;)Ljava/lang/Object; @ 149 c2
Event: 2.285 Thread 0x000001d3eb4a3e10 DEOPT PACKING pc=0x000001d387b303f8 sp=0x000000020a2fc870
Event: 2.285 Thread 0x000001d3eb4a3e10 DEOPT UNPACKING pc=0x000001d387587da2 sp=0x000000020a2fc7e0 mode 2
Event: 2.472 Thread 0x000001d3facf9dd0 Uncommon trap: trap_request=0xffffff45 fr.pc=0x000001d387b3c0c4 relative=0x0000000000000f24
Event: 2.472 Thread 0x000001d3facf9dd0 Uncommon trap: reason=unstable_if action=reinterpret pc=0x000001d387b3c0c4 method=java.util.concurrent.ConcurrentHashMap.putVal(Ljava/lang/Object;Ljava/lang/Object;Z)Ljava/lang/Object; @ 148 c2
Event: 2.472 Thread 0x000001d3facf9dd0 DEOPT PACKING pc=0x000001d387b3c0c4 sp=0x000000020adfe3b0
Event: 2.472 Thread 0x000001d3facf9dd0 DEOPT UNPACKING pc=0x000001d387587da2 sp=0x000000020adfe330 mode 2

Classes loaded (20 events):
Event: 2.487 Loading class sun/util/resources/TimeZoneNames
Event: 2.488 Loading class sun/util/resources/TimeZoneNames done
Event: 2.488 Loading class sun/util/resources/TimeZoneNames_en
Event: 2.489 Loading class sun/util/resources/TimeZoneNames_en done
Event: 2.507 Loading class java/util/concurrent/ScheduledExecutorService
Event: 2.507 Loading class java/util/concurrent/ScheduledExecutorService done
Event: 2.508 Loading class java/lang/Thread$Builder$OfPlatform
Event: 2.508 Loading class java/lang/Thread$Builder
Event: 2.508 Loading class java/lang/Thread$Builder done
Event: 2.508 Loading class java/lang/Thread$Builder$OfPlatform done
Event: 2.508 Loading class java/lang/Thread$Builder$OfVirtual
Event: 2.509 Loading class java/lang/Thread$Builder$OfVirtual done
Event: 2.509 Loading class java/lang/ThreadBuilders$VirtualThreadBuilder
Event: 2.509 Loading class java/lang/ThreadBuilders$BaseThreadBuilder
Event: 2.510 Loading class java/lang/ThreadBuilders$BaseThreadBuilder done
Event: 2.510 Loading class java/lang/ThreadBuilders$VirtualThreadBuilder done
Event: 2.510 Loading class java/lang/ThreadBuilders
Event: 2.510 Loading class java/lang/ThreadBuilders done
Event: 2.510 Loading class java/util/concurrent/Executors$DefaultThreadFactory
Event: 2.511 Loading class java/util/concurrent/Executors$DefaultThreadFactory done

Classes unloaded (0 events):
No events

Classes redefined (0 events):
No events

Internal exceptions (20 events):
Event: 2.104 Thread 0x000001d3eb4a3e10 Exception <a 'java/lang/NoSuchMethodError'{0x000000008a5a3928}: 'java.lang.Object java.lang.invoke.DirectMethodHandle$Holder.newInvokeSpecial(java.lang.Object, java.lang.Object, java.lang.Object, java.lang.Object, java.lang.Object, java.lang.Object, java.lang.Object)'> (0x000000008a5a3928) 
thrown [s\open\src\hotspot\share\interpreter\linkResolver.cpp, line 773]
Event: 2.110 Thread 0x000001d3eb4a3e10 Exception <a 'java/lang/NoSuchMethodError'{0x000000008a5bf048}: 'void java.lang.invoke.DirectMethodHandle$Holder.invokeStaticInit(java.lang.Object, java.lang.Object)'> (0x000000008a5bf048) 
thrown [s\open\src\hotspot\share\interpreter\linkResolver.cpp, line 773]
Event: 2.154 Thread 0x000001d3eb4a3e10 Exception <a 'java/lang/NoSuchMethodError'{0x000000008bb021e0}: 'int java.lang.invoke.DirectMethodHandle$Holder.invokeStatic(java.lang.Object, java.lang.Object, java.lang.Object, java.lang.Object)'> (0x000000008bb021e0) 
thrown [s\open\src\hotspot\share\interpreter\linkResolver.cpp, line 773]
Event: 2.155 Thread 0x000001d3eb4a3e10 Exception <a 'java/lang/NoSuchMethodError'{0x000000008bb05860}: 'java.lang.Object java.lang.invoke.Invokers$Holder.invokeExact_MT(java.lang.Object, java.lang.Object, java.lang.Object, java.lang.Object, java.lang.Object, java.lang.Object)'> (0x000000008bb05860) 
thrown [s\open\src\hotspot\share\interpreter\linkResolver.cpp, line 773]
Event: 2.177 Thread 0x000001d3eb4a3e10 Exception <a 'java/lang/NoSuchMethodError'{0x000000008bbd3f60}: 'java.lang.Object java.lang.invoke.DirectMethodHandle$Holder.invokeSpecial(java.lang.Object, java.lang.Object, java.lang.Object, java.lang.Object, java.lang.Object, java.lang.Object, int)'> (0x000000008bbd3f60) 
thrown [s\open\src\hotspot\share\interpreter\linkResolver.cpp, line 773]
Event: 2.178 Thread 0x000001d3eb4a3e10 Exception <a 'java/lang/NoSuchMethodError'{0x000000008bbdd468}: 'java.lang.Object java.lang.invoke.DirectMethodHandle$Holder.newInvokeSpecial(java.lang.Object, java.lang.Object, java.lang.Object, java.lang.Object, java.lang.Object, java.lang.Object, int)'> (0x000000008bbdd468) 
thrown [s\open\src\hotspot\share\interpreter\linkResolver.cpp, line 773]
Event: 2.179 Thread 0x000001d3eb4a3e10 Exception <a 'java/lang/NoSuchMethodError'{0x000000008bbe1a18}: 'java.lang.Object java.lang.invoke.DirectMethodHandle$Holder.invokeSpecial(java.lang.Object, java.lang.Object, java.lang.Object, java.lang.Object, java.lang.Object, java.lang.Object, java.lang.Object, int)'> (0x000000008bbe1a18) 
thrown [s\open\src\hotspot\share\interpreter\linkResolver.cpp, line 773]
Event: 2.233 Thread 0x000001d3eb4a3e10 Exception <a 'java/lang/NoSuchMethodError'{0x000000008b9035b8}: 'int java.lang.invoke.DirectMethodHandle$Holder.invokeInterface(java.lang.Object, java.lang.Object)'> (0x000000008b9035b8) 
thrown [s\open\src\hotspot\share\interpreter\linkResolver.cpp, line 773]
Event: 2.311 Thread 0x000001d3eb4a3e10 Exception <a 'java/lang/NoSuchMethodError'{0x000000008b9f8970}: 'java.lang.Object java.lang.invoke.DirectMethodHandle$Holder.invokeSpecial(java.lang.Object, java.lang.Object, java.lang.Object, int, java.lang.Object)'> (0x000000008b9f8970) 
thrown [s\open\src\hotspot\share\interpreter\linkResolver.cpp, line 773]
Event: 2.312 Thread 0x000001d3eb4a3e10 Exception <a 'java/lang/NoSuchMethodError'{0x000000008b8004e0}: 'java.lang.Object java.lang.invoke.DirectMethodHandle$Holder.newInvokeSpecial(java.lang.Object, java.lang.Object, java.lang.Object, int, java.lang.Object)'> (0x000000008b8004e0) 
thrown [s\open\src\hotspot\share\interpreter\linkResolver.cpp, line 773]
Event: 2.313 Thread 0x000001d3eb4a3e10 Exception <a 'java/lang/NoSuchMethodError'{0x000000008b807c10}: 'java.lang.Object java.lang.invoke.Invokers$Holder.linkToTargetMethod(java.lang.Object, java.lang.Object, int, java.lang.Object, java.lang.Object)'> (0x000000008b807c10) 
thrown [s\open\src\hotspot\share\interpreter\linkResolver.cpp, line 773]
Event: 2.315 Thread 0x000001d3eb4a3e10 Exception <a 'java/lang/NoSuchMethodError'{0x000000008b8157d8}: 'java.lang.Object java.lang.invoke.DirectMethodHandle$Holder.newInvokeSpecial(java.lang.Object, int, java.lang.Object)'> (0x000000008b8157d8) 
thrown [s\open\src\hotspot\share\interpreter\linkResolver.cpp, line 773]
Event: 2.316 Thread 0x000001d3eb4a3e10 Exception <a 'java/lang/NoSuchMethodError'{0x000000008b81a188}: 'int java.lang.invoke.DirectMethodHandle$Holder.invokeSpecialIFC(java.lang.Object, java.lang.Object, java.lang.Object, java.lang.Object)'> (0x000000008b81a188) 
thrown [s\open\src\hotspot\share\interpreter\linkResolver.cpp, line 773]
Event: 2.359 Thread 0x000001d3eb4a3e10 Exception <a 'java/lang/NoSuchMethodError'{0x000000008b8ea1c0}: 'void java.lang.invoke.DirectMethodHandle$Holder.invokeInterface(java.lang.Object, java.lang.Object, java.lang.Object)'> (0x000000008b8ea1c0) 
thrown [s\open\src\hotspot\share\interpreter\linkResolver.cpp, line 773]
Event: 2.443 Thread 0x000001d3eb4a3e10 Exception <a 'java/lang/NoSuchMethodError'{0x000000008b7645f0}: 'void java.lang.invoke.DirectMethodHandle$Holder.invokeStaticInit(java.lang.Object, java.lang.Object, java.lang.Object)'> (0x000000008b7645f0) 
thrown [s\open\src\hotspot\share\interpreter\linkResolver.cpp, line 773]
Event: 2.461 Thread 0x000001d3eb4a3e10 Exception <a 'java/lang/NoSuchMethodError'{0x000000008b7a67c0}: 'java.lang.Object java.lang.invoke.DirectMethodHandle$Holder.invokeStatic(java.lang.Object, long, java.lang.Object)'> (0x000000008b7a67c0) 
thrown [s\open\src\hotspot\share\interpreter\linkResolver.cpp, line 773]
Event: 2.462 Thread 0x000001d3eb4a3e10 Exception <a 'java/lang/NoSuchMethodError'{0x000000008b7a9e18}: 'java.lang.Object java.lang.invoke.DirectMethodHandle$Holder.invokeStaticInit(java.lang.Object, long, java.lang.Object)'> (0x000000008b7a9e18) 
thrown [s\open\src\hotspot\share\interpreter\linkResolver.cpp, line 773]
Event: 2.468 Thread 0x000001d3eb4a3e10 Exception <a 'java/lang/NoSuchMethodError'{0x000000008b7af5b8}: 'java.lang.Object java.lang.invoke.DirectMethodHandle$Holder.newInvokeSpecial(java.lang.Object, long)'> (0x000000008b7af5b8) 
thrown [s\open\src\hotspot\share\interpreter\linkResolver.cpp, line 773]
Event: 2.512 Thread 0x000001d3eb4a3e10 Exception <a 'java/lang/NoSuchMethodError'{0x000000008b699678}: 'void java.lang.invoke.DirectMethodHandle$Holder.invokeSpecial(java.lang.Object, java.lang.Object, java.lang.Object, java.lang.Object, java.lang.Object)'> (0x000000008b699678) 
thrown [s\open\src\hotspot\share\interpreter\linkResolver.cpp, line 773]
Event: 2.513 Thread 0x000001d3eb4a3e10 Exception <a 'java/lang/NoSuchMethodError'{0x000000008b6a0ee0}: 'void java.lang.invoke.DirectMethodHandle$Holder.invokeVirtual(java.lang.Object, java.lang.Object, java.lang.Object, java.lang.Object)'> (0x000000008b6a0ee0) 
thrown [s\open\src\hotspot\share\interpreter\linkResolver.cpp, line 773]

ZGC Phase Switch (0 events):
No events

VM Operations (14 events):
Event: 0.540 Executing VM operation: HandshakeAllThreads (Deoptimize)
Event: 0.540 Executing VM operation: HandshakeAllThreads (Deoptimize) done
Event: 1.038 Executing VM operation: HandshakeAllThreads (Deoptimize)
Event: 1.038 Executing VM operation: HandshakeAllThreads (Deoptimize) done
Event: 1.635 Executing VM operation: HandshakeAllThreads (Deoptimize)
Event: 1.635 Executing VM operation: HandshakeAllThreads (Deoptimize) done
Event: 1.635 Executing VM operation: Cleanup
Event: 1.635 Executing VM operation: Cleanup done
Event: 1.819 Executing VM operation: HandshakeAllThreads (Deoptimize)
Event: 1.819 Executing VM operation: HandshakeAllThreads (Deoptimize) done
Event: 2.137 Executing VM operation: G1CollectForAllocation (G1 Evacuation Pause)
Event: 2.153 Executing VM operation: G1CollectForAllocation (G1 Evacuation Pause) done
Event: 2.255 Executing VM operation: HandshakeAllThreads (Deoptimize)
Event: 2.255 Executing VM operation: HandshakeAllThreads (Deoptimize) done

Events (17 events):
Event: 0.093 Thread 0x000001d3eb4a3e10 Thread added: 0x000001d3eb4a3e10
Event: 0.144 Thread 0x000001d3facf4da0 Thread added: 0x000001d3facf4da0
Event: 0.144 Thread 0x000001d3facf5d70 Thread added: 0x000001d3facf5d70
Event: 0.145 Thread 0x000001d3facf7cf0 Thread added: 0x000001d3facf7cf0
Event: 0.145 Thread 0x000001d3facf9dd0 Thread added: 0x000001d3facf9dd0
Event: 0.145 Thread 0x000001d3fad00f70 Thread added: 0x000001d3fad00f70
Event: 0.146 Thread 0x000001d3facff360 Thread added: 0x000001d3facff360
Event: 0.146 Thread 0x000001d3facffeb0 Thread added: 0x000001d3facffeb0
Event: 0.146 Thread 0x000001d3fad06330 Thread added: 0x000001d3fad06330
Event: 0.525 Thread 0x000001d3ff0867e0 Thread added: 0x000001d3ff0867e0
Event: 0.623 Thread 0x000001d3ff225da0 Thread added: 0x000001d3ff225da0
Event: 0.893 Thread 0x000001d3ff2a54f0 Thread added: 0x000001d3ff2a54f0
Event: 0.893 Thread 0x000001d3ff2a5b60 Thread added: 0x000001d3ff2a5b60
Event: 0.928 Thread 0x000001d3ff225da0 Thread exited: 0x000001d3ff225da0
Event: 1.150 Thread 0x000001d3ff2278e0 Thread added: 0x000001d3ff2278e0
Event: 1.622 Thread 0x000001d3ff2278e0 Thread exited: 0x000001d3ff2278e0
Event: 2.324 Thread 0x000001d3d00363b0 Thread added: 0x000001d3d00363b0


Dynamic libraries:
0x00007ff62d840000 - 0x00007ff62d850000 	C:\Program Files\Java\jdk-21\bin\java.exe
0x00007fffaf870000 - 0x00007fffafa87000 	C:\WINDOWS\SYSTEM32\ntdll.dll
0x00007fffaf0c0000 - 0x00007fffaf184000 	C:\WINDOWS\System32\KERNEL32.DLL
0x00007fffacc30000 - 0x00007fffacfd6000 	C:\WINDOWS\System32\KERNELBASE.dll
0x00007fffad3b0000 - 0x00007fffad4c1000 	C:\WINDOWS\System32\ucrtbase.dll
0x00007fffa2eb0000 - 0x00007fffa2ec9000 	C:\Program Files\Java\jdk-21\bin\jli.dll
0x00007fffaf3c0000 - 0x00007fffaf473000 	C:\WINDOWS\System32\ADVAPI32.dll
0x00007fffaf640000 - 0x00007fffaf6e7000 	C:\WINDOWS\System32\msvcrt.dll
0x00007fffadc20000 - 0x00007fffadcc8000 	C:\WINDOWS\System32\sechost.dll
0x00007fffad310000 - 0x00007fffad338000 	C:\WINDOWS\System32\bcrypt.dll
0x00007fffaeb90000 - 0x00007fffaeca7000 	C:\WINDOWS\System32\RPCRT4.dll
0x00007fffa1220000 - 0x00007fffa123b000 	C:\Program Files\Java\jdk-21\bin\VCRUNTIME140.dll
0x00007fffaf490000 - 0x00007fffaf63e000 	C:\WINDOWS\System32\USER32.dll
0x00007fffad590000 - 0x00007fffad5b6000 	C:\WINDOWS\System32\win32u.dll
0x00007fffaf6f0000 - 0x00007fffaf719000 	C:\WINDOWS\System32\GDI32.dll
0x00007fff8c750000 - 0x00007fff8c9e3000 	C:\WINDOWS\WinSxS\amd64_microsoft.windows.common-controls_6595b64144ccf1df_6.0.22621.2506_none_270c5ae97388e100\COMCTL32.dll
0x00007fffacfe0000 - 0x00007fffad0f8000 	C:\WINDOWS\System32\gdi32full.dll
0x00007fffad100000 - 0x00007fffad19a000 	C:\WINDOWS\System32\msvcp_win.dll
0x00007fffa29e0000 - 0x00007fffa29ea000 	C:\WINDOWS\SYSTEM32\VERSION.dll
0x00007fffad5c0000 - 0x00007fffad5f1000 	C:\WINDOWS\System32\IMM32.DLL
0x00007fffa7cb0000 - 0x00007fffa7cbc000 	C:\Program Files\Java\jdk-21\bin\vcruntime140_1.dll
0x00007fff8ba10000 - 0x00007fff8ba9e000 	C:\Program Files\Java\jdk-21\bin\msvcp140.dll
0x00007fff48d50000 - 0x00007fff49a63000 	C:\Program Files\Java\jdk-21\bin\server\jvm.dll
0x00007fffaf720000 - 0x00007fffaf791000 	C:\WINDOWS\System32\WS2_32.dll
0x00007fff8e4e0000 - 0x00007fff8e514000 	C:\WINDOWS\SYSTEM32\WINMM.dll
0x00007fffab9f0000 - 0x00007fffaba3d000 	C:\WINDOWS\SYSTEM32\POWRPROF.dll
0x00007fffab9d0000 - 0x00007fffab9e3000 	C:\WINDOWS\SYSTEM32\UMPDC.dll
0x00007fffabc90000 - 0x00007fffabca8000 	C:\WINDOWS\SYSTEM32\kernel.appcore.dll
0x00007fffa7c70000 - 0x00007fffa7c7a000 	C:\Program Files\Java\jdk-21\bin\jimage.dll
0x00007fffaa430000 - 0x00007fffaa663000 	C:\WINDOWS\SYSTEM32\DBGHELP.DLL
0x00007fffaed20000 - 0x00007fffaf0a9000 	C:\WINDOWS\System32\combase.dll
0x00007fffadb30000 - 0x00007fffadc07000 	C:\WINDOWS\System32\OLEAUT32.dll
0x00007fff886f0000 - 0x00007fff88722000 	C:\WINDOWS\SYSTEM32\dbgcore.DLL
0x00007fffacbb0000 - 0x00007fffacc2a000 	C:\WINDOWS\System32\bcryptPrimitives.dll
0x00007fffa7bd0000 - 0x00007fffa7bdf000 	C:\Program Files\Java\jdk-21\bin\instrument.dll
0x00007fff985e0000 - 0x00007fff985ff000 	C:\Program Files\Java\jdk-21\bin\java.dll
0x00007fffadff0000 - 0x00007fffae84a000 	C:\WINDOWS\System32\SHELL32.dll
0x00007fffaaab0000 - 0x00007fffab3a6000 	C:\WINDOWS\SYSTEM32\windows.storage.dll
0x00007fffaa970000 - 0x00007fffaaaae000 	C:\WINDOWS\SYSTEM32\wintypes.dll
0x00007fffadd20000 - 0x00007fffade13000 	C:\WINDOWS\System32\SHCORE.dll
0x00007fffaf190000 - 0x00007fffaf1ee000 	C:\WINDOWS\System32\shlwapi.dll
0x00007fffacae0000 - 0x00007fffacb06000 	C:\WINDOWS\SYSTEM32\profapi.dll
0x00007fff78860000 - 0x00007fff78937000 	C:\Program Files\Java\jdk-21\bin\jsvml.dll
0x00007fff984a0000 - 0x00007fff984b8000 	C:\Program Files\Java\jdk-21\bin\zip.dll
0x00007fff9f860000 - 0x00007fff9f870000 	C:\Program Files\Java\jdk-21\bin\net.dll
0x00007fffa6680000 - 0x00007fffa67b7000 	C:\WINDOWS\SYSTEM32\WINHTTP.dll
0x00007fffac100000 - 0x00007fffac169000 	C:\WINDOWS\system32\mswsock.dll
0x00007fff97bc0000 - 0x00007fff97bd6000 	C:\Program Files\Java\jdk-21\bin\nio.dll
0x00007fff8bc50000 - 0x00007fff8bc6a000 	C:\Program Files\JetBrains\IntelliJ IDEA 2023.3.3\bin\breakgen64.dll
0x00007fff9f840000 - 0x00007fff9f847000 	C:\Program Files\Java\jdk-21\bin\extnet.dll

dbghelp: loaded successfully - version: 4.0.5 - missing functions: none
symbol engine: initialized successfully - sym options: 0x614 - pdb path: .;C:\Program Files\Java\jdk-21\bin;C:\WINDOWS\SYSTEM32;C:\WINDOWS\WinSxS\amd64_microsoft.windows.common-controls_6595b64144ccf1df_6.0.22621.2506_none_270c5ae97388e100;C:\Program Files\Java\jdk-21\bin\server;C:\Program Files\JetBrains\IntelliJ IDEA 2023.3.3\bin

VM Arguments:
jvm_args: -javaagent:C:\Program Files\JetBrains\IntelliJ IDEA 2023.3.3\lib\idea_rt.jar=58002:C:\Program Files\JetBrains\IntelliJ IDEA 2023.3.3\bin -Dfile.encoding=UTF-8 -Dsun.stdout.encoding=UTF-8 -Dsun.stderr.encoding=UTF-8 
java_command: com.SharpDevs.Recipe.Mania.RecipeManiaApplication
java_class_path (initial): C:\Users\damil\Documents\RecipeMania-Backend\Backend\target\classes;C:\Users\damil\.m2\repository\org\springframework\boot\spring-boot-starter-data-jpa\3.2.1\spring-boot-starter-data-jpa-3.2.1.jar;C:\Users\damil\.m2\repository\org\springframework\boot\spring-boot-starter-aop\3.2.1\spring-boot-starter-aop-3.2.1.jar;C:\Users\damil\.m2\repository\org\aspectj\aspectjweaver\1.9.21\aspectjweaver-1.9.21.jar;C:\Users\damil\.m2\repository\org\springframework\boot\spring-boot-starter-jdbc\3.2.1\spring-boot-starter-jdbc-3.2.1.jar;C:\Users\damil\.m2\repository\com\zaxxer\HikariCP\5.0.1\HikariCP-5.0.1.jar;C:\Users\damil\.m2\repository\org\springframework\spring-jdbc\6.1.2\spring-jdbc-6.1.2.jar;C:\Users\damil\.m2\repository\org\hibernate\orm\hibernate-core\6.4.1.Final\hibernate-core-6.4.1.Final.jar;C:\Users\damil\.m2\repository\jakarta\persistence\jakarta.persistence-api\3.1.0\jakarta.persistence-api-3.1.0.jar;C:\Users\damil\.m2\repository\jakarta\transaction\jakarta.transaction-api\2.0.1\jakarta.transaction-api-2.0.1.jar;C:\Users\damil\.m2\repository\org\jboss\logging\jboss-logging\3.5.3.Final\jboss-logging-3.5.3.Final.jar;C:\Users\damil\.m2\repository\org\hibernate\common\hibernate-commons-annotations\6.0.6.Final\hibernate-commons-annotations-6.0.6.Final.jar;C:\Users\damil\.m2\repository\io\smallrye\jandex\3.1.2\jandex-3.1.2.jar;C:\Users\damil\.m2\repository\com\fasterxml\classmate\1.6.0\classmate-1.6.0.jar;C:\Users\damil\.m2\repository\net\bytebuddy\byte-buddy\1.14.10\byte-buddy-1.14.10.jar;C:\Users\damil\.m2\repository\org\glassfish\jaxb\jaxb-runtime\4.0.4\jaxb-runtime-4.0.4.jar;C:\Users\damil\.m2\repository\org\glassfish\jaxb\jaxb-core\4.0.4\jaxb-core-4.0.4.jar;C:\Users\damil\.m2\repository\org\eclipse\angus\angus-activation\2.0.1\angus-activation-2.0.1.jar;C:\Users\damil\.m2\repository\org\glassfish\jaxb\txw2\4.0.4\txw2-4.0.4.jar;C:\Users\damil\.m2\repository\com\sun\istack\istack-commons-runtime\4.1.2\istack-commons-runtime-4.1.2.jar;C:\Users\damil\.m2\repository\jakarta\inject\jakarta.inject-api\2.0.1\jakarta.inject-api-2.0.1.jar;C:\Users\damil\.m2\repository\org\antlr\antlr4-runtime\4.13.0\antlr4-runtime-4.13.0.jar;C:\Users\damil\.m2\repository\org\springframework\data\spring-data-jpa\3.2.1\spring-data-jpa-3.2.1.jar;C:\Users\damil\.m2\repository\org\springframework\data\spring-data-commons\3.2.1\spring-data-commons-3.2.1.jar;C:\Users\damil\.m2\repository\org\springframework\spring-orm\6.1.2\spring-orm-6.1.2.jar;C:\Users\damil\.m2\repository\org\springframework\spring-context\6.1.2\spring-context-6.1.2.jar;C:\Users\damil\.m2\repository\org\springframework\spring-tx\6.1.2\spring-tx-6.1.2.jar;C:\Users\damil\.m2\repository\org\springframework\spring-beans\6.1.2\spring-beans-6.1.2.jar;C:\Users\damil\.m2\repository\jakarta\annotation\jakarta.annotation-api\2.1.1\jakarta.annotation-api-2.1.1.jar;C:\Users\damil\.m2\repository\org\slf4j\slf4j-api\2.0.9\slf4j-api-2.0.9.jar;C:\Users\damil\.m2\repository\org\springframework\spring-aspects\6.1.2\spring-aspects-6.1.2.jar;C:\Users\damil\.m2\repository\org\springframework\boot\spring-boot-starter-validation\3.2.1\spring-boot-starter-validation-3.2.1.jar;C:\Users\damil\.m2\repository\org\springframework\boot\spring-boot-starter\3.2.1\spring-boot-starter-3.2.1.jar;C:\Users\damil\.m2\repository\org\springframework\boot\spring-boot\3.2.1\spring-boot-3.2.1.jar;C:\Users\damil\.m2\repository\org\springframework\boot\spring-boot-autoconfigure\3.2.1\spring-boot-autoconfigure-3.2.1.jar;C:\Users\damil\.m2\repository\org\springframework\boot\spring-boot-starter-logging\3.2.1\spring-boot-starter-logging-3.2.1.jar;C:\Users\damil\.m2\repository\ch\qos\logback\logback-classic\1.4.14\logback-classic-1.4.14.jar;C:\Users\damil\.m2\repository\ch\qos\logback\logback-core\1.4.14\logback-core-1.4.14.jar;C:\Users\damil\.m2\repository\org\apache\logging\log4j\log4j-to-slf4j\2.21.1\log4j-to-slf4j-2.21.1.jar;C:\Users\damil\.m2\repository\org\apache\logging\log4j\log4j-api\2.21.1\log4j-api-2.21.1.jar;C:\Users\damil\.m2\repository\org\slf4j\jul-to-slf4j\2.0.9\jul-to-slf4j-2.0.9.jar;C:\Users\damil\.m2\repository\org\yaml\snakeyaml\2.2\snakeyaml-2.2.jar;C:\Users\damil\.m2\repository\org\apache\tomcat\embed\tomcat-embed-el\10.1.17\tomcat-embed-el-10.1.17.jar;C:\Users\damil\.m2\repository\org\hibernate\validator\hibernate-validator\8.0.1.Final\hibernate-validator-8.0.1.Final.jar;C:\Users\damil\.m2\repository\org\springframework\boot\spring-boot-starter-security\3.2.1\spring-boot-starter-security-3.2.1.jar;C:\Users\damil\.m2\repository\org\springframework\spring-aop\6.1.2\spring-aop-6.1.2.jar;C:\Users\damil\.m2\repository\org\springframework\security\spring-security-config\6.2.1\spring-security-config-6.2.1.jar;C:\Users\damil\.m2\repository\org\springframework\security\spring-security-core\6.2.1\spring-security-core-6.2.1.jar;C:\Users\damil\.m2\repository\org\springframework\security\spring-security-crypto\6.2.1\spring-security-crypto-6.2.1.jar;C:\Users\damil\.m2\repository\org\springframework\security\spring-security-web\6.2.1\spring-security-web-6.2.1.jar;C:\Users\damil\.m2\repository\org\springframework\spring-expression\6.1.2\spring-expression-6.1.2.jar;C:\Users\damil\.m2\repository\org\springframework\boot\spring-boot-starter-web\3.2.1\spring-boot-starter-web-3.2.1.jar;C:\Users\damil\.m2\repository\org\springframework\boot\spring-boot-starter-json\3.2.1\spring-boot-starter-json-3.2.1.jar;C:\Users\damil\.m2\repository\com\fasterxml\jackson\datatype\jackson-datatype-jdk8\2.15.3\jackson-datatype-jdk8-2.15.3.jar;C:\Users\damil\.m2\repository\com\fasterxml\jackson\datatype\jackson-datatype-jsr310\2.15.3\jackson-datatype-jsr310-2.15.3.jar;C:\Users\damil\.m2\repository\com\fasterxml\jackson\module\jackson-module-parameter-names\2.15.3\jackson-module-parameter-names-2.15.3.jar;C:\Users\damil\.m2\repository\org\springframework\boot\spring-boot-starter-tomcat\3.2.1\spring-boot-starter-tomcat-3.2.1.jar;C:\Users\damil\.m2\repository\org\apache\tomcat\embed\tomcat-embed-core\10.1.17\tomcat-embed-core-10.1.17.jar;C:\Users\damil\.m2\repository\org\apache\tomcat\embed\tomcat-embed-websocket\10.1.17\tomcat-embed-websocket-10.1.17.jar;C:\Users\damil\.m2\repository\org\springframework\spring-web\6.1.2\spring-web-6.1.2.jar;C:\Users\damil\.m2\repository\io\micrometer\micrometer-observation\1.12.1\micrometer-observation-1.12.1.jar;C:\Users\damil\.m2\repository\io\micrometer\micrometer-commons\1.12.1\micrometer-commons-1.12.1.jar;C:\Users\damil\.m2\repository\org\springframework\spring-webmvc\6.1.2\spring-webmvc-6.1.2.jar;C:\Users\damil\.m2\repository\org\postgresql\postgresql\42.6.0\postgresql-42.6.0.jar;C:\Users\damil\.m2\repository\org\checkerframework\checker-qual\3.31.0\checker-qual-3.31.0.jar;C:\Users\damil\.m2\repository\io\jsonwebtoken\jjwt-api\0.11.5\jjwt-api-0.11.5.jar;C:\Users\damil\.m2\repository\io\jsonwebtoken\jjwt-impl\0.11.5\jjwt-impl-0.11.5.jar;C:\Users\damil\.m2\repository\io\jsonwebtoken\jjwt-jackson\0.11.5\jjwt-jackson-0.11.5.jar;C:\Users\damil\.m2\repository\com\fasterxml\jackson\core\jackson-databind\2.15.3\jackson-databind-2.15.3.jar;C:\Users\damil\.m2\repository\com\fasterxml\jackson\core\jackson-annotations\2.15.3\jackson-annotations-2.15.3.jar;C:\Users\damil\.m2\repository\com\fasterxml\jackson\core\jackson-core\2.15.3\jackson-core-2.15.3.jar;C:\Users\damil\.m2\repository\org\projectlombok\lombok\1.18.30\lombok-1.18.30.jar;C:\Users\damil\.m2\repository\org\modelmapper\modelmapper\3.0.0\modelmapper-3.0.0.jar;C:\Users\damil\.m2\repository\jakarta\validation\jakarta.validation-api\3.1.0-M1\jakarta.validation-api-3.1.0-M1.jar;C:\Users\damil\.m2\repository\org\apache\commons\commons-lang3\3.13.0\commons-lang3-3.13.0.jar;C:\Users\damil\.m2\repository\jakarta\xml\bind\jakarta.xml.bind-api\4.0.1\jakarta.xml.bind-api-4.0.1.jar;C:\Users\damil\.m2\repository\jakarta\activation\jakarta.activation-api\2.1.2\jakarta.activation-api-2.1.2.jar;C:\Users\damil\.m2\repository\org\springframework\spring-core\6.1.2\spring-core-6.1.2.jar;C:\Users\damil\.m2\repository\org\springframework\spring-jcl\6.1.2\spring-jcl-6.1.2.jar
Launcher Type: SUN_STANDARD

[Global flags]
     intx CICompilerCount                          = 4                                         {product} {ergonomic}
     uint ConcGCThreads                            = 2                                         {product} {ergonomic}
     uint G1ConcRefinementThreads                  = 8                                         {product} {ergonomic}
   size_t G1HeapRegionSize                         = 1048576                                   {product} {ergonomic}
    uintx GCDrainStackTargetSize                   = 64                                        {product} {ergonomic}
   size_t InitialHeapSize                          = 132120576                                 {product} {ergonomic}
   size_t MarkStackSize                            = 4194304                                   {product} {ergonomic}
   size_t MaxHeapSize                              = 2082471936                                {product} {ergonomic}
   size_t MaxNewSize                               = 1248854016                                {product} {ergonomic}
   size_t MinHeapDeltaBytes                        = 1048576                                   {product} {ergonomic}
   size_t MinHeapSize                              = 8388608                                   {product} {ergonomic}
    uintx NonNMethodCodeHeapSize                   = 5839372                                {pd product} {ergonomic}
    uintx NonProfiledCodeHeapSize                  = 122909434                              {pd product} {ergonomic}
    uintx ProfiledCodeHeapSize                     = 122909434                              {pd product} {ergonomic}
    uintx ReservedCodeCacheSize                    = 251658240                              {pd product} {ergonomic}
     bool SegmentedCodeCache                       = true                                      {product} {ergonomic}
   size_t SoftMaxHeapSize                          = 2082471936                             {manageable} {ergonomic}
     bool UseCompressedOops                        = true                           {product lp64_product} {ergonomic}
     bool UseG1GC                                  = true                                      {product} {ergonomic}
     bool UseLargePagesIndividualAllocation        = false                                  {pd product} {ergonomic}

Logging:
Log output configuration:
 #0: stdout all=warning uptime,level,tags foldmultilines=false
 #1: stderr all=off uptime,level,tags foldmultilines=false

Environment Variables:
JAVA_HOME=C:\Program Files\Java\jdk-21
PATH=C:\app\DamiAdeeso\product\12.2.0\dbhome_1\bin;C:\Program Files\Common Files\Oracle\Java\javapath;C:\Program Files (x86)\VMware\VMware Player\bin\;C:\WINDOWS\system32;C:\WINDOWS;C:\WINDOWS\System32\Wbem;C:\WINDOWS\System32\WindowsPowerShell\v1.0\;C:\WINDOWS\System32\OpenSSH\;C:\ProgramData\chocolatey\bin;C:\Program Files\Git\cmd;C:\Program Files\nodejs\;C:\Program Files\Docker\Docker\resources\bin;C:\Program Files\MySQL\MySQL Shell 8.0\bin\;C:\Users\damil\AppData\Local\Microsoft\WindowsApps;C:\Users\damil\AppData\Local\Android\Sdk\platform-tools;C:\Users\damil\AppData\Local\Programs\Microsoft VS Code Insiders\bin;C:\Users\damil\AppData\Local\GitHubDesktop\bin;C:\Users\damil\AppData\Roaming\npm;C:\ProgramData\HP\GitHubDesktop\bin;C:\Program Files\JetBrains\IntelliJ IDEA 2023.3.3\bin
USERNAME=HP
OS=Windows_NT
PROCESSOR_IDENTIFIER=Intel64 Family 6 Model 140 Stepping 2, GenuineIntel
TMP=C:\Users\damil\AppData\Local\Temp
TEMP=C:\Users\damil\AppData\Local\Temp




---------------  S Y S T E M  ---------------

OS:
 Windows 11 , 64 bit Build 22621 (10.0.22621.2506)
OS uptime: 3 days 7:06 hours
Hyper-V role detected

CPU: total 8 (initial active 8) (4 cores per cpu, 2 threads per core) family 6 model 140 stepping 2 microcode 0x28, cx8, cmov, fxsr, ht, mmx, 3dnowpref, sse, sse2, sse3, ssse3, sse4.1, sse4.2, popcnt, lzcnt, tsc, tscinvbit, avx, avx2, aes, erms, clmul, bmi1, bmi2, adx, avx512f, avx512dq, avx512cd, avx512bw, avx512vl, sha, fma, vzeroupper, avx512_vpopcntdq, avx512_vpclmulqdq, avx512_vaes, avx512_vnni, clflush, clflushopt, clwb, avx512_vbmi2, avx512_vbmi, hv, rdtscp, rdpid, fsrm, gfni, avx512_bitalg, f16c, cet_ibt, cet_ss, avx512_ifma
Processor Information for all 8 processors :
  Max Mhz: 2918, Current Mhz: 2918, Mhz Limit: 2918

Memory: 4k page, system-wide physical 7937M (413M free)
TotalPageFile size 32513M (AvailPageFile size 3M)
current process WorkingSet (physical memory assigned to process): 91M, peak: 91M
current process commit charge ("private bytes"): 229M, peak: 230M

vm_info: Java HotSpot(TM) 64-Bit Server VM (21+35-LTS-2513) for windows-amd64 JRE (21+35-LTS-2513), built on 2023-08-09T20:25:10Z by "mach5one" with MS VC++ 17.1 (VS2022)

END.
